#-----------------------------------------------------------
# Vivado v2017.4 (64-bit)
# SW Build 2086221 on Fri Dec 15 20:55:39 MST 2017
# IP Build 2085800 on Fri Dec 15 22:25:07 MST 2017
# Start of session at: Thu Nov 16 19:23:57 2023
# Process ID: 26256
# Current directory: C:/Users/pbartolome/OneDrive - Universidad de Alcala/Todo/16_QAM_Transmissor/QAM_ZP
# Command line: vivado.exe -gui_launcher_event rodinguilauncherevent22112 C:\Users\pbartolome\OneDrive - Universidad de Alcala\Todo\16_QAM_Transmissor\QAM_ZP\QAM_ZP.xpr
# Log file: C:/Users/pbartolome/OneDrive - Universidad de Alcala/Todo/16_QAM_Transmissor/QAM_ZP/vivado.log
# Journal file: C:/Users/pbartolome/OneDrive - Universidad de Alcala/Todo/16_QAM_Transmissor/QAM_ZP\vivado.jou
#-----------------------------------------------------------
start_gui
open_project {C:/Users/pbartolome/OneDrive - Universidad de Alcala/Todo/16_QAM_Transmissor/QAM_ZP/QAM_ZP.xpr}
INFO: [ProjectBase 1-489] The host OS only allows 260 characters in a normal path. The project is stored in a path with more than 80 characters. If you experience issues with IP, Block Designs, or files not being found, please consider moving the project to a location with a shorter path. Alternately consider using the OS subst command to map part of the path to a drive letter.
Current project path is 'C:/Users/pbartolome/OneDrive - Universidad de Alcala/Todo/16_QAM_Transmissor/QAM_ZP'
INFO: [Project 1-313] Project file moved from 'C:/Users/Paula/OneDrive - Universidad de Alcala/Todo/16_QAM_Transmissor/QAM_ZP' since last save.
Scanning sources...
Finished scanning sources
INFO: [IP_Flow 19-234] Refreshing IP repositories
INFO: [IP_Flow 19-1704] No user IP repositories specified
INFO: [IP_Flow 19-2313] Loaded Vivado IP repository 'C:/Xilinx/Vivado/2017.4/data/ip'.
open_project: Time (s): cpu = 00:00:04 ; elapsed = 00:00:06 . Memory (MB): peak = 773.883 ; gain = 68.273
update_compile_order -fileset sources_1eexit
INFO: [Common 17-206] Exiting Vivado at Thu Nov 16 19:25:26 2023...
