Vivado Simulator 2017.4
Copyright 1986-1999, 2001-2016 Xilinx, Inc. All Rights Reserved.
Running: C:/Xilinx/Vivado/2017.4/bin/unwrapped/win64.o/xelab.exe -wto e06165ee33124632814c5567ac626386 --incr --debug typical --relax --mt 2 -L xil_defaultlib -L xlslice_v1_0_1 -L fifo_generator_v13_2_1 -L unisims_ver -L unimacro_ver -L secureip -L xpm --snapshot prueba_xadc_tb_behav xil_defaultlib.prueba_xadc_tb xil_defaultlib.glbl -log elaborate.log 
Using 2 slave threads.
Starting static elaboration
Completed static elaboration
Starting simulation data flow analysis
Completed simulation data flow analysis
Time Resolution for simulation is 1ps
Compiling package std.standard
Compiling package std.textio
Compiling package ieee.std_logic_1164
Compiling package ieee.std_logic_arith
Compiling package ieee.std_logic_unsigned
Compiling package ieee.std_logic_textio
Compiling package ieee.numeric_std
Compiling package unisim.vcomponents
Compiling package ieee.std_logic_signed
Compiling package ieee.vital_timing
Compiling package ieee.vital_primitives
Compiling package unisim.vpkg
Compiling package vl.vl_types
Compiling module xil_defaultlib.glbl
Compiling module fifo_generator_v13_2_1.fifo_generator_v13_2_1_sync_stag...
Compiling module fifo_generator_v13_2_1.fifo_generator_v13_2_1_bhv_ver_a...
Compiling module fifo_generator_v13_2_1.fifo_generator_v13_2_1_CONV_VER(...
Compiling module fifo_generator_v13_2_1.fifo_generator_vlog_beh(C_DATA_C...
Compiling module fifo_generator_v13_2_1.fifo_generator_v13_2_1(C_EN_SAFE...
Compiling module xil_defaultlib.design_1_fifo_generator_0_0
Compiling architecture xadc_v of entity unisim.XADC [\XADC(init_40="0000000000000011"...]
Compiling architecture xilinx of entity xil_defaultlib.design_1_xadc_wiz_0_0 [design_1_xadc_wiz_0_0_default]
Compiling module xlslice_v1_0_1.xlslice_v1_0_1_xlslice(DIN_WIDTH...
Compiling module xil_defaultlib.design_1_xlslice_0_0
Compiling architecture structure of entity xil_defaultlib.design_1 [design_1_default]
Compiling architecture behavioral of entity xil_defaultlib.prueba_xadc_tb
Built simulation snapshot prueba_xadc_tb_behav
