#-----------------------------------------------------------
# Vivado v2017.4 (64-bit)
# SW Build 2086221 on Fri Dec 15 20:55:39 MST 2017
# IP Build 2085800 on Fri Dec 15 22:25:07 MST 2017
# Start of session at: Tue Jan  2 13:14:20 2024
# Process ID: 11260
# Current directory: C:/Users/Paula/Downloads/mezclador
# Command line: vivado.exe -gui_launcher_event rodinguilauncherevent13816 C:\Users\Paula\Downloads\mezclador\mezclador.xpr
# Log file: C:/Users/Paula/Downloads/mezclador/vivado.log
# Journal file: C:/Users/Paula/Downloads/mezclador\vivado.jou
#-----------------------------------------------------------
start_gui
open_project C:/Users/Paula/Downloads/mezclador/mezclador.xpr
Scanning sources...
Finished scanning sources
INFO: [IP_Flow 19-234] Refreshing IP repositories
INFO: [IP_Flow 19-1704] No user IP repositories specified
INFO: [IP_Flow 19-2313] Loaded Vivado IP repository 'D:/Xilinx/Vivado/2017.4/data/ip'.
create_bd_design "design_1"
Wrote  : <C:/Users/Paula/Downloads/mezclador/mezclador.srcs/sources_1/bd/design_1/design_1.bd> 
create_bd_design: Time (s): cpu = 00:00:08 ; elapsed = 00:00:07 . Memory (MB): peak = 800.609 ; gain = 59.078
update_compile_order -fileset sources_1
startgroup
create_bd_cell -type ip -vlnv xilinx.com:ip:dds_compiler:6.0 dds_compiler_0
endgroup
save_bd_design
Wrote  : <C:/Users/Paula/Downloads/mezclador/mezclador.srcs/sources_1/bd/design_1/design_1.bd> 
Wrote  : <C:/Users/Paula/Downloads/mezclador/mezclador.srcs/sources_1/bd/design_1/ui/bd_1f5defd0.ui> 
exit
INFO: [Common 17-206] Exiting Vivado at Tue Jan  2 15:37:14 2024...
