#-----------------------------------------------------------
# Vivado v2017.4 (64-bit)
# SW Build 2086221 on Fri Dec 15 20:55:39 MST 2017
# IP Build 2085800 on Fri Dec 15 22:25:07 MST 2017
# Start of session at: Thu Jan 18 11:38:20 2024
# Process ID: 19328
# Current directory: C:/Users/Paula/OneDrive - Universidad de Alcala/Todo/16_QAM_Transmissor/mezclador
# Command line: vivado.exe -gui_launcher_event rodinguilauncherevent22140 C:\Users\Paula\OneDrive - Universidad de Alcala\Todo\16_QAM_Transmissor\mezclador\mezclador.xpr
# Log file: C:/Users/Paula/OneDrive - Universidad de Alcala/Todo/16_QAM_Transmissor/mezclador/vivado.log
# Journal file: C:/Users/Paula/OneDrive - Universidad de Alcala/Todo/16_QAM_Transmissor/mezclador\vivado.jou
#-----------------------------------------------------------
start_gui
open_project {C:/Users/Paula/OneDrive - Universidad de Alcala/Todo/16_QAM_Transmissor/mezclador/mezclador.xpr}
INFO: [ProjectBase 1-489] The host OS only allows 260 characters in a normal path. The project is stored in a path with more than 80 characters. If you experience issues with IP, Block Designs, or files not being found, please consider moving the project to a location with a shorter path. Alternately consider using the OS subst command to map part of the path to a drive letter.
Current project path is 'C:/Users/Paula/OneDrive - Universidad de Alcala/Todo/16_QAM_Transmissor/mezclador'
INFO: [Project 1-313] Project file moved from 'C:/Users/Paula/Downloads/mezclador' since last save.
Scanning sources...
Finished scanning sources
INFO: [IP_Flow 19-234] Refreshing IP repositories
INFO: [IP_Flow 19-1704] No user IP repositories specified
INFO: [IP_Flow 19-2313] Loaded Vivado IP repository 'D:/Xilinx/Vivado/2017.4/data/ip'.
WARNING: [IP_Flow 19-3664] IP 'design_1_dds_compiler_0_0' generated file not found 'c:/Users/Paula/OneDrive - Universidad de Alcala/Todo/16_QAM_Transmissor/mezclador/mezclador.srcs/sources_1/bd/design_1/ip/design_1_dds_compiler_0_0/design_1_dds_compiler_0_0.dcp'. Please regenerate to continue.
WARNING: [IP_Flow 19-3664] IP 'design_1_dds_compiler_0_0' generated file not found 'c:/Users/Paula/OneDrive - Universidad de Alcala/Todo/16_QAM_Transmissor/mezclador/mezclador.srcs/sources_1/bd/design_1/ip/design_1_dds_compiler_0_0/design_1_dds_compiler_0_0_stub.v'. Please regenerate to continue.
WARNING: [IP_Flow 19-3664] IP 'design_1_dds_compiler_0_0' generated file not found 'c:/Users/Paula/OneDrive - Universidad de Alcala/Todo/16_QAM_Transmissor/mezclador/mezclador.srcs/sources_1/bd/design_1/ip/design_1_dds_compiler_0_0/design_1_dds_compiler_0_0_stub.vhdl'. Please regenerate to continue.
WARNING: [IP_Flow 19-3664] IP 'design_1_dds_compiler_0_0' generated file not found 'c:/Users/Paula/OneDrive - Universidad de Alcala/Todo/16_QAM_Transmissor/mezclador/mezclador.srcs/sources_1/bd/design_1/ip/design_1_dds_compiler_0_0/design_1_dds_compiler_0_0_sim_netlist.v'. Please regenerate to continue.
WARNING: [IP_Flow 19-3664] IP 'design_1_dds_compiler_0_0' generated file not found 'c:/Users/Paula/OneDrive - Universidad de Alcala/Todo/16_QAM_Transmissor/mezclador/mezclador.srcs/sources_1/bd/design_1/ip/design_1_dds_compiler_0_0/design_1_dds_compiler_0_0_sim_netlist.vhdl'. Please regenerate to continue.
WARNING: [IP_Flow 19-3664] IP 'design_1_xbip_dsp48_macro_0_1' generated file not found 'c:/Users/Paula/OneDrive - Universidad de Alcala/Todo/16_QAM_Transmissor/mezclador/mezclador.srcs/sources_1/bd/design_1/ip/design_1_xbip_dsp48_macro_0_1/design_1_xbip_dsp48_macro_0_1.dcp'. Please regenerate to continue.
WARNING: [IP_Flow 19-3664] IP 'design_1_xbip_dsp48_macro_0_1' generated file not found 'c:/Users/Paula/OneDrive - Universidad de Alcala/Todo/16_QAM_Transmissor/mezclador/mezclador.srcs/sources_1/bd/design_1/ip/design_1_xbip_dsp48_macro_0_1/design_1_xbip_dsp48_macro_0_1_stub.v'. Please regenerate to continue.
WARNING: [IP_Flow 19-3664] IP 'design_1_xbip_dsp48_macro_0_1' generated file not found 'c:/Users/Paula/OneDrive - Universidad de Alcala/Todo/16_QAM_Transmissor/mezclador/mezclador.srcs/sources_1/bd/design_1/ip/design_1_xbip_dsp48_macro_0_1/design_1_xbip_dsp48_macro_0_1_stub.vhdl'. Please regenerate to continue.
WARNING: [IP_Flow 19-3664] IP 'design_1_xbip_dsp48_macro_0_1' generated file not found 'c:/Users/Paula/OneDrive - Universidad de Alcala/Todo/16_QAM_Transmissor/mezclador/mezclador.srcs/sources_1/bd/design_1/ip/design_1_xbip_dsp48_macro_0_1/design_1_xbip_dsp48_macro_0_1_sim_netlist.v'. Please regenerate to continue.
WARNING: [IP_Flow 19-3664] IP 'design_1_xbip_dsp48_macro_0_1' generated file not found 'c:/Users/Paula/OneDrive - Universidad de Alcala/Todo/16_QAM_Transmissor/mezclador/mezclador.srcs/sources_1/bd/design_1/ip/design_1_xbip_dsp48_macro_0_1/design_1_xbip_dsp48_macro_0_1_sim_netlist.vhdl'. Please regenerate to continue.
WARNING: [IP_Flow 19-3664] IP 'design_1_mult_gen_0_0' generated file not found 'c:/Users/Paula/OneDrive - Universidad de Alcala/Todo/16_QAM_Transmissor/mezclador/mezclador.srcs/sources_1/bd/design_1/ip/design_1_mult_gen_0_0/design_1_mult_gen_0_0.dcp'. Please regenerate to continue.
WARNING: [IP_Flow 19-3664] IP 'design_1_mult_gen_0_0' generated file not found 'c:/Users/Paula/OneDrive - Universidad de Alcala/Todo/16_QAM_Transmissor/mezclador/mezclador.srcs/sources_1/bd/design_1/ip/design_1_mult_gen_0_0/design_1_mult_gen_0_0_stub.v'. Please regenerate to continue.
WARNING: [IP_Flow 19-3664] IP 'design_1_mult_gen_0_0' generated file not found 'c:/Users/Paula/OneDrive - Universidad de Alcala/Todo/16_QAM_Transmissor/mezclador/mezclador.srcs/sources_1/bd/design_1/ip/design_1_mult_gen_0_0/design_1_mult_gen_0_0_stub.vhdl'. Please regenerate to continue.
WARNING: [IP_Flow 19-3664] IP 'design_1_mult_gen_0_0' generated file not found 'c:/Users/Paula/OneDrive - Universidad de Alcala/Todo/16_QAM_Transmissor/mezclador/mezclador.srcs/sources_1/bd/design_1/ip/design_1_mult_gen_0_0/design_1_mult_gen_0_0_sim_netlist.v'. Please regenerate to continue.
WARNING: [IP_Flow 19-3664] IP 'design_1_mult_gen_0_0' generated file not found 'c:/Users/Paula/OneDrive - Universidad de Alcala/Todo/16_QAM_Transmissor/mezclador/mezclador.srcs/sources_1/bd/design_1/ip/design_1_mult_gen_0_0/design_1_mult_gen_0_0_sim_netlist.vhdl'. Please regenerate to continue.
WARNING: [IP_Flow 19-3664] IP 'design_1_clk_wiz_0_0' generated file not found 'c:/Users/Paula/OneDrive - Universidad de Alcala/Todo/16_QAM_Transmissor/mezclador/mezclador.srcs/sources_1/bd/design_1/ip/design_1_clk_wiz_0_0/design_1_clk_wiz_0_0.dcp'. Please regenerate to continue.
WARNING: [IP_Flow 19-3664] IP 'design_1_clk_wiz_0_0' generated file not found 'c:/Users/Paula/OneDrive - Universidad de Alcala/Todo/16_QAM_Transmissor/mezclador/mezclador.srcs/sources_1/bd/design_1/ip/design_1_clk_wiz_0_0/design_1_clk_wiz_0_0_stub.v'. Please regenerate to continue.
WARNING: [IP_Flow 19-3664] IP 'design_1_clk_wiz_0_0' generated file not found 'c:/Users/Paula/OneDrive - Universidad de Alcala/Todo/16_QAM_Transmissor/mezclador/mezclador.srcs/sources_1/bd/design_1/ip/design_1_clk_wiz_0_0/design_1_clk_wiz_0_0_stub.vhdl'. Please regenerate to continue.
WARNING: [IP_Flow 19-3664] IP 'design_1_clk_wiz_0_0' generated file not found 'c:/Users/Paula/OneDrive - Universidad de Alcala/Todo/16_QAM_Transmissor/mezclador/mezclador.srcs/sources_1/bd/design_1/ip/design_1_clk_wiz_0_0/design_1_clk_wiz_0_0_sim_netlist.v'. Please regenerate to continue.
WARNING: [IP_Flow 19-3664] IP 'design_1_clk_wiz_0_0' generated file not found 'c:/Users/Paula/OneDrive - Universidad de Alcala/Todo/16_QAM_Transmissor/mezclador/mezclador.srcs/sources_1/bd/design_1/ip/design_1_clk_wiz_0_0/design_1_clk_wiz_0_0_sim_netlist.vhdl'. Please regenerate to continue.
WARNING: [IP_Flow 19-3664] IP 'design_1_sim_clk_gen_0_0' generated file not found 'c:/Users/Paula/OneDrive - Universidad de Alcala/Todo/16_QAM_Transmissor/mezclador/mezclador.srcs/sources_1/bd/design_1/ip/design_1_sim_clk_gen_0_0/design_1_sim_clk_gen_0_0.dcp'. Please regenerate to continue.
WARNING: [IP_Flow 19-3664] IP 'design_1_sim_clk_gen_0_0' generated file not found 'c:/Users/Paula/OneDrive - Universidad de Alcala/Todo/16_QAM_Transmissor/mezclador/mezclador.srcs/sources_1/bd/design_1/ip/design_1_sim_clk_gen_0_0/design_1_sim_clk_gen_0_0_stub.v'. Please regenerate to continue.
WARNING: [IP_Flow 19-3664] IP 'design_1_sim_clk_gen_0_0' generated file not found 'c:/Users/Paula/OneDrive - Universidad de Alcala/Todo/16_QAM_Transmissor/mezclador/mezclador.srcs/sources_1/bd/design_1/ip/design_1_sim_clk_gen_0_0/design_1_sim_clk_gen_0_0_stub.vhdl'. Please regenerate to continue.
WARNING: [IP_Flow 19-3664] IP 'design_1_sim_clk_gen_0_0' generated file not found 'c:/Users/Paula/OneDrive - Universidad de Alcala/Todo/16_QAM_Transmissor/mezclador/mezclador.srcs/sources_1/bd/design_1/ip/design_1_sim_clk_gen_0_0/design_1_sim_clk_gen_0_0_sim_netlist.v'. Please regenerate to continue.
WARNING: [IP_Flow 19-3664] IP 'design_1_sim_clk_gen_0_0' generated file not found 'c:/Users/Paula/OneDrive - Universidad de Alcala/Todo/16_QAM_Transmissor/mezclador/mezclador.srcs/sources_1/bd/design_1/ip/design_1_sim_clk_gen_0_0/design_1_sim_clk_gen_0_0_sim_netlist.vhdl'. Please regenerate to continue.
open_project: Time (s): cpu = 00:00:10 ; elapsed = 00:00:10 . Memory (MB): peak = 705.797 ; gain = 72.320
open_bd_design {C:/Users/Paula/OneDrive - Universidad de Alcala/Todo/16_QAM_Transmissor/mezclador/mezclador.srcs/sources_1/bd/design_1/design_1.bd}
Adding cell -- xilinx.com:ip:dds_compiler:6.0 - dds_compiler_0
Adding cell -- xilinx.com:ip:xlslice:1.0 - seno
Adding cell -- xilinx.com:ip:xlslice:1.0 - coseno
Adding cell -- xilinx.com:ip:xbip_dsp48_macro:3.0 - sumador
Adding cell -- xilinx.com:ip:mult_gen:12.0 - mult_gen_0
Adding cell -- xilinx.com:ip:mult_gen:12.0 - mult_gen_1
Adding cell -- xilinx.com:ip:clk_wiz:5.4 - clk_wiz_0
Adding cell -- xilinx.com:ip:sim_clk_gen:1.0 - sim_clk_gen_0
Successfully read diagram <design_1> from BD file <C:/Users/Paula/OneDrive - Universidad de Alcala/Todo/16_QAM_Transmissor/mezclador/mezclador.srcs/sources_1/bd/design_1/design_1.bd>
open_bd_design: Time (s): cpu = 00:00:10 ; elapsed = 00:00:13 . Memory (MB): peak = 794.191 ; gain = 86.086
update_compile_order -fileset sources_1
exit
INFO: [Common 17-206] Exiting Vivado at Thu Jan 18 11:39:30 2024...
