Vivado Simulator 2017.4
Copyright 1986-1999, 2001-2016 Xilinx, Inc. All Rights Reserved.
Running: D:/Xilinx/Vivado/2017.4/bin/unwrapped/win64.o/xelab.exe -wto 82afaa96a0be45a794b994c63437d643 --debug typical --relax --mt 2 -L xbip_utils_v3_0_8 -L axi_utils_v2_0_4 -L xbip_pipe_v3_0_4 -L xbip_bram18k_v3_0_4 -L mult_gen_v12_0_13 -L xbip_dsp48_wrapper_v3_0_4 -L xbip_dsp48_addsub_v3_0_4 -L xbip_dsp48_multadd_v3_0_4 -L dds_compiler_v6_0_15 -L xil_defaultlib -L xlslice_v1_0_1 -L xbip_dsp48_macro_v3_0_15 -L unisims_ver -L unimacro_ver -L secureip -L xpm --snapshot tb_mezclador_behav xil_defaultlib.tb_mezclador xil_defaultlib.glbl -log elaborate.log 
Using 2 slave threads.
Starting static elaboration
Completed static elaboration
Starting simulation data flow analysis
Completed simulation data flow analysis
Time Resolution for simulation is 1ps
Compiling package std.standard
Compiling package std.textio
Compiling package ieee.std_logic_1164
Compiling package ieee.std_logic_textio
Compiling package ieee.numeric_std
Compiling package ieee.std_logic_arith
Compiling package ieee.std_logic_unsigned
Compiling package unisim.vcomponents
Compiling package xbip_utils_v3_0_8.xbip_utils_v3_0_8_pkg
Compiling package xbip_utils_v3_0_8.xcc_utils_v3_0
Compiling package dds_compiler_v6_0_15.dds_compiler_v6_0_15_viv_comp
Compiling package ieee.std_logic_signed
Compiling package dds_compiler_v6_0_15.pkg_dds_compiler_v6_0_15
Compiling package dds_compiler_v6_0_15.dds_compiler_v6_0_15_hdl_comps
Compiling package xbip_pipe_v3_0_4.xbip_pipe_v3_0_4_viv_comp
Compiling package axi_utils_v2_0_4.axi_utils_v2_0_4_pkg
Compiling package ieee.math_real
Compiling package axi_utils_v2_0_4.global_util_pkg
Compiling package axi_utils_v2_0_4.axi_utils_comps
Compiling package dds_compiler_v6_0_15.pkg_betas
Compiling package dds_compiler_v6_0_15.pkg_alphas
Compiling package mult_gen_v12_0_13.mult_gen_v12_0_13_viv_comp
Compiling package mult_gen_v12_0_13.mult_gen_v12_0_13_pkg
Compiling package ieee.vital_timing
Compiling package ieee.vital_primitives
Compiling package unisim.vpkg
Compiling package xbip_dsp48_macro_v3_0_15.xbip_dsp48_macro_v3_0_15_viv_com...
Compiling package xbip_dsp48_macro_v3_0_15.xbip_dsp48_macro_v3_0_15_pkg
Compiling package vl.vl_types
Compiling module xil_defaultlib.glbl
Compiling module xlslice_v1_0_1.xlslice_v1_0_1_xlslice(DIN_WIDTH...
Compiling module xil_defaultlib.design_1_xlslice_0_1
Compiling architecture synth of entity xbip_pipe_v3_0_4.xbip_pipe_v3_0_4_viv [\xbip_pipe_v3_0_4_viv(c_latency=...]
Compiling architecture synth of entity xbip_pipe_v3_0_4.xbip_pipe_v3_0_4_viv [\xbip_pipe_v3_0_4_viv(c_latency=...]
Compiling architecture synth of entity dds_compiler_v6_0_15.dds_compiler_v6_0_15_rdy [\dds_compiler_v6_0_15_rdy(c_has_...]
Compiling architecture synth of entity xbip_pipe_v3_0_4.xbip_pipe_v3_0_4_viv [\xbip_pipe_v3_0_4_viv(c_latency=...]
Compiling architecture synth of entity xbip_pipe_v3_0_4.xbip_pipe_v3_0_4_viv [\xbip_pipe_v3_0_4_viv(c_latency=...]
Compiling architecture synth of entity xbip_pipe_v3_0_4.xbip_pipe_v3_0_4_viv [\xbip_pipe_v3_0_4_viv(c_has_ce=1...]
Compiling architecture synth of entity xbip_pipe_v3_0_4.xbip_pipe_v3_0_4_viv [\xbip_pipe_v3_0_4_viv(c_has_ce=1...]
Compiling architecture synth of entity xbip_pipe_v3_0_4.xbip_pipe_v3_0_4_viv [\xbip_pipe_v3_0_4_viv(c_has_ce=1...]
Compiling architecture synth of entity xbip_pipe_v3_0_4.xbip_pipe_v3_0_4_viv [\xbip_pipe_v3_0_4_viv(c_latency=...]
Compiling architecture synth of entity dds_compiler_v6_0_15.pipe_add [\pipe_add(c_width=30,c_num_segs=...]
Compiling architecture synth of entity dds_compiler_v6_0_15.accum [\accum(c_xdevicefamily="kintex7"...]
Compiling architecture synth of entity xbip_pipe_v3_0_4.xbip_pipe_v3_0_4_viv [\xbip_pipe_v3_0_4_viv(c_latency=...]
Compiling architecture synth of entity xbip_pipe_v3_0_4.xbip_pipe_v3_0_4_viv [\xbip_pipe_v3_0_4_viv(c_has_ce=1...]
Compiling architecture synth of entity xbip_pipe_v3_0_4.xbip_pipe_v3_0_4_viv [\xbip_pipe_v3_0_4_viv(c_has_ce=1...]
Compiling architecture synth of entity dds_compiler_v6_0_15.sin_cos [\sin_cos(c_xdevicefamily="kintex...]
Compiling architecture synth of entity xbip_pipe_v3_0_4.xbip_pipe_v3_0_4_viv [\xbip_pipe_v3_0_4_viv(c_has_ce=1...]
Compiling architecture synth of entity dds_compiler_v6_0_15.dds_compiler_v6_0_15_core [\dds_compiler_v6_0_15_core(c_xde...]
Compiling architecture synth of entity dds_compiler_v6_0_15.dds_compiler_v6_0_15_viv [\dds_compiler_v6_0_15_viv(c_xdev...]
Compiling architecture xilinx of entity dds_compiler_v6_0_15.dds_compiler_v6_0_15 [\dds_compiler_v6_0_15(c_xdevicef...]
Compiling architecture design_1_dds_compiler_0_0_arch of entity xil_defaultlib.design_1_dds_compiler_0_0 [design_1_dds_compiler_0_0_defaul...]
Compiling architecture lut2_v of entity unisim.LUT2 [\LUT2(init="1000")(0,3)\]
Compiling architecture mult_and_v of entity unisim.MULT_AND [mult_and_default]
Compiling architecture muxcy_v of entity unisim.MUXCY [muxcy_default]
Compiling architecture xorcy_v of entity unisim.XORCY [xorcy_default]
Compiling architecture xilinx of entity mult_gen_v12_0_13.op_resize [\op_resize(ai_width=24,bi_width=...]
Compiling architecture xilinx of entity mult_gen_v12_0_13.luts [\luts(c_xdevicefamily="kintex7",...]
Compiling architecture xilinx of entity mult_gen_v12_0_13.mult_gen_v12_0_13_viv [\mult_gen_v12_0_13_viv(c_verbosi...]
Compiling architecture xilinx of entity mult_gen_v12_0_13.mult_gen_v12_0_13 [\mult_gen_v12_0_13(c_xdevicefami...]
Compiling architecture design_1_mult_gen_0_0_arch of entity xil_defaultlib.design_1_mult_gen_0_0 [design_1_mult_gen_0_0_default]
Compiling architecture design_1_mult_gen_0_1_arch of entity xil_defaultlib.design_1_mult_gen_0_1 [design_1_mult_gen_0_1_default]
Compiling module xlslice_v1_0_1.xlslice_v1_0_1_xlslice(DIN_WIDTH...
Compiling module xil_defaultlib.design_1_xlslice_0_0
Compiling architecture synth of entity xbip_pipe_v3_0_4.xbip_pipe_v3_0_4_viv [\xbip_pipe_v3_0_4_viv(c_latency=...]
Compiling architecture synth of entity xbip_pipe_v3_0_4.xbip_pipe_v3_0_4_viv [\xbip_pipe_v3_0_4_viv(c_width=32...]
Compiling architecture dsp48e1_v of entity unisim.DSP48E1 [\DSP48E1(acascreg=2,adreg=0,areg...]
Compiling architecture synth of entity xbip_dsp48_wrapper_v3_0_4.xbip_dsp48e1_wrapper_v3_0 [\xbip_dsp48e1_wrapper_v3_0(areg=...]
Compiling architecture synth of entity xbip_pipe_v3_0_4.xbip_pipe_v3_0_4_viv [\xbip_pipe_v3_0_4_viv(c_width=18...]
Compiling architecture synth of entity xbip_pipe_v3_0_4.xbip_pipe_v3_0_4_viv [\xbip_pipe_v3_0_4_viv(c_latency=...]
Compiling architecture synth of entity xbip_pipe_v3_0_4.xbip_pipe_v3_0_4_viv [\xbip_pipe_v3_0_4_viv(c_width=24...]
Compiling architecture synth of entity xbip_pipe_v3_0_4.xbip_pipe_v3_0_4_viv [\xbip_pipe_v3_0_4_viv(c_latency=...]
Compiling architecture synth of entity xbip_pipe_v3_0_4.xbip_pipe_v3_0_4_viv [\xbip_pipe_v3_0_4_viv(1,1)(1,1)\]
Compiling architecture synth of entity xbip_pipe_v3_0_4.xbip_pipe_v3_0_4_viv [\xbip_pipe_v3_0_4_viv(c_latency=...]
Compiling architecture synth of entity xbip_dsp48_macro_v3_0_15.xbip_dsp48_macro_synth [\xbip_dsp48_macro_synth(c_xdevic...]
Compiling architecture synth of entity xbip_dsp48_macro_v3_0_15.xbip_dsp48_macro_v3_0_15_viv [\xbip_dsp48_macro_v3_0_15_viv(c_...]
Compiling architecture xilinx of entity xbip_dsp48_macro_v3_0_15.xbip_dsp48_macro_v3_0_15 [\xbip_dsp48_macro_v3_0_15(c_xdev...]
Compiling architecture design_1_xbip_dsp48_macro_0_1_arch of entity xil_defaultlib.design_1_xbip_dsp48_macro_0_1 [design_1_xbip_dsp48_macro_0_1_de...]
Compiling architecture structure of entity xil_defaultlib.design_1 [design_1_default]
Compiling architecture tb of entity xil_defaultlib.tb_mezclador
Built simulation snapshot tb_mezclador_behav
