#-----------------------------------------------------------
# Vivado v2017.4 (64-bit)
# SW Build 2086221 on Fri Dec 15 20:55:39 MST 2017
# IP Build 2085800 on Fri Dec 15 22:25:07 MST 2017
# Start of session at: Fri Nov 17 13:48:44 2023
# Process ID: 3576
# Current directory: C:/Users/Paula/Downloads/map_qam
# Command line: vivado.exe -gui_launcher_event rodinguilauncherevent15636 C:\Users\Paula\Downloads\map_qam\map_qam.xpr
# Log file: C:/Users/Paula/Downloads/map_qam/vivado.log
# Journal file: C:/Users/Paula/Downloads/map_qam\vivado.jou
#-----------------------------------------------------------
start_gui
open_project C:/Users/Paula/Downloads/map_qam/map_qam.xpr
INFO: [Project 1-313] Project file moved from 'C:/Users/pbartolome/Downloads/map_qam' since last save.
Scanning sources...
Finished scanning sources
INFO: [IP_Flow 19-234] Refreshing IP repositories
INFO: [IP_Flow 19-1704] No user IP repositories specified
INFO: [IP_Flow 19-2313] Loaded Vivado IP repository 'D:/Xilinx/Vivado/2017.4/data/ip'.
update_compile_order -fileset sources_1
launch_simulation
INFO: [Vivado 12-5682] Launching behavioral simulation in 'C:/Users/Paula/Downloads/map_qam/map_qam.sim/sim_1/behav/xsim'
INFO: [SIM-utils-51] Simulation object is 'sim_1'
INFO: [SIM-utils-54] Inspecting design source files for 'tb_mapeado_16QAM' in fileset 'sim_1'...
INFO: [USF-XSim-97] Finding global include files...
INFO: [USF-XSim-98] Fetching design files from 'sim_1'...
INFO: [USF-XSim-2] XSim::Compile design
INFO: [USF-XSim-61] Executing 'COMPILE and ANALYZE' step in 'C:/Users/Paula/Downloads/map_qam/map_qam.sim/sim_1/behav/xsim'
"xvhdl --incr --relax -prj tb_mapeado_16QAM_vhdl.prj"
INFO: [VRFC 10-163] Analyzing VHDL file "C:/Users/Paula/Downloads/map_qam/map_qam.srcs/sources_1/new/mapeado_16QAM_I.vhd" into library xil_defaultlib
INFO: [VRFC 10-307] analyzing entity mapeado_16QAM_I
INFO: [VRFC 10-163] Analyzing VHDL file "C:/Users/Paula/Downloads/map_qam/map_qam.srcs/sources_1/new/mapeado_16QAM_Q.vhd" into library xil_defaultlib
INFO: [VRFC 10-307] analyzing entity mapeado_16QAM_Q
INFO: [VRFC 10-163] Analyzing VHDL file "C:/Users/Paula/Downloads/map_qam/map_qam.srcs/sim_1/new/tb_mapeado_16QAM.vhd" into library xil_defaultlib
INFO: [VRFC 10-307] analyzing entity tb_mapeado_16QAM
run_program: Time (s): cpu = 00:00:01 ; elapsed = 00:00:08 . Memory (MB): peak = 860.613 ; gain = 2.723
INFO: [USF-XSim-69] 'compile' step finished in '9' seconds
INFO: [USF-XSim-3] XSim::Elaborate design
INFO: [USF-XSim-61] Executing 'ELABORATE' step in 'C:/Users/Paula/Downloads/map_qam/map_qam.sim/sim_1/behav/xsim'
Vivado Simulator 2017.4
Copyright 1986-1999, 2001-2016 Xilinx, Inc. All Rights Reserved.
Running: D:/Xilinx/Vivado/2017.4/bin/unwrapped/win64.o/xelab.exe -wto fa628f42c5f4497dafeea3dc78a09eaf --incr --debug typical --relax --mt 2 -L xil_defaultlib -L secureip --snapshot tb_mapeado_16QAM_behav xil_defaultlib.tb_mapeado_16QAM -log elaborate.log 
Using 2 slave threads.
Starting static elaboration
ERROR: [VRFC 10-718] formal port <salida_I> does not exist in entity <mapeado_16QAM_I>.  Please compare the definition of block <mapeado_16QAM_I> to its component declaration and its instantion to detect the mismatch. [C:/Users/Paula/Downloads/map_qam/map_qam.srcs/sim_1/new/tb_mapeado_16QAM.vhd:22]
ERROR: [XSIM 43-3321] Static elaboration of top level VHDL design unit tb_mapeado_16qam in library work failed.
INFO: [USF-XSim-69] 'elaborate' step finished in '2' seconds
INFO: [USF-XSim-99] Step results log file:'C:/Users/Paula/Downloads/map_qam/map_qam.sim/sim_1/behav/xsim/elaborate.log'
ERROR: [USF-XSim-62] 'elaborate' step failed with error(s). Please check the Tcl console output or 'C:/Users/Paula/Downloads/map_qam/map_qam.sim/sim_1/behav/xsim/elaborate.log' file for more information.
ERROR: [Vivado 12-4473] Detected error while running simulation. Please correct the issue and retry this operation.
launch_simulation: Time (s): cpu = 00:00:02 ; elapsed = 00:00:12 . Memory (MB): peak = 864.902 ; gain = 7.707
ERROR: [Common 17-39] 'launch_simulation' failed due to earlier errors.
launch_simulation
INFO: [Vivado 12-5682] Launching behavioral simulation in 'C:/Users/Paula/Downloads/map_qam/map_qam.sim/sim_1/behav/xsim'
INFO: [SIM-utils-51] Simulation object is 'sim_1'
INFO: [SIM-utils-54] Inspecting design source files for 'tb_mapeado_16QAM' in fileset 'sim_1'...
INFO: [USF-XSim-97] Finding global include files...
INFO: [USF-XSim-98] Fetching design files from 'sim_1'...
INFO: [USF-XSim-2] XSim::Compile design
INFO: [USF-XSim-61] Executing 'COMPILE and ANALYZE' step in 'C:/Users/Paula/Downloads/map_qam/map_qam.sim/sim_1/behav/xsim'
"xvhdl --incr --relax -prj tb_mapeado_16QAM_vhdl.prj"
INFO: [VRFC 10-163] Analyzing VHDL file "C:/Users/Paula/Downloads/map_qam/map_qam.srcs/sim_1/new/tb_mapeado_16QAM.vhd" into library xil_defaultlib
INFO: [VRFC 10-307] analyzing entity tb_mapeado_16QAM
INFO: [USF-XSim-69] 'compile' step finished in '1' seconds
INFO: [USF-XSim-3] XSim::Elaborate design
INFO: [USF-XSim-61] Executing 'ELABORATE' step in 'C:/Users/Paula/Downloads/map_qam/map_qam.sim/sim_1/behav/xsim'
Vivado Simulator 2017.4
Copyright 1986-1999, 2001-2016 Xilinx, Inc. All Rights Reserved.
Running: D:/Xilinx/Vivado/2017.4/bin/unwrapped/win64.o/xelab.exe -wto fa628f42c5f4497dafeea3dc78a09eaf --incr --debug typical --relax --mt 2 -L xil_defaultlib -L secureip --snapshot tb_mapeado_16QAM_behav xil_defaultlib.tb_mapeado_16QAM -log elaborate.log 
Using 2 slave threads.
Starting static elaboration
Completed static elaboration
Starting simulation data flow analysis
Completed simulation data flow analysis
Time Resolution for simulation is 1ps
Compiling package std.standard
Compiling package std.textio
Compiling package ieee.std_logic_1164
Compiling package ieee.numeric_std
Compiling package ieee.std_logic_arith
Compiling package ieee.std_logic_unsigned
Compiling package ieee.std_logic_textio
Compiling architecture behavioral of entity xil_defaultlib.mapeado_16QAM_I [mapeado_16qam_i_default]
Compiling architecture behavioral of entity xil_defaultlib.mapeado_16QAM_Q [mapeado_16qam_q_default]
Compiling architecture testbench of entity xil_defaultlib.tb_mapeado_16qam
Built simulation snapshot tb_mapeado_16QAM_behav
INFO: [USF-XSim-69] 'elaborate' step finished in '3' seconds
INFO: [USF-XSim-4] XSim::Simulate design
INFO: [USF-XSim-61] Executing 'SIMULATE' step in 'C:/Users/Paula/Downloads/map_qam/map_qam.sim/sim_1/behav/xsim'
INFO: [USF-XSim-98] *** Running xsim
   with args "tb_mapeado_16QAM_behav -key {Behavioral:sim_1:Functional:tb_mapeado_16QAM} -tclbatch {tb_mapeado_16QAM.tcl} -log {simulate.log}"
INFO: [USF-XSim-8] Loading simulator feature
Vivado Simulator 2017.4
Time resolution is 1 ps
source tb_mapeado_16QAM.tcl
# set curr_wave [current_wave_config]
# if { [string length $curr_wave] == 0 } {
#   if { [llength [get_objects]] > 0} {
#     add_wave /
#     set_property needs_save false [current_wave_config]
#   } else {
#      send_msg_id Add_Wave-1 WARNING "No top level signals found. Simulator will start without a wave window. If you want to open a wave window go to 'File->New Waveform Configuration' or type 'create_wave_config' in the TCL console."
#   }
# }
# run 1000ns
INFO: [USF-XSim-96] XSim completed. Design snapshot 'tb_mapeado_16QAM_behav' loaded.
INFO: [USF-XSim-97] XSim simulation ran for 1000ns
launch_simulation: Time (s): cpu = 00:00:05 ; elapsed = 00:00:09 . Memory (MB): peak = 873.348 ; gain = 2.297
close_sim
INFO: [Simtcl 6-16] Simulation closed
launch_simulation
INFO: [Vivado 12-5682] Launching behavioral simulation in 'C:/Users/Paula/Downloads/map_qam/map_qam.sim/sim_1/behav/xsim'
INFO: [SIM-utils-51] Simulation object is 'sim_1'
INFO: [SIM-utils-54] Inspecting design source files for 'tb_mapeado_16QAM' in fileset 'sim_1'...
INFO: [USF-XSim-97] Finding global include files...
INFO: [USF-XSim-98] Fetching design files from 'sim_1'...
INFO: [USF-XSim-2] XSim::Compile design
INFO: [USF-XSim-61] Executing 'COMPILE and ANALYZE' step in 'C:/Users/Paula/Downloads/map_qam/map_qam.sim/sim_1/behav/xsim'
"xvhdl --incr --relax -prj tb_mapeado_16QAM_vhdl.prj"
INFO: [VRFC 10-163] Analyzing VHDL file "C:/Users/Paula/Downloads/map_qam/map_qam.srcs/sim_1/new/tb_mapeado_16QAM.vhd" into library xil_defaultlib
INFO: [VRFC 10-307] analyzing entity tb_mapeado_16QAM
INFO: [USF-XSim-69] 'compile' step finished in '2' seconds
INFO: [USF-XSim-3] XSim::Elaborate design
INFO: [USF-XSim-61] Executing 'ELABORATE' step in 'C:/Users/Paula/Downloads/map_qam/map_qam.sim/sim_1/behav/xsim'
Vivado Simulator 2017.4
Copyright 1986-1999, 2001-2016 Xilinx, Inc. All Rights Reserved.
Running: D:/Xilinx/Vivado/2017.4/bin/unwrapped/win64.o/xelab.exe -wto fa628f42c5f4497dafeea3dc78a09eaf --incr --debug typical --relax --mt 2 -L xil_defaultlib -L secureip --snapshot tb_mapeado_16QAM_behav xil_defaultlib.tb_mapeado_16QAM -log elaborate.log 
Using 2 slave threads.
Starting static elaboration
Completed static elaboration
Starting simulation data flow analysis
Completed simulation data flow analysis
Time Resolution for simulation is 1ps
Compiling package std.standard
Compiling package std.textio
Compiling package ieee.std_logic_1164
Compiling package ieee.numeric_std
Compiling package ieee.std_logic_arith
Compiling package ieee.std_logic_unsigned
Compiling package ieee.std_logic_textio
Compiling architecture behavioral of entity xil_defaultlib.mapeado_16QAM_I [mapeado_16qam_i_default]
Compiling architecture behavioral of entity xil_defaultlib.mapeado_16QAM_Q [mapeado_16qam_q_default]
Compiling architecture testbench of entity xil_defaultlib.tb_mapeado_16qam
Built simulation snapshot tb_mapeado_16QAM_behav
INFO: [USF-XSim-69] 'elaborate' step finished in '3' seconds
INFO: [USF-XSim-4] XSim::Simulate design
INFO: [USF-XSim-61] Executing 'SIMULATE' step in 'C:/Users/Paula/Downloads/map_qam/map_qam.sim/sim_1/behav/xsim'
INFO: [USF-XSim-98] *** Running xsim
   with args "tb_mapeado_16QAM_behav -key {Behavioral:sim_1:Functional:tb_mapeado_16QAM} -tclbatch {tb_mapeado_16QAM.tcl} -log {simulate.log}"
INFO: [USF-XSim-8] Loading simulator feature
Vivado Simulator 2017.4
Time resolution is 1 ps
source tb_mapeado_16QAM.tcl
# set curr_wave [current_wave_config]
# if { [string length $curr_wave] == 0 } {
#   if { [llength [get_objects]] > 0} {
#     add_wave /
#     set_property needs_save false [current_wave_config]
#   } else {
#      send_msg_id Add_Wave-1 WARNING "No top level signals found. Simulator will start without a wave window. If you want to open a wave window go to 'File->New Waveform Configuration' or type 'create_wave_config' in the TCL console."
#   }
# }
# run 1000ns
INFO: [USF-XSim-96] XSim completed. Design snapshot 'tb_mapeado_16QAM_behav' loaded.
INFO: [USF-XSim-97] XSim simulation ran for 1000ns
launch_simulation: Time (s): cpu = 00:00:03 ; elapsed = 00:00:08 . Memory (MB): peak = 881.121 ; gain = 1.305
restart
INFO: [Simtcl 6-17] Simulation restarted
run all
run: Time (s): cpu = 00:00:18 ; elapsed = 00:00:10 . Memory (MB): peak = 884.941 ; gain = 2.000
save_wave_config {C:/Users/Paula/Downloads/map_qam/tb_mapeado_16QAM_behav.wcfg}
add_files -fileset sim_1 -norecurse C:/Users/Paula/Downloads/map_qam/tb_mapeado_16QAM_behav.wcfg
set_property xsim.view C:/Users/Paula/Downloads/map_qam/tb_mapeado_16QAM_behav.wcfg [get_filesets sim_1]
close_sim
INFO: [Simtcl 6-16] Simulation closed
launch_simulation
INFO: [Vivado 12-5682] Launching behavioral simulation in 'C:/Users/Paula/Downloads/map_qam/map_qam.sim/sim_1/behav/xsim'
INFO: [SIM-utils-51] Simulation object is 'sim_1'
INFO: [SIM-utils-54] Inspecting design source files for 'tb_mapeado_16QAM' in fileset 'sim_1'...
INFO: [USF-XSim-97] Finding global include files...
INFO: [USF-XSim-98] Fetching design files from 'sim_1'...
INFO: [USF-XSim-2] XSim::Compile design
INFO: [USF-XSim-61] Executing 'COMPILE and ANALYZE' step in 'C:/Users/Paula/Downloads/map_qam/map_qam.sim/sim_1/behav/xsim'
"xvhdl --incr --relax -prj tb_mapeado_16QAM_vhdl.prj"
INFO: [VRFC 10-163] Analyzing VHDL file "C:/Users/Paula/Downloads/map_qam/map_qam.srcs/sim_1/new/tb_mapeado_16QAM.vhd" into library xil_defaultlib
INFO: [VRFC 10-307] analyzing entity tb_mapeado_16QAM
INFO: [USF-XSim-69] 'compile' step finished in '2' seconds
INFO: [USF-XSim-3] XSim::Elaborate design
INFO: [USF-XSim-61] Executing 'ELABORATE' step in 'C:/Users/Paula/Downloads/map_qam/map_qam.sim/sim_1/behav/xsim'
Vivado Simulator 2017.4
Copyright 1986-1999, 2001-2016 Xilinx, Inc. All Rights Reserved.
Running: D:/Xilinx/Vivado/2017.4/bin/unwrapped/win64.o/xelab.exe -wto fa628f42c5f4497dafeea3dc78a09eaf --incr --debug typical --relax --mt 2 -L xil_defaultlib -L secureip --snapshot tb_mapeado_16QAM_behav xil_defaultlib.tb_mapeado_16QAM -log elaborate.log 
Using 2 slave threads.
Starting static elaboration
Completed static elaboration
Starting simulation data flow analysis
Completed simulation data flow analysis
Time Resolution for simulation is 1ps
Compiling package std.standard
Compiling package std.textio
Compiling package ieee.std_logic_1164
Compiling package ieee.numeric_std
Compiling package ieee.std_logic_arith
Compiling package ieee.std_logic_unsigned
Compiling package ieee.std_logic_textio
Compiling architecture behavioral of entity xil_defaultlib.mapeado_16QAM_I [mapeado_16qam_i_default]
Compiling architecture behavioral of entity xil_defaultlib.mapeado_16QAM_Q [mapeado_16qam_q_default]
Compiling architecture testbench of entity xil_defaultlib.tb_mapeado_16qam
Built simulation snapshot tb_mapeado_16QAM_behav
INFO: [USF-XSim-69] 'elaborate' step finished in '3' seconds
INFO: [USF-XSim-4] XSim::Simulate design
INFO: [USF-XSim-61] Executing 'SIMULATE' step in 'C:/Users/Paula/Downloads/map_qam/map_qam.sim/sim_1/behav/xsim'
INFO: [USF-XSim-98] *** Running xsim
   with args "tb_mapeado_16QAM_behav -key {Behavioral:sim_1:Functional:tb_mapeado_16QAM} -tclbatch {tb_mapeado_16QAM.tcl} -view {C:/Users/Paula/Downloads/map_qam/tb_mapeado_16QAM_behav.wcfg} -log {simulate.log}"
INFO: [USF-XSim-8] Loading simulator feature
Vivado Simulator 2017.4
Time resolution is 1 ps
open_wave_config C:/Users/Paula/Downloads/map_qam/tb_mapeado_16QAM_behav.wcfg
source tb_mapeado_16QAM.tcl
# set curr_wave [current_wave_config]
# if { [string length $curr_wave] == 0 } {
#   if { [llength [get_objects]] > 0} {
#     add_wave /
#     set_property needs_save false [current_wave_config]
#   } else {
#      send_msg_id Add_Wave-1 WARNING "No top level signals found. Simulator will start without a wave window. If you want to open a wave window go to 'File->New Waveform Configuration' or type 'create_wave_config' in the TCL console."
#   }
# }
# run 1000ns
INFO: [USF-XSim-96] XSim completed. Design snapshot 'tb_mapeado_16QAM_behav' loaded.
INFO: [USF-XSim-97] XSim simulation ran for 1000ns
launch_simulation: Time (s): cpu = 00:00:05 ; elapsed = 00:00:08 . Memory (MB): peak = 890.230 ; gain = 1.375
run 1000 ns
run all
close_sim
INFO: [Simtcl 6-16] Simulation closed
launch_simulation
INFO: [Vivado 12-5682] Launching behavioral simulation in 'C:/Users/Paula/Downloads/map_qam/map_qam.sim/sim_1/behav/xsim'
INFO: [SIM-utils-51] Simulation object is 'sim_1'
INFO: [SIM-utils-54] Inspecting design source files for 'tb_mapeado_16QAM' in fileset 'sim_1'...
INFO: [USF-XSim-97] Finding global include files...
INFO: [USF-XSim-98] Fetching design files from 'sim_1'...
INFO: [USF-XSim-2] XSim::Compile design
INFO: [USF-XSim-61] Executing 'COMPILE and ANALYZE' step in 'C:/Users/Paula/Downloads/map_qam/map_qam.sim/sim_1/behav/xsim'
"xvhdl --incr --relax -prj tb_mapeado_16QAM_vhdl.prj"
INFO: [VRFC 10-163] Analyzing VHDL file "C:/Users/Paula/Downloads/map_qam/map_qam.srcs/sim_1/new/tb_mapeado_16QAM.vhd" into library xil_defaultlib
INFO: [VRFC 10-307] analyzing entity tb_mapeado_16QAM
INFO: [USF-XSim-69] 'compile' step finished in '1' seconds
INFO: [USF-XSim-3] XSim::Elaborate design
INFO: [USF-XSim-61] Executing 'ELABORATE' step in 'C:/Users/Paula/Downloads/map_qam/map_qam.sim/sim_1/behav/xsim'
Vivado Simulator 2017.4
Copyright 1986-1999, 2001-2016 Xilinx, Inc. All Rights Reserved.
Running: D:/Xilinx/Vivado/2017.4/bin/unwrapped/win64.o/xelab.exe -wto fa628f42c5f4497dafeea3dc78a09eaf --incr --debug typical --relax --mt 2 -L xil_defaultlib -L secureip --snapshot tb_mapeado_16QAM_behav xil_defaultlib.tb_mapeado_16QAM -log elaborate.log 
Using 2 slave threads.
Starting static elaboration
Completed static elaboration
Starting simulation data flow analysis
Completed simulation data flow analysis
Time Resolution for simulation is 1ps
Compiling package std.standard
Compiling package std.textio
Compiling package ieee.std_logic_1164
Compiling package ieee.numeric_std
Compiling package ieee.std_logic_arith
Compiling package ieee.std_logic_unsigned
Compiling package ieee.std_logic_textio
Compiling architecture behavioral of entity xil_defaultlib.mapeado_16QAM_I [mapeado_16qam_i_default]
Compiling architecture behavioral of entity xil_defaultlib.mapeado_16QAM_Q [mapeado_16qam_q_default]
Compiling architecture testbench of entity xil_defaultlib.tb_mapeado_16qam
Built simulation snapshot tb_mapeado_16QAM_behav
INFO: [USF-XSim-69] 'elaborate' step finished in '2' seconds
INFO: [USF-XSim-4] XSim::Simulate design
INFO: [USF-XSim-61] Executing 'SIMULATE' step in 'C:/Users/Paula/Downloads/map_qam/map_qam.sim/sim_1/behav/xsim'
INFO: [USF-XSim-98] *** Running xsim
   with args "tb_mapeado_16QAM_behav -key {Behavioral:sim_1:Functional:tb_mapeado_16QAM} -tclbatch {tb_mapeado_16QAM.tcl} -view {C:/Users/Paula/Downloads/map_qam/tb_mapeado_16QAM_behav.wcfg} -log {simulate.log}"
INFO: [USF-XSim-8] Loading simulator feature
Vivado Simulator 2017.4
Time resolution is 1 ps
open_wave_config C:/Users/Paula/Downloads/map_qam/tb_mapeado_16QAM_behav.wcfg
source tb_mapeado_16QAM.tcl
# set curr_wave [current_wave_config]
# if { [string length $curr_wave] == 0 } {
#   if { [llength [get_objects]] > 0} {
#     add_wave /
#     set_property needs_save false [current_wave_config]
#   } else {
#      send_msg_id Add_Wave-1 WARNING "No top level signals found. Simulator will start without a wave window. If you want to open a wave window go to 'File->New Waveform Configuration' or type 'create_wave_config' in the TCL console."
#   }
# }
# run 1000ns
INFO: [USF-XSim-96] XSim completed. Design snapshot 'tb_mapeado_16QAM_behav' loaded.
INFO: [USF-XSim-97] XSim simulation ran for 1000ns
launch_simulation: Time (s): cpu = 00:00:02 ; elapsed = 00:00:07 . Memory (MB): peak = 894.695 ; gain = 1.086
close_sim
INFO: [Simtcl 6-16] Simulation closed
launch_simulation
INFO: [Vivado 12-5682] Launching behavioral simulation in 'C:/Users/Paula/Downloads/map_qam/map_qam.sim/sim_1/behav/xsim'
INFO: [SIM-utils-51] Simulation object is 'sim_1'
INFO: [SIM-utils-54] Inspecting design source files for 'tb_mapeado_16QAM' in fileset 'sim_1'...
INFO: [USF-XSim-97] Finding global include files...
INFO: [USF-XSim-98] Fetching design files from 'sim_1'...
INFO: [USF-XSim-2] XSim::Compile design
INFO: [USF-XSim-61] Executing 'COMPILE and ANALYZE' step in 'C:/Users/Paula/Downloads/map_qam/map_qam.sim/sim_1/behav/xsim'
"xvhdl --incr --relax -prj tb_mapeado_16QAM_vhdl.prj"
INFO: [VRFC 10-163] Analyzing VHDL file "C:/Users/Paula/Downloads/map_qam/map_qam.srcs/sim_1/new/tb_mapeado_16QAM.vhd" into library xil_defaultlib
INFO: [VRFC 10-307] analyzing entity tb_mapeado_16QAM
INFO: [USF-XSim-69] 'compile' step finished in '2' seconds
INFO: [USF-XSim-3] XSim::Elaborate design
INFO: [USF-XSim-61] Executing 'ELABORATE' step in 'C:/Users/Paula/Downloads/map_qam/map_qam.sim/sim_1/behav/xsim'
Vivado Simulator 2017.4
Copyright 1986-1999, 2001-2016 Xilinx, Inc. All Rights Reserved.
Running: D:/Xilinx/Vivado/2017.4/bin/unwrapped/win64.o/xelab.exe -wto fa628f42c5f4497dafeea3dc78a09eaf --incr --debug typical --relax --mt 2 -L xil_defaultlib -L secureip --snapshot tb_mapeado_16QAM_behav xil_defaultlib.tb_mapeado_16QAM -log elaborate.log 
Using 2 slave threads.
Starting static elaboration
Completed static elaboration
Starting simulation data flow analysis
Completed simulation data flow analysis
Time Resolution for simulation is 1ps
Compiling package std.standard
Compiling package std.textio
Compiling package ieee.std_logic_1164
Compiling package ieee.numeric_std
Compiling package ieee.std_logic_arith
Compiling package ieee.std_logic_unsigned
Compiling package ieee.std_logic_textio
Compiling architecture behavioral of entity xil_defaultlib.mapeado_16QAM_I [mapeado_16qam_i_default]
Compiling architecture behavioral of entity xil_defaultlib.mapeado_16QAM_Q [mapeado_16qam_q_default]
Compiling architecture testbench of entity xil_defaultlib.tb_mapeado_16qam
Built simulation snapshot tb_mapeado_16QAM_behav
INFO: [USF-XSim-69] 'elaborate' step finished in '2' seconds
INFO: [USF-XSim-4] XSim::Simulate design
INFO: [USF-XSim-61] Executing 'SIMULATE' step in 'C:/Users/Paula/Downloads/map_qam/map_qam.sim/sim_1/behav/xsim'
INFO: [USF-XSim-98] *** Running xsim
   with args "tb_mapeado_16QAM_behav -key {Behavioral:sim_1:Functional:tb_mapeado_16QAM} -tclbatch {tb_mapeado_16QAM.tcl} -view {C:/Users/Paula/Downloads/map_qam/tb_mapeado_16QAM_behav.wcfg} -log {simulate.log}"
INFO: [USF-XSim-8] Loading simulator feature
Vivado Simulator 2017.4
Time resolution is 1 ps
open_wave_config C:/Users/Paula/Downloads/map_qam/tb_mapeado_16QAM_behav.wcfg
source tb_mapeado_16QAM.tcl
# set curr_wave [current_wave_config]
# if { [string length $curr_wave] == 0 } {
#   if { [llength [get_objects]] > 0} {
#     add_wave /
#     set_property needs_save false [current_wave_config]
#   } else {
#      send_msg_id Add_Wave-1 WARNING "No top level signals found. Simulator will start without a wave window. If you want to open a wave window go to 'File->New Waveform Configuration' or type 'create_wave_config' in the TCL console."
#   }
# }
# run 1000ns
INFO: [USF-XSim-96] XSim completed. Design snapshot 'tb_mapeado_16QAM_behav' loaded.
INFO: [USF-XSim-97] XSim simulation ran for 1000ns
launch_simulation: Time (s): cpu = 00:00:02 ; elapsed = 00:00:07 . Memory (MB): peak = 897.395 ; gain = 1.117
run all
run: Time (s): cpu = 00:00:12 ; elapsed = 00:00:08 . Memory (MB): peak = 898.539 ; gain = 1.031
save_wave_config {C:/Users/Paula/Downloads/map_qam/tb_mapeado_16QAM_behav.wcfg}
add_bp {C:/Users/Paula/Downloads/map_qam/map_qam.srcs/sim_1/new/tb_mapeado_16QAM.vhd} 65
restart
INFO: [Simtcl 6-17] Simulation restarted
run all
run: Time (s): cpu = 00:00:09 ; elapsed = 00:00:06 . Memory (MB): peak = 902.418 ; gain = 0.000
close_sim
INFO: [Simtcl 6-16] Simulation closed
launch_simulation
INFO: [Vivado 12-5682] Launching behavioral simulation in 'C:/Users/Paula/Downloads/map_qam/map_qam.sim/sim_1/behav/xsim'
INFO: [SIM-utils-51] Simulation object is 'sim_1'
INFO: [SIM-utils-54] Inspecting design source files for 'tb_mapeado_16QAM' in fileset 'sim_1'...
INFO: [USF-XSim-97] Finding global include files...
INFO: [USF-XSim-98] Fetching design files from 'sim_1'...
INFO: [USF-XSim-2] XSim::Compile design
INFO: [USF-XSim-61] Executing 'COMPILE and ANALYZE' step in 'C:/Users/Paula/Downloads/map_qam/map_qam.sim/sim_1/behav/xsim'
"xvhdl --incr --relax -prj tb_mapeado_16QAM_vhdl.prj"
INFO: [VRFC 10-163] Analyzing VHDL file "C:/Users/Paula/Downloads/map_qam/map_qam.srcs/sim_1/new/tb_mapeado_16QAM.vhd" into library xil_defaultlib
INFO: [VRFC 10-307] analyzing entity tb_mapeado_16QAM
INFO: [USF-XSim-69] 'compile' step finished in '2' seconds
INFO: [USF-XSim-3] XSim::Elaborate design
INFO: [USF-XSim-61] Executing 'ELABORATE' step in 'C:/Users/Paula/Downloads/map_qam/map_qam.sim/sim_1/behav/xsim'
Vivado Simulator 2017.4
Copyright 1986-1999, 2001-2016 Xilinx, Inc. All Rights Reserved.
Running: D:/Xilinx/Vivado/2017.4/bin/unwrapped/win64.o/xelab.exe -wto fa628f42c5f4497dafeea3dc78a09eaf --incr --debug typical --relax --mt 2 -L xil_defaultlib -L secureip --snapshot tb_mapeado_16QAM_behav xil_defaultlib.tb_mapeado_16QAM -log elaborate.log 
Using 2 slave threads.
Starting static elaboration
Completed static elaboration
Starting simulation data flow analysis
Completed simulation data flow analysis
Time Resolution for simulation is 1ps
Compiling package std.standard
Compiling package std.textio
Compiling package ieee.std_logic_1164
Compiling package ieee.numeric_std
Compiling package ieee.std_logic_arith
Compiling package ieee.std_logic_unsigned
Compiling package ieee.std_logic_textio
Compiling architecture behavioral of entity xil_defaultlib.mapeado_16QAM_I [mapeado_16qam_i_default]
Compiling architecture behavioral of entity xil_defaultlib.mapeado_16QAM_Q [mapeado_16qam_q_default]
Compiling architecture testbench of entity xil_defaultlib.tb_mapeado_16qam
Built simulation snapshot tb_mapeado_16QAM_behav
INFO: [USF-XSim-69] 'elaborate' step finished in '3' seconds
INFO: [USF-XSim-4] XSim::Simulate design
INFO: [USF-XSim-61] Executing 'SIMULATE' step in 'C:/Users/Paula/Downloads/map_qam/map_qam.sim/sim_1/behav/xsim'
INFO: [USF-XSim-98] *** Running xsim
   with args "tb_mapeado_16QAM_behav -key {Behavioral:sim_1:Functional:tb_mapeado_16QAM} -tclbatch {tb_mapeado_16QAM.tcl} -view {C:/Users/Paula/Downloads/map_qam/tb_mapeado_16QAM_behav.wcfg} -log {simulate.log}"
INFO: [USF-XSim-8] Loading simulator feature
Vivado Simulator 2017.4
Time resolution is 1 ps
open_wave_config C:/Users/Paula/Downloads/map_qam/tb_mapeado_16QAM_behav.wcfg
source tb_mapeado_16QAM.tcl
# set curr_wave [current_wave_config]
# if { [string length $curr_wave] == 0 } {
#   if { [llength [get_objects]] > 0} {
#     add_wave /
#     set_property needs_save false [current_wave_config]
#   } else {
#      send_msg_id Add_Wave-1 WARNING "No top level signals found. Simulator will start without a wave window. If you want to open a wave window go to 'File->New Waveform Configuration' or type 'create_wave_config' in the TCL console."
#   }
# }
# run 1000ns
Stopped at time : 606732 ps : File "C:/Users/Paula/Downloads/map_qam/map_qam.srcs/sim_1/new/tb_mapeado_16QAM.vhd" Line 65
INFO: [USF-XSim-96] XSim completed. Design snapshot 'tb_mapeado_16QAM_behav' loaded.
INFO: [USF-XSim-97] XSim simulation ran for 1000ns
launch_simulation: Time (s): cpu = 00:00:03 ; elapsed = 00:00:08 . Memory (MB): peak = 902.430 ; gain = 0.012
remove_bps -file {C:/Users/Paula/Downloads/map_qam/map_qam.srcs/sim_1/new/tb_mapeado_16QAM.vhd} -line 65
run all
run: Time (s): cpu = 00:00:08 ; elapsed = 00:00:06 . Memory (MB): peak = 902.762 ; gain = 0.332
save_wave_config {C:/Users/Paula/Downloads/map_qam/tb_mapeado_16QAM_behav.wcfg}
close_sim
INFO: [Simtcl 6-16] Simulation closed
exit
INFO: [Common 17-206] Exiting Vivado at Fri Nov 17 17:25:14 2023...
