#-----------------------------------------------------------
# Vivado v2017.4 (64-bit)
# SW Build 2086221 on Fri Dec 15 20:55:39 MST 2017
# IP Build 2085800 on Fri Dec 15 22:25:07 MST 2017
# Start of session at: Sat Nov 18 13:08:37 2023
# Process ID: 9352
# Current directory: C:/Users/Paula/Downloads/map_qam
# Command line: vivado.exe -gui_launcher_event rodinguilauncherevent4684 C:\Users\Paula\Downloads\map_qam\map_qam.xpr
# Log file: C:/Users/Paula/Downloads/map_qam/vivado.log
# Journal file: C:/Users/Paula/Downloads/map_qam\vivado.jou
#-----------------------------------------------------------
start_gui
open_project C:/Users/Paula/Downloads/map_qam/map_qam.xpr
Scanning sources...
Finished scanning sources
INFO: [IP_Flow 19-234] Refreshing IP repositories
INFO: [IP_Flow 19-1704] No user IP repositories specified
INFO: [IP_Flow 19-2313] Loaded Vivado IP repository 'D:/Xilinx/Vivado/2017.4/data/ip'.
open_project: Time (s): cpu = 00:00:11 ; elapsed = 00:00:10 . Memory (MB): peak = 711.785 ; gain = 29.461
update_compile_order -fileset sources_1
launch_simulation
INFO: [Vivado 12-5682] Launching behavioral simulation in 'C:/Users/Paula/Downloads/map_qam/map_qam.sim/sim_1/behav/xsim'
INFO: [SIM-utils-51] Simulation object is 'sim_1'
INFO: [SIM-utils-54] Inspecting design source files for 'tb_mapeado_16QAM' in fileset 'sim_1'...
INFO: [USF-XSim-97] Finding global include files...
INFO: [USF-XSim-98] Fetching design files from 'sim_1'...
INFO: [USF-XSim-2] XSim::Compile design
INFO: [USF-XSim-61] Executing 'COMPILE and ANALYZE' step in 'C:/Users/Paula/Downloads/map_qam/map_qam.sim/sim_1/behav/xsim'
"xvhdl --incr --relax -prj tb_mapeado_16QAM_vhdl.prj"
INFO: [USF-XSim-69] 'compile' step finished in '2' seconds
INFO: [USF-XSim-3] XSim::Elaborate design
INFO: [USF-XSim-61] Executing 'ELABORATE' step in 'C:/Users/Paula/Downloads/map_qam/map_qam.sim/sim_1/behav/xsim'
Vivado Simulator 2017.4
Copyright 1986-1999, 2001-2016 Xilinx, Inc. All Rights Reserved.
Running: D:/Xilinx/Vivado/2017.4/bin/unwrapped/win64.o/xelab.exe -wto fa628f42c5f4497dafeea3dc78a09eaf --incr --debug typical --relax --mt 2 -L xil_defaultlib -L secureip --snapshot tb_mapeado_16QAM_behav xil_defaultlib.tb_mapeado_16QAM -log elaborate.log 
Using 2 slave threads.
Starting static elaboration
Completed static elaboration
INFO: [XSIM 43-4323] No Change in HDL. Linking previously generated obj files to create kernel
INFO: [USF-XSim-69] 'elaborate' step finished in '2' seconds
INFO: [USF-XSim-4] XSim::Simulate design
INFO: [USF-XSim-61] Executing 'SIMULATE' step in 'C:/Users/Paula/Downloads/map_qam/map_qam.sim/sim_1/behav/xsim'
INFO: [USF-XSim-98] *** Running xsim
   with args "tb_mapeado_16QAM_behav -key {Behavioral:sim_1:Functional:tb_mapeado_16QAM} -tclbatch {tb_mapeado_16QAM.tcl} -view {C:/Users/Paula/Downloads/map_qam/tb_mapeado_16QAM_behav.wcfg} -log {simulate.log}"
INFO: [USF-XSim-8] Loading simulator feature
Vivado Simulator 2017.4
Time resolution is 1 ps
open_wave_config C:/Users/Paula/Downloads/map_qam/tb_mapeado_16QAM_behav.wcfg
source tb_mapeado_16QAM.tcl
# set curr_wave [current_wave_config]
# if { [string length $curr_wave] == 0 } {
#   if { [llength [get_objects]] > 0} {
#     add_wave /
#     set_property needs_save false [current_wave_config]
#   } else {
#      send_msg_id Add_Wave-1 WARNING "No top level signals found. Simulator will start without a wave window. If you want to open a wave window go to 'File->New Waveform Configuration' or type 'create_wave_config' in the TCL console."
#   }
# }
# run 1000ns
INFO: [USF-XSim-96] XSim completed. Design snapshot 'tb_mapeado_16QAM_behav' loaded.
INFO: [USF-XSim-97] XSim simulation ran for 1000ns
launch_simulation: Time (s): cpu = 00:00:05 ; elapsed = 00:00:10 . Memory (MB): peak = 736.848 ; gain = 5.293
run 1000 ns
run 1000 ns
add_bp {C:/Users/Paula/Downloads/map_qam/map_qam.srcs/sim_1/new/tb_mapeado_16QAM.vhd} 64
run all
Stopped at time : 3132612 ps : File "C:/Users/Paula/Downloads/map_qam/map_qam.srcs/sim_1/new/tb_mapeado_16QAM.vhd" Line 64
run all
Stopped at time : 3637788 ps : File "C:/Users/Paula/Downloads/map_qam/map_qam.srcs/sim_1/new/tb_mapeado_16QAM.vhd" Line 64
remove_bps -file {C:/Users/Paula/Downloads/map_qam/map_qam.srcs/sim_1/new/tb_mapeado_16QAM.vhd} -line 64
add_bp {C:/Users/Paula/Downloads/map_qam/map_qam.srcs/sim_1/new/tb_mapeado_16QAM.vhd} 66
restart
INFO: [Simtcl 6-17] Simulation restarted
remove_bps -file {C:/Users/Paula/Downloads/map_qam/map_qam.srcs/sim_1/new/tb_mapeado_16QAM.vhd} -line 66
run all
run: Time (s): cpu = 00:00:13 ; elapsed = 00:00:07 . Memory (MB): peak = 768.469 ; gain = 9.301
save_wave_config {C:/Users/Paula/Downloads/map_qam/tb_mapeado_16QAM_behav.wcfg}
close_sim
INFO: [Simtcl 6-16] Simulation closed
launch_simulation
INFO: [Vivado 12-5682] Launching behavioral simulation in 'C:/Users/Paula/Downloads/map_qam/map_qam.sim/sim_1/behav/xsim'
INFO: [SIM-utils-51] Simulation object is 'sim_1'
INFO: [SIM-utils-54] Inspecting design source files for 'tb_mapeado_16QAM' in fileset 'sim_1'...
INFO: [USF-XSim-97] Finding global include files...
INFO: [USF-XSim-98] Fetching design files from 'sim_1'...
INFO: [USF-XSim-2] XSim::Compile design
INFO: [USF-XSim-61] Executing 'COMPILE and ANALYZE' step in 'C:/Users/Paula/Downloads/map_qam/map_qam.sim/sim_1/behav/xsim'
"xvhdl --incr --relax -prj tb_mapeado_16QAM_vhdl.prj"
INFO: [VRFC 10-163] Analyzing VHDL file "C:/Users/Paula/Downloads/map_qam/map_qam.srcs/sources_1/new/mapeado_16QAM_I.vhd" into library xil_defaultlib
INFO: [VRFC 10-307] analyzing entity mapeado_16QAM_I
INFO: [VRFC 10-163] Analyzing VHDL file "C:/Users/Paula/Downloads/map_qam/map_qam.srcs/sources_1/new/mapeado_16QAM_Q.vhd" into library xil_defaultlib
INFO: [VRFC 10-307] analyzing entity mapeado_16QAM_Q
INFO: [USF-XSim-69] 'compile' step finished in '2' seconds
INFO: [USF-XSim-3] XSim::Elaborate design
INFO: [USF-XSim-61] Executing 'ELABORATE' step in 'C:/Users/Paula/Downloads/map_qam/map_qam.sim/sim_1/behav/xsim'
Vivado Simulator 2017.4
Copyright 1986-1999, 2001-2016 Xilinx, Inc. All Rights Reserved.
Running: D:/Xilinx/Vivado/2017.4/bin/unwrapped/win64.o/xelab.exe -wto fa628f42c5f4497dafeea3dc78a09eaf --incr --debug typical --relax --mt 2 -L xil_defaultlib -L secureip --snapshot tb_mapeado_16QAM_behav xil_defaultlib.tb_mapeado_16QAM -log elaborate.log 
Using 2 slave threads.
Starting static elaboration
Completed static elaboration
Starting simulation data flow analysis
Completed simulation data flow analysis
Time Resolution for simulation is 1ps
Compiling package std.standard
Compiling package std.textio
Compiling package ieee.std_logic_1164
Compiling package ieee.numeric_std
Compiling package ieee.std_logic_arith
Compiling package ieee.std_logic_unsigned
Compiling package ieee.std_logic_textio
Compiling architecture behavioral of entity xil_defaultlib.mapeado_16QAM_I [mapeado_16qam_i_default]
Compiling architecture behavioral of entity xil_defaultlib.mapeado_16QAM_Q [mapeado_16qam_q_default]
Compiling architecture testbench of entity xil_defaultlib.tb_mapeado_16qam
Built simulation snapshot tb_mapeado_16QAM_behav

****** Webtalk v2017.4 (64-bit)
  **** SW Build 2086221 on Fri Dec 15 20:55:39 MST 2017
  **** IP Build 2085800 on Fri Dec 15 22:25:07 MST 2017
    ** Copyright 1986-2017 Xilinx, Inc. All Rights Reserved.

source C:/Users/Paula/Downloads/map_qam/map_qam.sim/sim_1/behav/xsim/xsim.dir/tb_mapeado_16QAM_behav/webtalk/xsim_webtalk.tcl -notrace
INFO: [Common 17-206] Exiting Webtalk at Sat Nov 18 13:22:34 2023...
INFO: [USF-XSim-69] 'elaborate' step finished in '5' seconds
INFO: [USF-XSim-4] XSim::Simulate design
INFO: [USF-XSim-61] Executing 'SIMULATE' step in 'C:/Users/Paula/Downloads/map_qam/map_qam.sim/sim_1/behav/xsim'
INFO: [USF-XSim-98] *** Running xsim
   with args "tb_mapeado_16QAM_behav -key {Behavioral:sim_1:Functional:tb_mapeado_16QAM} -tclbatch {tb_mapeado_16QAM.tcl} -view {C:/Users/Paula/Downloads/map_qam/tb_mapeado_16QAM_behav.wcfg} -log {simulate.log}"
INFO: [USF-XSim-8] Loading simulator feature
Vivado Simulator 2017.4
Time resolution is 1 ps
open_wave_config C:/Users/Paula/Downloads/map_qam/tb_mapeado_16QAM_behav.wcfg
source tb_mapeado_16QAM.tcl
# set curr_wave [current_wave_config]
# if { [string length $curr_wave] == 0 } {
#   if { [llength [get_objects]] > 0} {
#     add_wave /
#     set_property needs_save false [current_wave_config]
#   } else {
#      send_msg_id Add_Wave-1 WARNING "No top level signals found. Simulator will start without a wave window. If you want to open a wave window go to 'File->New Waveform Configuration' or type 'create_wave_config' in the TCL console."
#   }
# }
# run 1000ns
INFO: [USF-XSim-96] XSim completed. Design snapshot 'tb_mapeado_16QAM_behav' loaded.
INFO: [USF-XSim-97] XSim simulation ran for 1000ns
launch_simulation: Time (s): cpu = 00:00:02 ; elapsed = 00:00:10 . Memory (MB): peak = 779.406 ; gain = 0.000
run 1000 ns
run 100 us
ERROR: Index -4 out of bound 0 to 15
Time: 3642996 ps  Iteration: 0  Process: /tb_mapeado_16QAM/qam_i/line__24
  File: C:/Users/Paula/Downloads/map_qam/map_qam.srcs/sources_1/new/mapeado_16QAM_I.vhd

HDL Line: C:/Users/Paula/Downloads/map_qam/map_qam.srcs/sources_1/new/mapeado_16QAM_I.vhd:34
run 100 us
ERROR: [Simulator 45-1] A fatal run-time error was detected.  Simulation cannot continue.
run 1000 us
ERROR: [Simulator 45-1] A fatal run-time error was detected.  Simulation cannot continue.
run 1000 us
ERROR: [Simulator 45-1] A fatal run-time error was detected.  Simulation cannot continue.
run all
ERROR: [Simulator 45-1] A fatal run-time error was detected.  Simulation cannot continue.
run all
ERROR: [Simulator 45-1] A fatal run-time error was detected.  Simulation cannot continue.
run all
ERROR: [Simulator 45-1] A fatal run-time error was detected.  Simulation cannot continue.
run all
ERROR: [Simulator 45-1] A fatal run-time error was detected.  Simulation cannot continue.
restart
INFO: [Simtcl 6-17] Simulation restarted
run all
ERROR: Index -4 out of bound 0 to 15
Time: 3642996 ps  Iteration: 0  Process: /tb_mapeado_16QAM/qam_i/line__24
  File: C:/Users/Paula/Downloads/map_qam/map_qam.srcs/sources_1/new/mapeado_16QAM_I.vhd

HDL Line: C:/Users/Paula/Downloads/map_qam/map_qam.srcs/sources_1/new/mapeado_16QAM_I.vhd:34
run all
ERROR: [Simulator 45-1] A fatal run-time error was detected.  Simulation cannot continue.
add_bp {C:/Users/Paula/Downloads/map_qam/map_qam.srcs/sources_1/new/mapeado_16QAM_I.vhd} 34
remove_bps -file {C:/Users/Paula/Downloads/map_qam/map_qam.srcs/sources_1/new/mapeado_16QAM_I.vhd} -line 34
run all
ERROR: [Simulator 45-1] A fatal run-time error was detected.  Simulation cannot continue.
restart
INFO: [Simtcl 6-17] Simulation restarted
close_sim
INFO: [Simtcl 6-16] Simulation closed
launch_simulation
INFO: [Vivado 12-5682] Launching behavioral simulation in 'C:/Users/Paula/Downloads/map_qam/map_qam.sim/sim_1/behav/xsim'
INFO: [SIM-utils-51] Simulation object is 'sim_1'
INFO: [SIM-utils-54] Inspecting design source files for 'tb_mapeado_16QAM' in fileset 'sim_1'...
INFO: [USF-XSim-97] Finding global include files...
INFO: [USF-XSim-98] Fetching design files from 'sim_1'...
INFO: [USF-XSim-2] XSim::Compile design
INFO: [USF-XSim-61] Executing 'COMPILE and ANALYZE' step in 'C:/Users/Paula/Downloads/map_qam/map_qam.sim/sim_1/behav/xsim'
"xvhdl --incr --relax -prj tb_mapeado_16QAM_vhdl.prj"
INFO: [VRFC 10-163] Analyzing VHDL file "C:/Users/Paula/Downloads/map_qam/map_qam.srcs/sources_1/new/mapeado_16QAM_I.vhd" into library xil_defaultlib
INFO: [VRFC 10-307] analyzing entity mapeado_16QAM_I
ERROR: [VRFC 10-1472] type error near captured_bits ; expected type unresolved_unsigned [C:/Users/Paula/Downloads/map_qam/map_qam.srcs/sources_1/new/mapeado_16QAM_I.vhd:34]
ERROR: [VRFC 10-704] formal arg has no actual or default value [C:/Users/Paula/Downloads/map_qam/map_qam.srcs/sources_1/new/mapeado_16QAM_I.vhd:34]
ERROR: [VRFC 10-927] indexed name prefix type integer is not an array type [C:/Users/Paula/Downloads/map_qam/map_qam.srcs/sources_1/new/mapeado_16QAM_I.vhd:34]
ERROR: [VRFC 10-1504] unit behavioral ignored due to previous errors [C:/Users/Paula/Downloads/map_qam/map_qam.srcs/sources_1/new/mapeado_16QAM_I.vhd:14]
INFO: [VRFC 10-240] VHDL file C:/Users/Paula/Downloads/map_qam/map_qam.srcs/sources_1/new/mapeado_16QAM_I.vhd ignored due to errors
INFO: [USF-XSim-69] 'compile' step finished in '2' seconds
INFO: [USF-XSim-99] Step results log file:'C:/Users/Paula/Downloads/map_qam/map_qam.sim/sim_1/behav/xsim/xvhdl.log'
ERROR: [USF-XSim-62] 'compile' step failed with error(s). Please check the Tcl console output or 'C:/Users/Paula/Downloads/map_qam/map_qam.sim/sim_1/behav/xsim/xvhdl.log' file for more information.
ERROR: [Vivado 12-4473] Detected error while running simulation. Please correct the issue and retry this operation.
ERROR: [Common 17-39] 'launch_simulation' failed due to earlier errors.
launch_simulation
INFO: [Vivado 12-5682] Launching behavioral simulation in 'C:/Users/Paula/Downloads/map_qam/map_qam.sim/sim_1/behav/xsim'
INFO: [SIM-utils-51] Simulation object is 'sim_1'
INFO: [SIM-utils-54] Inspecting design source files for 'tb_mapeado_16QAM' in fileset 'sim_1'...
INFO: [USF-XSim-97] Finding global include files...
INFO: [USF-XSim-98] Fetching design files from 'sim_1'...
INFO: [USF-XSim-2] XSim::Compile design
INFO: [USF-XSim-61] Executing 'COMPILE and ANALYZE' step in 'C:/Users/Paula/Downloads/map_qam/map_qam.sim/sim_1/behav/xsim'
"xvhdl --incr --relax -prj tb_mapeado_16QAM_vhdl.prj"
INFO: [VRFC 10-163] Analyzing VHDL file "C:/Users/Paula/Downloads/map_qam/map_qam.srcs/sources_1/new/mapeado_16QAM_I.vhd" into library xil_defaultlib
INFO: [VRFC 10-307] analyzing entity mapeado_16QAM_I
INFO: [VRFC 10-163] Analyzing VHDL file "C:/Users/Paula/Downloads/map_qam/map_qam.srcs/sources_1/new/mapeado_16QAM_Q.vhd" into library xil_defaultlib
INFO: [VRFC 10-307] analyzing entity mapeado_16QAM_Q
INFO: [USF-XSim-69] 'compile' step finished in '3' seconds
INFO: [USF-XSim-3] XSim::Elaborate design
INFO: [USF-XSim-61] Executing 'ELABORATE' step in 'C:/Users/Paula/Downloads/map_qam/map_qam.sim/sim_1/behav/xsim'
Vivado Simulator 2017.4
Copyright 1986-1999, 2001-2016 Xilinx, Inc. All Rights Reserved.
Running: D:/Xilinx/Vivado/2017.4/bin/unwrapped/win64.o/xelab.exe -wto fa628f42c5f4497dafeea3dc78a09eaf --incr --debug typical --relax --mt 2 -L xil_defaultlib -L secureip --snapshot tb_mapeado_16QAM_behav xil_defaultlib.tb_mapeado_16QAM -log elaborate.log 
Using 2 slave threads.
Starting static elaboration
Completed static elaboration
Starting simulation data flow analysis
Completed simulation data flow analysis
Time Resolution for simulation is 1ps
Compiling package std.standard
Compiling package std.textio
Compiling package ieee.std_logic_1164
Compiling package ieee.numeric_std
Compiling package ieee.std_logic_arith
Compiling package ieee.std_logic_unsigned
Compiling package ieee.std_logic_textio
Compiling architecture behavioral of entity xil_defaultlib.mapeado_16QAM_I [mapeado_16qam_i_default]
Compiling architecture behavioral of entity xil_defaultlib.mapeado_16QAM_Q [mapeado_16qam_q_default]
Compiling architecture testbench of entity xil_defaultlib.tb_mapeado_16qam
Built simulation snapshot tb_mapeado_16QAM_behav
INFO: [USF-XSim-69] 'elaborate' step finished in '3' seconds
INFO: [USF-XSim-4] XSim::Simulate design
INFO: [USF-XSim-61] Executing 'SIMULATE' step in 'C:/Users/Paula/Downloads/map_qam/map_qam.sim/sim_1/behav/xsim'
INFO: [USF-XSim-98] *** Running xsim
   with args "tb_mapeado_16QAM_behav -key {Behavioral:sim_1:Functional:tb_mapeado_16QAM} -tclbatch {tb_mapeado_16QAM.tcl} -view {C:/Users/Paula/Downloads/map_qam/tb_mapeado_16QAM_behav.wcfg} -log {simulate.log}"
INFO: [USF-XSim-8] Loading simulator feature
Vivado Simulator 2017.4
Time resolution is 1 ps
open_wave_config C:/Users/Paula/Downloads/map_qam/tb_mapeado_16QAM_behav.wcfg
source tb_mapeado_16QAM.tcl
# set curr_wave [current_wave_config]
# if { [string length $curr_wave] == 0 } {
#   if { [llength [get_objects]] > 0} {
#     add_wave /
#     set_property needs_save false [current_wave_config]
#   } else {
#      send_msg_id Add_Wave-1 WARNING "No top level signals found. Simulator will start without a wave window. If you want to open a wave window go to 'File->New Waveform Configuration' or type 'create_wave_config' in the TCL console."
#   }
# }
# run 1000ns
INFO: [USF-XSim-96] XSim completed. Design snapshot 'tb_mapeado_16QAM_behav' loaded.
INFO: [USF-XSim-97] XSim simulation ran for 1000ns
launch_simulation: Time (s): cpu = 00:00:02 ; elapsed = 00:00:09 . Memory (MB): peak = 791.965 ; gain = 0.000
run all
save_wave_config {C:/Users/Paula/Downloads/map_qam/tb_mapeado_16QAM_behav.wcfg}
close_sim
INFO: [Simtcl 6-16] Simulation closed
exit
INFO: [Common 17-206] Exiting Vivado at Sat Nov 18 13:59:43 2023...
