#-----------------------------------------------------------
# Vivado v2017.4 (64-bit)
# SW Build 2086221 on Fri Dec 15 20:55:39 MST 2017
# IP Build 2085800 on Fri Dec 15 22:25:07 MST 2017
# Start of session at: Tue Dec 19 13:22:16 2023
# Process ID: 7792
# Current directory: C:/Users/Paula/OneDrive - Universidad de Alcala/Todo/map_qam
# Command line: vivado.exe -gui_launcher_event rodinguilauncherevent17748 C:\Users\Paula\OneDrive - Universidad de Alcala\Todo\map_qam\map_qam.xpr
# Log file: C:/Users/Paula/OneDrive - Universidad de Alcala/Todo/map_qam/vivado.log
# Journal file: C:/Users/Paula/OneDrive - Universidad de Alcala/Todo/map_qam\vivado.jou
#-----------------------------------------------------------
start_gui
open_project {C:/Users/Paula/OneDrive - Universidad de Alcala/Todo/map_qam/map_qam.xpr}
Scanning sources...
Finished scanning sources
INFO: [IP_Flow 19-234] Refreshing IP repositories
INFO: [IP_Flow 19-1704] No user IP repositories specified
INFO: [IP_Flow 19-2313] Loaded Vivado IP repository 'D:/Xilinx/Vivado/2017.4/data/ip'.
open_project: Time (s): cpu = 00:00:20 ; elapsed = 00:00:10 . Memory (MB): peak = 780.203 ; gain = 69.801
update_compile_order -fileset sources_1
set_property SOURCE_SET sources_1 [get_filesets sim_1]
add_files -fileset sim_1 -norecurse {{C:/Users/Paula/OneDrive - Universidad de Alcala/Todo/map_qam/QAM_output.txt}}
exit
INFO: [Common 17-206] Exiting Vivado at Tue Dec 19 13:25:49 2023...
INFO: [filemgmt 56-326] User Interrupt. Could not getCurrentGraph()
