#-----------------------------------------------------------
# Vivado v2017.4 (64-bit)
# SW Build 2086221 on Fri Dec 15 20:55:39 MST 2017
# IP Build 2085800 on Fri Dec 15 22:25:07 MST 2017
# Start of session at: Tue Dec 19 12:16:07 2023
# Process ID: 7828
# Current directory: C:/Users/Paula/OneDrive - Universidad de Alcala/Todo/map_qam
# Command line: vivado.exe -gui_launcher_event rodinguilauncherevent17744 C:\Users\Paula\OneDrive - Universidad de Alcala\Todo\map_qam\map_qam.xpr
# Log file: C:/Users/Paula/OneDrive - Universidad de Alcala/Todo/map_qam/vivado.log
# Journal file: C:/Users/Paula/OneDrive - Universidad de Alcala/Todo/map_qam\vivado.jou
#-----------------------------------------------------------
start_gui
open_project {C:/Users/Paula/OneDrive - Universidad de Alcala/Todo/map_qam/map_qam.xpr}
Scanning sources...
Finished scanning sources
INFO: [IP_Flow 19-234] Refreshing IP repositories
INFO: [IP_Flow 19-1704] No user IP repositories specified
INFO: [IP_Flow 19-2313] Loaded Vivado IP repository 'D:/Xilinx/Vivado/2017.4/data/ip'.
open_project: Time (s): cpu = 00:00:14 ; elapsed = 00:00:06 . Memory (MB): peak = 772.199 ; gain = 85.730
update_compile_order -fileset sources_1
launch_simulation
INFO: [Vivado 12-5698] Checking validity of IPs in the design for the 'XSim' simulator...
INFO: [Vivado 12-5682] Launching behavioral simulation in 'C:/Users/Paula/OneDrive - Universidad de Alcala/Todo/map_qam/map_qam.sim/sim_1/behav/xsim'
INFO: [Vivado 12-4795] Using compiled simulation libraries for IPs
INFO: [SIM-utils-51] Simulation object is 'sim_1'
INFO: [USF-XSim-7] Finding pre-compiled libraries...
INFO: [USF-XSim-11] File 'D:/Xilinx/Vivado/2017.4/data/xsim/ip/xsim_ip.ini' copied to run dir:'C:/Users/Paula/OneDrive - Universidad de Alcala/Todo/map_qam/map_qam.sim/sim_1/behav/xsim'
INFO: [SIM-utils-54] Inspecting design source files for 'tb_mapeado_16QAM' in fileset 'sim_1'...
INFO: [SIM-utils-43] Exported 'C:/Users/Paula/OneDrive - Universidad de Alcala/Todo/map_qam/map_qam.sim/sim_1/behav/xsim/qam16_fir_compiler_0_0.mif'
INFO: [SIM-utils-43] Exported 'C:/Users/Paula/OneDrive - Universidad de Alcala/Todo/map_qam/map_qam.sim/sim_1/behav/xsim/qam16_fir_compiler_0_1.mif'
INFO: [USF-XSim-97] Finding global include files...
INFO: [USF-XSim-98] Fetching design files from 'sim_1'...
INFO: [USF-XSim-2] XSim::Compile design
INFO: [USF-XSim-61] Executing 'COMPILE and ANALYZE' step in 'C:/Users/Paula/OneDrive - Universidad de Alcala/Todo/map_qam/map_qam.sim/sim_1/behav/xsim'
"xvhdl --incr --relax -prj tb_mapeado_16QAM_vhdl.prj"
INFO: [USF-XSim-69] 'compile' step finished in '1' seconds
INFO: [USF-XSim-3] XSim::Elaborate design
INFO: [USF-XSim-61] Executing 'ELABORATE' step in 'C:/Users/Paula/OneDrive - Universidad de Alcala/Todo/map_qam/map_qam.sim/sim_1/behav/xsim'
Vivado Simulator 2017.4
Copyright 1986-1999, 2001-2016 Xilinx, Inc. All Rights Reserved.
Running: D:/Xilinx/Vivado/2017.4/bin/unwrapped/win64.o/xelab.exe -wto fa628f42c5f4497dafeea3dc78a09eaf --incr --debug typical --relax --mt 2 -L xil_defaultlib -L secureip -L xpm --snapshot tb_mapeado_16QAM_behav xil_defaultlib.tb_mapeado_16QAM -log elaborate.log 
Using 2 slave threads.
Starting static elaboration
WARNING: [VRFC 10-122] qam16_fir_compiler_0_0 remains a black-box since it has no binding entity [C:/Users/Paula/OneDrive - Universidad de Alcala/Todo/map_qam/map_qam.srcs/sim_1/new/tb_mapeado_16QAM.vhd:73]
WARNING: [VRFC 10-122] qam16_fir_compiler_0_1 remains a black-box since it has no binding entity [C:/Users/Paula/OneDrive - Universidad de Alcala/Todo/map_qam/map_qam.srcs/sim_1/new/tb_mapeado_16QAM.vhd:81]
Completed static elaboration
INFO: [XSIM 43-4323] No Change in HDL. Linking previously generated obj files to create kernel
INFO: [USF-XSim-69] 'elaborate' step finished in '2' seconds
INFO: [USF-XSim-4] XSim::Simulate design
INFO: [USF-XSim-61] Executing 'SIMULATE' step in 'C:/Users/Paula/OneDrive - Universidad de Alcala/Todo/map_qam/map_qam.sim/sim_1/behav/xsim'
INFO: [USF-XSim-98] *** Running xsim
   with args "tb_mapeado_16QAM_behav -key {Behavioral:sim_1:Functional:tb_mapeado_16QAM} -tclbatch {tb_mapeado_16QAM.tcl} -view {{C:/Users/Paula/OneDrive - Universidad de Alcala/Todo/map_qam/tb_mapeado_16QAM_behav.wcfg}} -log {simulate.log}"
INFO: [USF-XSim-8] Loading simulator feature
Vivado Simulator 2017.4
Time resolution is 1 ps
ERROR: [Simulator 45-7] No such file 'C:/Users/Paula/OneDrive' in the design.

ERROR: [USF-XSim-62] 'simulate' step failed with errors. Please check the Tcl console or log files for more information.
ERROR: [Vivado 12-4473] Detected error while running simulation. Please correct the issue and retry this operation.
launch_simulation: Time (s): cpu = 00:00:03 ; elapsed = 00:00:08 . Memory (MB): peak = 776.199 ; gain = 0.000
ERROR: [Common 17-39] 'launch_simulation' failed due to earlier errors.
set_property INCREMENTAL false [get_filesets sim_1]
INFO: [Simtcl 6-16] Simulation closed
launch_simulation
INFO: [Vivado 12-5698] Checking validity of IPs in the design for the 'XSim' simulator...
INFO: [Vivado 12-5682] Launching behavioral simulation in 'C:/Users/Paula/OneDrive - Universidad de Alcala/Todo/map_qam/map_qam.sim/sim_1/behav/xsim'
INFO: [Vivado 12-4795] Using compiled simulation libraries for IPs
INFO: [SIM-utils-51] Simulation object is 'sim_1'
INFO: [USF-XSim-7] Finding pre-compiled libraries...
INFO: [USF-XSim-11] File 'D:/Xilinx/Vivado/2017.4/data/xsim/ip/xsim_ip.ini' copied to run dir:'C:/Users/Paula/OneDrive - Universidad de Alcala/Todo/map_qam/map_qam.sim/sim_1/behav/xsim'
INFO: [SIM-utils-54] Inspecting design source files for 'tb_mapeado_16QAM' in fileset 'sim_1'...
INFO: [SIM-utils-43] Exported 'C:/Users/Paula/OneDrive - Universidad de Alcala/Todo/map_qam/map_qam.sim/sim_1/behav/xsim/qam16_fir_compiler_0_0.mif'
INFO: [SIM-utils-43] Exported 'C:/Users/Paula/OneDrive - Universidad de Alcala/Todo/map_qam/map_qam.sim/sim_1/behav/xsim/qam16_fir_compiler_0_1.mif'
INFO: [USF-XSim-97] Finding global include files...
INFO: [USF-XSim-98] Fetching design files from 'sim_1'...
INFO: [USF-XSim-2] XSim::Compile design
INFO: [USF-XSim-61] Executing 'COMPILE and ANALYZE' step in 'C:/Users/Paula/OneDrive - Universidad de Alcala/Todo/map_qam/map_qam.sim/sim_1/behav/xsim'
"xvhdl --relax -prj tb_mapeado_16QAM_vhdl.prj"
INFO: [VRFC 10-163] Analyzing VHDL file "C:/Users/Paula/OneDrive - Universidad de Alcala/Todo/map_qam/map_qam.srcs/sources_1/new/mapeado_16QAM_I.vhd" into library xil_defaultlib
INFO: [VRFC 10-307] analyzing entity mapeado_16QAM_I
INFO: [VRFC 10-163] Analyzing VHDL file "C:/Users/Paula/OneDrive - Universidad de Alcala/Todo/map_qam/map_qam.srcs/sources_1/new/mapeado_16QAM_Q.vhd" into library xil_defaultlib
INFO: [VRFC 10-307] analyzing entity mapeado_16QAM_Q
INFO: [VRFC 10-163] Analyzing VHDL file "C:/Users/Paula/OneDrive - Universidad de Alcala/Todo/map_qam/map_qam.srcs/sim_1/new/tb_mapeado_16QAM.vhd" into library xil_defaultlib
INFO: [VRFC 10-307] analyzing entity tb_mapeado_16QAM
INFO: [USF-XSim-69] 'compile' step finished in '3' seconds
INFO: [USF-XSim-3] XSim::Elaborate design
INFO: [USF-XSim-61] Executing 'ELABORATE' step in 'C:/Users/Paula/OneDrive - Universidad de Alcala/Todo/map_qam/map_qam.sim/sim_1/behav/xsim'
Vivado Simulator 2017.4
Copyright 1986-1999, 2001-2016 Xilinx, Inc. All Rights Reserved.
Running: D:/Xilinx/Vivado/2017.4/bin/unwrapped/win64.o/xelab.exe -wto fa628f42c5f4497dafeea3dc78a09eaf --debug typical --relax --mt 2 -L xil_defaultlib -L secureip -L xpm --snapshot tb_mapeado_16QAM_behav xil_defaultlib.tb_mapeado_16QAM -log elaborate.log 
Using 2 slave threads.
Starting static elaboration
WARNING: [VRFC 10-122] qam16_fir_compiler_0_0 remains a black-box since it has no binding entity [C:/Users/Paula/OneDrive - Universidad de Alcala/Todo/map_qam/map_qam.srcs/sim_1/new/tb_mapeado_16QAM.vhd:73]
WARNING: [VRFC 10-122] qam16_fir_compiler_0_1 remains a black-box since it has no binding entity [C:/Users/Paula/OneDrive - Universidad de Alcala/Todo/map_qam/map_qam.srcs/sim_1/new/tb_mapeado_16QAM.vhd:81]
Completed static elaboration
Starting simulation data flow analysis
Completed simulation data flow analysis
Time Resolution for simulation is 1ps
Compiling package std.standard
Compiling package std.textio
Compiling package ieee.std_logic_1164
Compiling package ieee.numeric_std
Compiling package ieee.std_logic_arith
Compiling package ieee.std_logic_unsigned
Compiling package ieee.std_logic_textio
Compiling architecture behavioral of entity xil_defaultlib.mapeado_16QAM_I [mapeado_16qam_i_default]
Compiling architecture behavioral of entity xil_defaultlib.mapeado_16QAM_Q [mapeado_16qam_q_default]
Compiling architecture testbench of entity xil_defaultlib.tb_mapeado_16qam
Built simulation snapshot tb_mapeado_16QAM_behav
ERROR: [Common 17-165] Too many positional options when parsing '-notrace', please type 'webtalk -help' for usage info.

INFO: [USF-XSim-69] 'elaborate' step finished in '5' seconds
INFO: [USF-XSim-4] XSim::Simulate design
INFO: [USF-XSim-61] Executing 'SIMULATE' step in 'C:/Users/Paula/OneDrive - Universidad de Alcala/Todo/map_qam/map_qam.sim/sim_1/behav/xsim'
INFO: [USF-XSim-98] *** Running xsim
   with args "tb_mapeado_16QAM_behav -key {Behavioral:sim_1:Functional:tb_mapeado_16QAM} -tclbatch {tb_mapeado_16QAM.tcl} -view {{C:/Users/Paula/OneDrive - Universidad de Alcala/Todo/map_qam/tb_mapeado_16QAM_behav.wcfg}} -log {simulate.log}"
INFO: [USF-XSim-8] Loading simulator feature
Vivado Simulator 2017.4
Time resolution is 1 ps
open_wave_config {C:/Users/Paula/OneDrive - Universidad de Alcala/Todo/map_qam/tb_mapeado_16QAM_behav.wcfg}
WARNING: Simulation object /tb_mapeado_16QAM/salida_I_8bits was not found in the design.
WARNING: Simulation object /tb_mapeado_16QAM/salida_Q_8bits was not found in the design.
source tb_mapeado_16QAM.tcl
# set curr_wave [current_wave_config]
# if { [string length $curr_wave] == 0 } {
#   if { [llength [get_objects]] > 0} {
#     add_wave /
#     set_property needs_save false [current_wave_config]
#   } else {
#      send_msg_id Add_Wave-1 WARNING "No top level signals found. Simulator will start without a wave window. If you want to open a wave window go to 'File->New Waveform Configuration' or type 'create_wave_config' in the TCL console."
#   }
# }
# run 1000ns
INFO: [USF-XSim-96] XSim completed. Design snapshot 'tb_mapeado_16QAM_behav' loaded.
INFO: [USF-XSim-97] XSim simulation ran for 1000ns
launch_simulation: Time (s): cpu = 00:00:06 ; elapsed = 00:00:13 . Memory (MB): peak = 810.727 ; gain = 0.000
run 1000 us
save_wave_config {C:/Users/Paula/OneDrive - Universidad de Alcala/Todo/map_qam/tb_mapeado_16QAM_behav.wcfg}
close_sim
INFO: [Simtcl 6-16] Simulation closed
launch_simulation
INFO: [Vivado 12-5698] Checking validity of IPs in the design for the 'XSim' simulator...
INFO: [Vivado 12-5682] Launching behavioral simulation in 'C:/Users/Paula/OneDrive - Universidad de Alcala/Todo/map_qam/map_qam.sim/sim_1/behav/xsim'
INFO: [Vivado 12-4795] Using compiled simulation libraries for IPs
INFO: [SIM-utils-51] Simulation object is 'sim_1'
INFO: [USF-XSim-7] Finding pre-compiled libraries...
INFO: [USF-XSim-11] File 'D:/Xilinx/Vivado/2017.4/data/xsim/ip/xsim_ip.ini' copied to run dir:'C:/Users/Paula/OneDrive - Universidad de Alcala/Todo/map_qam/map_qam.sim/sim_1/behav/xsim'
INFO: [SIM-utils-54] Inspecting design source files for 'tb_mapeado_16QAM' in fileset 'sim_1'...
INFO: [SIM-utils-43] Exported 'C:/Users/Paula/OneDrive - Universidad de Alcala/Todo/map_qam/map_qam.sim/sim_1/behav/xsim/qam16_fir_compiler_0_0.mif'
INFO: [SIM-utils-43] Exported 'C:/Users/Paula/OneDrive - Universidad de Alcala/Todo/map_qam/map_qam.sim/sim_1/behav/xsim/qam16_fir_compiler_0_1.mif'
INFO: [USF-XSim-97] Finding global include files...
INFO: [USF-XSim-98] Fetching design files from 'sim_1'...
INFO: [USF-XSim-2] XSim::Compile design
INFO: [USF-XSim-61] Executing 'COMPILE and ANALYZE' step in 'C:/Users/Paula/OneDrive - Universidad de Alcala/Todo/map_qam/map_qam.sim/sim_1/behav/xsim'
"xvhdl --relax -prj tb_mapeado_16QAM_vhdl.prj"
INFO: [VRFC 10-163] Analyzing VHDL file "C:/Users/Paula/OneDrive - Universidad de Alcala/Todo/map_qam/map_qam.srcs/sources_1/new/mapeado_16QAM_I.vhd" into library xil_defaultlib
INFO: [VRFC 10-307] analyzing entity mapeado_16QAM_I
INFO: [VRFC 10-163] Analyzing VHDL file "C:/Users/Paula/OneDrive - Universidad de Alcala/Todo/map_qam/map_qam.srcs/sources_1/new/mapeado_16QAM_Q.vhd" into library xil_defaultlib
INFO: [VRFC 10-307] analyzing entity mapeado_16QAM_Q
INFO: [VRFC 10-163] Analyzing VHDL file "C:/Users/Paula/OneDrive - Universidad de Alcala/Todo/map_qam/map_qam.srcs/sim_1/new/tb_mapeado_16QAM.vhd" into library xil_defaultlib
INFO: [VRFC 10-307] analyzing entity tb_mapeado_16QAM
INFO: [USF-XSim-69] 'compile' step finished in '2' seconds
INFO: [USF-XSim-3] XSim::Elaborate design
INFO: [USF-XSim-61] Executing 'ELABORATE' step in 'C:/Users/Paula/OneDrive - Universidad de Alcala/Todo/map_qam/map_qam.sim/sim_1/behav/xsim'
Vivado Simulator 2017.4
Copyright 1986-1999, 2001-2016 Xilinx, Inc. All Rights Reserved.
Running: D:/Xilinx/Vivado/2017.4/bin/unwrapped/win64.o/xelab.exe -wto fa628f42c5f4497dafeea3dc78a09eaf --debug typical --relax --mt 2 -L xil_defaultlib -L secureip -L xpm --snapshot tb_mapeado_16QAM_behav xil_defaultlib.tb_mapeado_16QAM -log elaborate.log 
Using 2 slave threads.
Starting static elaboration
WARNING: [VRFC 10-122] qam16_fir_compiler_0_0 remains a black-box since it has no binding entity [C:/Users/Paula/OneDrive - Universidad de Alcala/Todo/map_qam/map_qam.srcs/sim_1/new/tb_mapeado_16QAM.vhd:73]
WARNING: [VRFC 10-122] qam16_fir_compiler_0_1 remains a black-box since it has no binding entity [C:/Users/Paula/OneDrive - Universidad de Alcala/Todo/map_qam/map_qam.srcs/sim_1/new/tb_mapeado_16QAM.vhd:81]
Completed static elaboration
Starting simulation data flow analysis
Completed simulation data flow analysis
Time Resolution for simulation is 1ps
Compiling package std.standard
Compiling package std.textio
Compiling package ieee.std_logic_1164
Compiling package ieee.numeric_std
Compiling package ieee.std_logic_arith
Compiling package ieee.std_logic_unsigned
Compiling package ieee.std_logic_textio
Compiling architecture behavioral of entity xil_defaultlib.mapeado_16QAM_I [mapeado_16qam_i_default]
Compiling architecture behavioral of entity xil_defaultlib.mapeado_16QAM_Q [mapeado_16qam_q_default]
Compiling architecture testbench of entity xil_defaultlib.tb_mapeado_16qam
Built simulation snapshot tb_mapeado_16QAM_behav
ERROR: [Common 17-165] Too many positional options when parsing '-notrace', please type 'webtalk -help' for usage info.

INFO: [USF-XSim-69] 'elaborate' step finished in '5' seconds
INFO: [USF-XSim-4] XSim::Simulate design
INFO: [USF-XSim-61] Executing 'SIMULATE' step in 'C:/Users/Paula/OneDrive - Universidad de Alcala/Todo/map_qam/map_qam.sim/sim_1/behav/xsim'
INFO: [USF-XSim-98] *** Running xsim
   with args "tb_mapeado_16QAM_behav -key {Behavioral:sim_1:Functional:tb_mapeado_16QAM} -tclbatch {tb_mapeado_16QAM.tcl} -view {{C:/Users/Paula/OneDrive - Universidad de Alcala/Todo/map_qam/tb_mapeado_16QAM_behav.wcfg}} -log {simulate.log}"
INFO: [USF-XSim-8] Loading simulator feature
Vivado Simulator 2017.4
Time resolution is 1 ps
open_wave_config {C:/Users/Paula/OneDrive - Universidad de Alcala/Todo/map_qam/tb_mapeado_16QAM_behav.wcfg}
source tb_mapeado_16QAM.tcl
# set curr_wave [current_wave_config]
# if { [string length $curr_wave] == 0 } {
#   if { [llength [get_objects]] > 0} {
#     add_wave /
#     set_property needs_save false [current_wave_config]
#   } else {
#      send_msg_id Add_Wave-1 WARNING "No top level signals found. Simulator will start without a wave window. If you want to open a wave window go to 'File->New Waveform Configuration' or type 'create_wave_config' in the TCL console."
#   }
# }
# run 1000ns
INFO: [USF-XSim-96] XSim completed. Design snapshot 'tb_mapeado_16QAM_behav' loaded.
INFO: [USF-XSim-97] XSim simulation ran for 1000ns
launch_simulation: Time (s): cpu = 00:00:06 ; elapsed = 00:00:11 . Memory (MB): peak = 829.285 ; gain = 1.941
run 1000 us
close_sim
INFO: [Simtcl 6-16] Simulation closed
launch_simulation
INFO: [Vivado 12-5698] Checking validity of IPs in the design for the 'XSim' simulator...
INFO: [Vivado 12-5682] Launching behavioral simulation in 'C:/Users/Paula/OneDrive - Universidad de Alcala/Todo/map_qam/map_qam.sim/sim_1/behav/xsim'
INFO: [Vivado 12-4795] Using compiled simulation libraries for IPs
INFO: [SIM-utils-51] Simulation object is 'sim_1'
INFO: [USF-XSim-7] Finding pre-compiled libraries...
INFO: [USF-XSim-11] File 'D:/Xilinx/Vivado/2017.4/data/xsim/ip/xsim_ip.ini' copied to run dir:'C:/Users/Paula/OneDrive - Universidad de Alcala/Todo/map_qam/map_qam.sim/sim_1/behav/xsim'
INFO: [SIM-utils-54] Inspecting design source files for 'tb_mapeado_16QAM' in fileset 'sim_1'...
INFO: [SIM-utils-43] Exported 'C:/Users/Paula/OneDrive - Universidad de Alcala/Todo/map_qam/map_qam.sim/sim_1/behav/xsim/qam16_fir_compiler_0_0.mif'
INFO: [SIM-utils-43] Exported 'C:/Users/Paula/OneDrive - Universidad de Alcala/Todo/map_qam/map_qam.sim/sim_1/behav/xsim/qam16_fir_compiler_0_1.mif'
INFO: [USF-XSim-97] Finding global include files...
INFO: [USF-XSim-98] Fetching design files from 'sim_1'...
INFO: [USF-XSim-2] XSim::Compile design
INFO: [USF-XSim-61] Executing 'COMPILE and ANALYZE' step in 'C:/Users/Paula/OneDrive - Universidad de Alcala/Todo/map_qam/map_qam.sim/sim_1/behav/xsim'
"xvhdl --relax -prj tb_mapeado_16QAM_vhdl.prj"
INFO: [VRFC 10-163] Analyzing VHDL file "C:/Users/Paula/OneDrive - Universidad de Alcala/Todo/map_qam/map_qam.srcs/sources_1/new/mapeado_16QAM_I.vhd" into library xil_defaultlib
INFO: [VRFC 10-307] analyzing entity mapeado_16QAM_I
INFO: [VRFC 10-163] Analyzing VHDL file "C:/Users/Paula/OneDrive - Universidad de Alcala/Todo/map_qam/map_qam.srcs/sources_1/new/mapeado_16QAM_Q.vhd" into library xil_defaultlib
INFO: [VRFC 10-307] analyzing entity mapeado_16QAM_Q
INFO: [VRFC 10-163] Analyzing VHDL file "C:/Users/Paula/OneDrive - Universidad de Alcala/Todo/map_qam/map_qam.srcs/sim_1/new/tb_mapeado_16QAM.vhd" into library xil_defaultlib
INFO: [VRFC 10-307] analyzing entity tb_mapeado_16QAM
INFO: [USF-XSim-69] 'compile' step finished in '2' seconds
INFO: [USF-XSim-3] XSim::Elaborate design
INFO: [USF-XSim-61] Executing 'ELABORATE' step in 'C:/Users/Paula/OneDrive - Universidad de Alcala/Todo/map_qam/map_qam.sim/sim_1/behav/xsim'
Vivado Simulator 2017.4
Copyright 1986-1999, 2001-2016 Xilinx, Inc. All Rights Reserved.
Running: D:/Xilinx/Vivado/2017.4/bin/unwrapped/win64.o/xelab.exe -wto fa628f42c5f4497dafeea3dc78a09eaf --debug typical --relax --mt 2 -L xil_defaultlib -L secureip -L xpm --snapshot tb_mapeado_16QAM_behav xil_defaultlib.tb_mapeado_16QAM -log elaborate.log 
Using 2 slave threads.
Starting static elaboration
WARNING: [VRFC 10-122] qam16_fir_compiler_0_0 remains a black-box since it has no binding entity [C:/Users/Paula/OneDrive - Universidad de Alcala/Todo/map_qam/map_qam.srcs/sim_1/new/tb_mapeado_16QAM.vhd:74]
WARNING: [VRFC 10-122] qam16_fir_compiler_0_1 remains a black-box since it has no binding entity [C:/Users/Paula/OneDrive - Universidad de Alcala/Todo/map_qam/map_qam.srcs/sim_1/new/tb_mapeado_16QAM.vhd:82]
Completed static elaboration
Starting simulation data flow analysis
Completed simulation data flow analysis
Time Resolution for simulation is 1ps
Compiling package std.standard
Compiling package std.textio
Compiling package ieee.std_logic_1164
Compiling package ieee.numeric_std
Compiling package ieee.std_logic_arith
Compiling package ieee.std_logic_unsigned
Compiling package ieee.std_logic_textio
Compiling architecture behavioral of entity xil_defaultlib.mapeado_16QAM_I [mapeado_16qam_i_default]
Compiling architecture behavioral of entity xil_defaultlib.mapeado_16QAM_Q [mapeado_16qam_q_default]
Compiling architecture testbench of entity xil_defaultlib.tb_mapeado_16qam
Built simulation snapshot tb_mapeado_16QAM_behav
ERROR: [Common 17-165] Too many positional options when parsing '-notrace', please type 'webtalk -help' for usage info.

INFO: [USF-XSim-69] 'elaborate' step finished in '4' seconds
INFO: [USF-XSim-4] XSim::Simulate design
INFO: [USF-XSim-61] Executing 'SIMULATE' step in 'C:/Users/Paula/OneDrive - Universidad de Alcala/Todo/map_qam/map_qam.sim/sim_1/behav/xsim'
INFO: [USF-XSim-98] *** Running xsim
   with args "tb_mapeado_16QAM_behav -key {Behavioral:sim_1:Functional:tb_mapeado_16QAM} -tclbatch {tb_mapeado_16QAM.tcl} -view {{C:/Users/Paula/OneDrive - Universidad de Alcala/Todo/map_qam/tb_mapeado_16QAM_behav.wcfg}} -log {simulate.log}"
INFO: [USF-XSim-8] Loading simulator feature
Vivado Simulator 2017.4
Time resolution is 1 ps
open_wave_config {C:/Users/Paula/OneDrive - Universidad de Alcala/Todo/map_qam/tb_mapeado_16QAM_behav.wcfg}
source tb_mapeado_16QAM.tcl
# set curr_wave [current_wave_config]
# if { [string length $curr_wave] == 0 } {
#   if { [llength [get_objects]] > 0} {
#     add_wave /
#     set_property needs_save false [current_wave_config]
#   } else {
#      send_msg_id Add_Wave-1 WARNING "No top level signals found. Simulator will start without a wave window. If you want to open a wave window go to 'File->New Waveform Configuration' or type 'create_wave_config' in the TCL console."
#   }
# }
# run 1000ns
INFO: [USF-XSim-96] XSim completed. Design snapshot 'tb_mapeado_16QAM_behav' loaded.
INFO: [USF-XSim-97] XSim simulation ran for 1000ns
launch_simulation: Time (s): cpu = 00:00:05 ; elapsed = 00:00:11 . Memory (MB): peak = 842.621 ; gain = 0.000
run 1000 us
close_sim
INFO: [Simtcl 6-16] Simulation closed
launch_simulation
INFO: [Vivado 12-5698] Checking validity of IPs in the design for the 'XSim' simulator...
INFO: [Vivado 12-5682] Launching behavioral simulation in 'C:/Users/Paula/OneDrive - Universidad de Alcala/Todo/map_qam/map_qam.sim/sim_1/behav/xsim'
INFO: [Vivado 12-4795] Using compiled simulation libraries for IPs
INFO: [SIM-utils-51] Simulation object is 'sim_1'
INFO: [USF-XSim-7] Finding pre-compiled libraries...
INFO: [USF-XSim-11] File 'D:/Xilinx/Vivado/2017.4/data/xsim/ip/xsim_ip.ini' copied to run dir:'C:/Users/Paula/OneDrive - Universidad de Alcala/Todo/map_qam/map_qam.sim/sim_1/behav/xsim'
INFO: [SIM-utils-54] Inspecting design source files for 'tb_mapeado_16QAM' in fileset 'sim_1'...
INFO: [SIM-utils-43] Exported 'C:/Users/Paula/OneDrive - Universidad de Alcala/Todo/map_qam/map_qam.sim/sim_1/behav/xsim/qam16_fir_compiler_0_0.mif'
INFO: [SIM-utils-43] Exported 'C:/Users/Paula/OneDrive - Universidad de Alcala/Todo/map_qam/map_qam.sim/sim_1/behav/xsim/qam16_fir_compiler_0_1.mif'
INFO: [USF-XSim-97] Finding global include files...
INFO: [USF-XSim-98] Fetching design files from 'sim_1'...
INFO: [USF-XSim-2] XSim::Compile design
INFO: [USF-XSim-61] Executing 'COMPILE and ANALYZE' step in 'C:/Users/Paula/OneDrive - Universidad de Alcala/Todo/map_qam/map_qam.sim/sim_1/behav/xsim'
"xvhdl --relax -prj tb_mapeado_16QAM_vhdl.prj"
INFO: [VRFC 10-163] Analyzing VHDL file "C:/Users/Paula/OneDrive - Universidad de Alcala/Todo/map_qam/map_qam.srcs/sources_1/new/mapeado_16QAM_I.vhd" into library xil_defaultlib
INFO: [VRFC 10-307] analyzing entity mapeado_16QAM_I
INFO: [VRFC 10-163] Analyzing VHDL file "C:/Users/Paula/OneDrive - Universidad de Alcala/Todo/map_qam/map_qam.srcs/sources_1/new/mapeado_16QAM_Q.vhd" into library xil_defaultlib
INFO: [VRFC 10-307] analyzing entity mapeado_16QAM_Q
INFO: [VRFC 10-163] Analyzing VHDL file "C:/Users/Paula/OneDrive - Universidad de Alcala/Todo/map_qam/map_qam.srcs/sim_1/new/tb_mapeado_16QAM.vhd" into library xil_defaultlib
INFO: [VRFC 10-307] analyzing entity tb_mapeado_16QAM
INFO: [USF-XSim-69] 'compile' step finished in '3' seconds
INFO: [USF-XSim-3] XSim::Elaborate design
INFO: [USF-XSim-61] Executing 'ELABORATE' step in 'C:/Users/Paula/OneDrive - Universidad de Alcala/Todo/map_qam/map_qam.sim/sim_1/behav/xsim'
Vivado Simulator 2017.4
Copyright 1986-1999, 2001-2016 Xilinx, Inc. All Rights Reserved.
Running: D:/Xilinx/Vivado/2017.4/bin/unwrapped/win64.o/xelab.exe -wto fa628f42c5f4497dafeea3dc78a09eaf --debug typical --relax --mt 2 -L xil_defaultlib -L secureip -L xpm --snapshot tb_mapeado_16QAM_behav xil_defaultlib.tb_mapeado_16QAM -log elaborate.log 
Using 2 slave threads.
Starting static elaboration
WARNING: [VRFC 10-122] qam16_fir_compiler_0_0 remains a black-box since it has no binding entity [C:/Users/Paula/OneDrive - Universidad de Alcala/Todo/map_qam/map_qam.srcs/sim_1/new/tb_mapeado_16QAM.vhd:74]
WARNING: [VRFC 10-122] qam16_fir_compiler_0_1 remains a black-box since it has no binding entity [C:/Users/Paula/OneDrive - Universidad de Alcala/Todo/map_qam/map_qam.srcs/sim_1/new/tb_mapeado_16QAM.vhd:82]
Completed static elaboration
Starting simulation data flow analysis
Completed simulation data flow analysis
Time Resolution for simulation is 1ps
Compiling package std.standard
Compiling package std.textio
Compiling package ieee.std_logic_1164
Compiling package ieee.numeric_std
Compiling package ieee.std_logic_arith
Compiling package ieee.std_logic_unsigned
Compiling package ieee.std_logic_textio
Compiling architecture behavioral of entity xil_defaultlib.mapeado_16QAM_I [mapeado_16qam_i_default]
Compiling architecture behavioral of entity xil_defaultlib.mapeado_16QAM_Q [mapeado_16qam_q_default]
Compiling architecture testbench of entity xil_defaultlib.tb_mapeado_16qam
Built simulation snapshot tb_mapeado_16QAM_behav
ERROR: [Common 17-165] Too many positional options when parsing '-notrace', please type 'webtalk -help' for usage info.

INFO: [USF-XSim-69] 'elaborate' step finished in '3' seconds
INFO: [USF-XSim-4] XSim::Simulate design
INFO: [USF-XSim-61] Executing 'SIMULATE' step in 'C:/Users/Paula/OneDrive - Universidad de Alcala/Todo/map_qam/map_qam.sim/sim_1/behav/xsim'
INFO: [USF-XSim-98] *** Running xsim
   with args "tb_mapeado_16QAM_behav -key {Behavioral:sim_1:Functional:tb_mapeado_16QAM} -tclbatch {tb_mapeado_16QAM.tcl} -view {{C:/Users/Paula/OneDrive - Universidad de Alcala/Todo/map_qam/tb_mapeado_16QAM_behav.wcfg}} -log {simulate.log}"
INFO: [USF-XSim-8] Loading simulator feature
Vivado Simulator 2017.4
Time resolution is 1 ps
open_wave_config {C:/Users/Paula/OneDrive - Universidad de Alcala/Todo/map_qam/tb_mapeado_16QAM_behav.wcfg}
source tb_mapeado_16QAM.tcl
# set curr_wave [current_wave_config]
# if { [string length $curr_wave] == 0 } {
#   if { [llength [get_objects]] > 0} {
#     add_wave /
#     set_property needs_save false [current_wave_config]
#   } else {
#      send_msg_id Add_Wave-1 WARNING "No top level signals found. Simulator will start without a wave window. If you want to open a wave window go to 'File->New Waveform Configuration' or type 'create_wave_config' in the TCL console."
#   }
# }
# run 1000ns
INFO: [USF-XSim-96] XSim completed. Design snapshot 'tb_mapeado_16QAM_behav' loaded.
INFO: [USF-XSim-97] XSim simulation ran for 1000ns
launch_simulation: Time (s): cpu = 00:00:03 ; elapsed = 00:00:10 . Memory (MB): peak = 844.113 ; gain = 0.492
set_property SOURCE_SET sources_1 [get_filesets sim_1]
add_files -fileset sim_1 -norecurse C:/Users/Paula/Downloads/QAM_output.txt
set_property SOURCE_SET sources_1 [get_filesets sim_1]
add_files -fileset sim_1 -norecurse {{C:/Users/Paula/OneDrive - Universidad de Alcala/Todo/map_qam/FIFO_output.txt}}
close_sim
INFO: [Simtcl 6-16] Simulation closed
launch_simulation
INFO: [Vivado 12-5698] Checking validity of IPs in the design for the 'XSim' simulator...
INFO: [Vivado 12-5682] Launching behavioral simulation in 'C:/Users/Paula/OneDrive - Universidad de Alcala/Todo/map_qam/map_qam.sim/sim_1/behav/xsim'
INFO: [Vivado 12-4795] Using compiled simulation libraries for IPs
INFO: [SIM-utils-51] Simulation object is 'sim_1'
INFO: [USF-XSim-7] Finding pre-compiled libraries...
INFO: [USF-XSim-11] File 'D:/Xilinx/Vivado/2017.4/data/xsim/ip/xsim_ip.ini' copied to run dir:'C:/Users/Paula/OneDrive - Universidad de Alcala/Todo/map_qam/map_qam.sim/sim_1/behav/xsim'
INFO: [SIM-utils-54] Inspecting design source files for 'tb_mapeado_16QAM' in fileset 'sim_1'...
INFO: [SIM-utils-43] Exported 'C:/Users/Paula/OneDrive - Universidad de Alcala/Todo/map_qam/map_qam.sim/sim_1/behav/xsim/qam16_fir_compiler_0_0.mif'
INFO: [SIM-utils-43] Exported 'C:/Users/Paula/OneDrive - Universidad de Alcala/Todo/map_qam/map_qam.sim/sim_1/behav/xsim/qam16_fir_compiler_0_1.mif'
INFO: [SIM-utils-43] Exported 'C:/Users/Paula/OneDrive - Universidad de Alcala/Todo/map_qam/map_qam.sim/sim_1/behav/xsim/QAM_output.txt'
INFO: [SIM-utils-43] Exported 'C:/Users/Paula/OneDrive - Universidad de Alcala/Todo/map_qam/map_qam.sim/sim_1/behav/xsim/FIFO_output.txt'
INFO: [USF-XSim-97] Finding global include files...
INFO: [USF-XSim-98] Fetching design files from 'sim_1'...
INFO: [USF-XSim-2] XSim::Compile design
INFO: [USF-XSim-61] Executing 'COMPILE and ANALYZE' step in 'C:/Users/Paula/OneDrive - Universidad de Alcala/Todo/map_qam/map_qam.sim/sim_1/behav/xsim'
"xvhdl --relax -prj tb_mapeado_16QAM_vhdl.prj"
INFO: [VRFC 10-163] Analyzing VHDL file "C:/Users/Paula/OneDrive - Universidad de Alcala/Todo/map_qam/map_qam.srcs/sources_1/new/mapeado_16QAM_I.vhd" into library xil_defaultlib
INFO: [VRFC 10-307] analyzing entity mapeado_16QAM_I
INFO: [VRFC 10-163] Analyzing VHDL file "C:/Users/Paula/OneDrive - Universidad de Alcala/Todo/map_qam/map_qam.srcs/sources_1/new/mapeado_16QAM_Q.vhd" into library xil_defaultlib
INFO: [VRFC 10-307] analyzing entity mapeado_16QAM_Q
INFO: [VRFC 10-163] Analyzing VHDL file "C:/Users/Paula/OneDrive - Universidad de Alcala/Todo/map_qam/map_qam.srcs/sim_1/new/tb_mapeado_16QAM.vhd" into library xil_defaultlib
INFO: [VRFC 10-307] analyzing entity tb_mapeado_16QAM
INFO: [USF-XSim-69] 'compile' step finished in '3' seconds
INFO: [USF-XSim-3] XSim::Elaborate design
INFO: [USF-XSim-61] Executing 'ELABORATE' step in 'C:/Users/Paula/OneDrive - Universidad de Alcala/Todo/map_qam/map_qam.sim/sim_1/behav/xsim'
Vivado Simulator 2017.4
Copyright 1986-1999, 2001-2016 Xilinx, Inc. All Rights Reserved.
Running: D:/Xilinx/Vivado/2017.4/bin/unwrapped/win64.o/xelab.exe -wto fa628f42c5f4497dafeea3dc78a09eaf --debug typical --relax --mt 2 -L xil_defaultlib -L secureip -L xpm --snapshot tb_mapeado_16QAM_behav xil_defaultlib.tb_mapeado_16QAM -log elaborate.log 
Using 2 slave threads.
Starting static elaboration
WARNING: [VRFC 10-122] qam16_fir_compiler_0_0 remains a black-box since it has no binding entity [C:/Users/Paula/OneDrive - Universidad de Alcala/Todo/map_qam/map_qam.srcs/sim_1/new/tb_mapeado_16QAM.vhd:74]
WARNING: [VRFC 10-122] qam16_fir_compiler_0_1 remains a black-box since it has no binding entity [C:/Users/Paula/OneDrive - Universidad de Alcala/Todo/map_qam/map_qam.srcs/sim_1/new/tb_mapeado_16QAM.vhd:82]
Completed static elaboration
Starting simulation data flow analysis
Completed simulation data flow analysis
Time Resolution for simulation is 1ps
Compiling package std.standard
Compiling package std.textio
Compiling package ieee.std_logic_1164
Compiling package ieee.numeric_std
Compiling package ieee.std_logic_arith
Compiling package ieee.std_logic_unsigned
Compiling package ieee.std_logic_textio
Compiling architecture behavioral of entity xil_defaultlib.mapeado_16QAM_I [mapeado_16qam_i_default]
Compiling architecture behavioral of entity xil_defaultlib.mapeado_16QAM_Q [mapeado_16qam_q_default]
Compiling architecture testbench of entity xil_defaultlib.tb_mapeado_16qam
Built simulation snapshot tb_mapeado_16QAM_behav
ERROR: [Common 17-165] Too many positional options when parsing '-notrace', please type 'webtalk -help' for usage info.

INFO: [USF-XSim-69] 'elaborate' step finished in '3' seconds
INFO: [USF-XSim-4] XSim::Simulate design
INFO: [USF-XSim-61] Executing 'SIMULATE' step in 'C:/Users/Paula/OneDrive - Universidad de Alcala/Todo/map_qam/map_qam.sim/sim_1/behav/xsim'
INFO: [USF-XSim-98] *** Running xsim
   with args "tb_mapeado_16QAM_behav -key {Behavioral:sim_1:Functional:tb_mapeado_16QAM} -tclbatch {tb_mapeado_16QAM.tcl} -view {{C:/Users/Paula/OneDrive - Universidad de Alcala/Todo/map_qam/tb_mapeado_16QAM_behav.wcfg}} -log {simulate.log}"
INFO: [USF-XSim-8] Loading simulator feature
Vivado Simulator 2017.4
Time resolution is 1 ps
open_wave_config {C:/Users/Paula/OneDrive - Universidad de Alcala/Todo/map_qam/tb_mapeado_16QAM_behav.wcfg}
source tb_mapeado_16QAM.tcl
# set curr_wave [current_wave_config]
# if { [string length $curr_wave] == 0 } {
#   if { [llength [get_objects]] > 0} {
#     add_wave /
#     set_property needs_save false [current_wave_config]
#   } else {
#      send_msg_id Add_Wave-1 WARNING "No top level signals found. Simulator will start without a wave window. If you want to open a wave window go to 'File->New Waveform Configuration' or type 'create_wave_config' in the TCL console."
#   }
# }
# run 1000ns
INFO: [USF-XSim-96] XSim completed. Design snapshot 'tb_mapeado_16QAM_behav' loaded.
INFO: [USF-XSim-97] XSim simulation ran for 1000ns
launch_simulation: Time (s): cpu = 00:00:03 ; elapsed = 00:00:10 . Memory (MB): peak = 858.992 ; gain = 0.000
run 1000 us
open_bd_design {C:/Users/Paula/OneDrive - Universidad de Alcala/Todo/map_qam/map_qam.srcs/sources_1/bd/qam16/qam16.bd}
Adding cell -- xilinx.com:ip:fir_compiler:7.2 - fir_compiler_I
Adding cell -- xilinx.com:ip:fir_compiler:7.2 - fir_compiler_Q
Adding cell -- xilinx.com:module_ref:mapeado_16QAM_I:1.0 - mapeado_16QAM_I_0
Adding cell -- xilinx.com:module_ref:mapeado_16QAM_Q:1.0 - mapeado_16QAM_Q_0
Successfully read diagram <qam16> from BD file <C:/Users/Paula/OneDrive - Universidad de Alcala/Todo/map_qam/map_qam.srcs/sources_1/bd/qam16/qam16.bd>
open_bd_design: Time (s): cpu = 00:00:10 ; elapsed = 00:00:14 . Memory (MB): peak = 948.004 ; gain = 89.012
close_sim
INFO: [Simtcl 6-16] Simulation closed
launch_simulation
INFO: [Vivado 12-5698] Checking validity of IPs in the design for the 'XSim' simulator...
INFO: [Vivado 12-5682] Launching behavioral simulation in 'C:/Users/Paula/OneDrive - Universidad de Alcala/Todo/map_qam/map_qam.sim/sim_1/behav/xsim'
INFO: [Vivado 12-4795] Using compiled simulation libraries for IPs
INFO: [SIM-utils-51] Simulation object is 'sim_1'
INFO: [USF-XSim-7] Finding pre-compiled libraries...
INFO: [USF-XSim-11] File 'D:/Xilinx/Vivado/2017.4/data/xsim/ip/xsim_ip.ini' copied to run dir:'C:/Users/Paula/OneDrive - Universidad de Alcala/Todo/map_qam/map_qam.sim/sim_1/behav/xsim'
INFO: [SIM-utils-54] Inspecting design source files for 'tb_mapeado_16QAM' in fileset 'sim_1'...
INFO: [SIM-utils-43] Exported 'C:/Users/Paula/OneDrive - Universidad de Alcala/Todo/map_qam/map_qam.sim/sim_1/behav/xsim/qam16_fir_compiler_0_0.mif'
INFO: [SIM-utils-43] Exported 'C:/Users/Paula/OneDrive - Universidad de Alcala/Todo/map_qam/map_qam.sim/sim_1/behav/xsim/qam16_fir_compiler_0_1.mif'
INFO: [SIM-utils-43] Exported 'C:/Users/Paula/OneDrive - Universidad de Alcala/Todo/map_qam/map_qam.sim/sim_1/behav/xsim/QAM_output.txt'
INFO: [SIM-utils-43] Exported 'C:/Users/Paula/OneDrive - Universidad de Alcala/Todo/map_qam/map_qam.sim/sim_1/behav/xsim/FIFO_output.txt'
INFO: [USF-XSim-97] Finding global include files...
INFO: [USF-XSim-98] Fetching design files from 'sim_1'...
INFO: [USF-XSim-2] XSim::Compile design
INFO: [USF-XSim-61] Executing 'COMPILE and ANALYZE' step in 'C:/Users/Paula/OneDrive - Universidad de Alcala/Todo/map_qam/map_qam.sim/sim_1/behav/xsim'
"xvhdl --relax -prj tb_mapeado_16QAM_vhdl.prj"
INFO: [VRFC 10-163] Analyzing VHDL file "C:/Users/Paula/OneDrive - Universidad de Alcala/Todo/map_qam/map_qam.srcs/sources_1/new/mapeado_16QAM_I.vhd" into library xil_defaultlib
INFO: [VRFC 10-307] analyzing entity mapeado_16QAM_I
INFO: [VRFC 10-163] Analyzing VHDL file "C:/Users/Paula/OneDrive - Universidad de Alcala/Todo/map_qam/map_qam.srcs/sources_1/new/mapeado_16QAM_Q.vhd" into library xil_defaultlib
INFO: [VRFC 10-307] analyzing entity mapeado_16QAM_Q
INFO: [VRFC 10-163] Analyzing VHDL file "C:/Users/Paula/OneDrive - Universidad de Alcala/Todo/map_qam/map_qam.srcs/sim_1/new/tb_mapeado_16QAM.vhd" into library xil_defaultlib
INFO: [VRFC 10-307] analyzing entity tb_mapeado_16QAM
INFO: [USF-XSim-69] 'compile' step finished in '3' seconds
INFO: [USF-XSim-3] XSim::Elaborate design
INFO: [USF-XSim-61] Executing 'ELABORATE' step in 'C:/Users/Paula/OneDrive - Universidad de Alcala/Todo/map_qam/map_qam.sim/sim_1/behav/xsim'
Vivado Simulator 2017.4
Copyright 1986-1999, 2001-2016 Xilinx, Inc. All Rights Reserved.
Running: D:/Xilinx/Vivado/2017.4/bin/unwrapped/win64.o/xelab.exe -wto fa628f42c5f4497dafeea3dc78a09eaf --debug typical --relax --mt 2 -L xil_defaultlib -L secureip -L xpm --snapshot tb_mapeado_16QAM_behav xil_defaultlib.tb_mapeado_16QAM -log elaborate.log 
Using 2 slave threads.
Starting static elaboration
WARNING: [VRFC 10-122] qam16_fir_compiler_0_0 remains a black-box since it has no binding entity [C:/Users/Paula/OneDrive - Universidad de Alcala/Todo/map_qam/map_qam.srcs/sim_1/new/tb_mapeado_16QAM.vhd:74]
WARNING: [VRFC 10-122] qam16_fir_compiler_0_1 remains a black-box since it has no binding entity [C:/Users/Paula/OneDrive - Universidad de Alcala/Todo/map_qam/map_qam.srcs/sim_1/new/tb_mapeado_16QAM.vhd:82]
Completed static elaboration
Starting simulation data flow analysis
Completed simulation data flow analysis
Time Resolution for simulation is 1ps
Compiling package std.standard
Compiling package std.textio
Compiling package ieee.std_logic_1164
Compiling package ieee.numeric_std
Compiling package ieee.std_logic_arith
Compiling package ieee.std_logic_unsigned
Compiling package ieee.std_logic_textio
Compiling architecture behavioral of entity xil_defaultlib.mapeado_16QAM_I [mapeado_16qam_i_default]
Compiling architecture behavioral of entity xil_defaultlib.mapeado_16QAM_Q [mapeado_16qam_q_default]
Compiling architecture testbench of entity xil_defaultlib.tb_mapeado_16qam
Built simulation snapshot tb_mapeado_16QAM_behav
ERROR: [Common 17-165] Too many positional options when parsing '-notrace', please type 'webtalk -help' for usage info.

INFO: [USF-XSim-69] 'elaborate' step finished in '3' seconds
INFO: [USF-XSim-4] XSim::Simulate design
INFO: [USF-XSim-61] Executing 'SIMULATE' step in 'C:/Users/Paula/OneDrive - Universidad de Alcala/Todo/map_qam/map_qam.sim/sim_1/behav/xsim'
INFO: [USF-XSim-98] *** Running xsim
   with args "tb_mapeado_16QAM_behav -key {Behavioral:sim_1:Functional:tb_mapeado_16QAM} -tclbatch {tb_mapeado_16QAM.tcl} -view {{C:/Users/Paula/OneDrive - Universidad de Alcala/Todo/map_qam/tb_mapeado_16QAM_behav.wcfg}} -log {simulate.log}"
INFO: [USF-XSim-8] Loading simulator feature
Vivado Simulator 2017.4
Time resolution is 1 ps
open_wave_config {C:/Users/Paula/OneDrive - Universidad de Alcala/Todo/map_qam/tb_mapeado_16QAM_behav.wcfg}
source tb_mapeado_16QAM.tcl
# set curr_wave [current_wave_config]
# if { [string length $curr_wave] == 0 } {
#   if { [llength [get_objects]] > 0} {
#     add_wave /
#     set_property needs_save false [current_wave_config]
#   } else {
#      send_msg_id Add_Wave-1 WARNING "No top level signals found. Simulator will start without a wave window. If you want to open a wave window go to 'File->New Waveform Configuration' or type 'create_wave_config' in the TCL console."
#   }
# }
# run 1000ns
INFO: [USF-XSim-96] XSim completed. Design snapshot 'tb_mapeado_16QAM_behav' loaded.
INFO: [USF-XSim-97] XSim simulation ran for 1000ns
launch_simulation: Time (s): cpu = 00:00:05 ; elapsed = 00:00:10 . Memory (MB): peak = 954.352 ; gain = 0.000
run 1000 us
run 1000 us
run 1000 us
export_ip_user_files -of_objects  [get_files C:/Users/Paula/Downloads/QAM_output.txt] -no_script -reset -force -quiet
remove_files  -fileset sim_1 C:/Users/Paula/Downloads/QAM_output.txt
close_sim
INFO: [Simtcl 6-16] Simulation closed
launch_simulation
INFO: [Vivado 12-5698] Checking validity of IPs in the design for the 'XSim' simulator...
INFO: [Vivado 12-5682] Launching behavioral simulation in 'C:/Users/Paula/OneDrive - Universidad de Alcala/Todo/map_qam/map_qam.sim/sim_1/behav/xsim'
INFO: [Vivado 12-4795] Using compiled simulation libraries for IPs
INFO: [SIM-utils-51] Simulation object is 'sim_1'
INFO: [USF-XSim-7] Finding pre-compiled libraries...
INFO: [USF-XSim-11] File 'D:/Xilinx/Vivado/2017.4/data/xsim/ip/xsim_ip.ini' copied to run dir:'C:/Users/Paula/OneDrive - Universidad de Alcala/Todo/map_qam/map_qam.sim/sim_1/behav/xsim'
INFO: [SIM-utils-54] Inspecting design source files for 'tb_mapeado_16QAM' in fileset 'sim_1'...
INFO: [SIM-utils-43] Exported 'C:/Users/Paula/OneDrive - Universidad de Alcala/Todo/map_qam/map_qam.sim/sim_1/behav/xsim/qam16_fir_compiler_0_0.mif'
INFO: [SIM-utils-43] Exported 'C:/Users/Paula/OneDrive - Universidad de Alcala/Todo/map_qam/map_qam.sim/sim_1/behav/xsim/qam16_fir_compiler_0_1.mif'
INFO: [SIM-utils-43] Exported 'C:/Users/Paula/OneDrive - Universidad de Alcala/Todo/map_qam/map_qam.sim/sim_1/behav/xsim/FIFO_output.txt'
INFO: [USF-XSim-97] Finding global include files...
INFO: [USF-XSim-98] Fetching design files from 'sim_1'...
INFO: [USF-XSim-2] XSim::Compile design
INFO: [USF-XSim-61] Executing 'COMPILE and ANALYZE' step in 'C:/Users/Paula/OneDrive - Universidad de Alcala/Todo/map_qam/map_qam.sim/sim_1/behav/xsim'
"xvhdl --relax -prj tb_mapeado_16QAM_vhdl.prj"
INFO: [VRFC 10-163] Analyzing VHDL file "C:/Users/Paula/OneDrive - Universidad de Alcala/Todo/map_qam/map_qam.srcs/sources_1/new/mapeado_16QAM_I.vhd" into library xil_defaultlib
INFO: [VRFC 10-307] analyzing entity mapeado_16QAM_I
INFO: [VRFC 10-163] Analyzing VHDL file "C:/Users/Paula/OneDrive - Universidad de Alcala/Todo/map_qam/map_qam.srcs/sources_1/new/mapeado_16QAM_Q.vhd" into library xil_defaultlib
INFO: [VRFC 10-307] analyzing entity mapeado_16QAM_Q
INFO: [VRFC 10-163] Analyzing VHDL file "C:/Users/Paula/OneDrive - Universidad de Alcala/Todo/map_qam/map_qam.srcs/sim_1/new/tb_mapeado_16QAM.vhd" into library xil_defaultlib
INFO: [VRFC 10-307] analyzing entity tb_mapeado_16QAM
INFO: [USF-XSim-69] 'compile' step finished in '1' seconds
INFO: [USF-XSim-3] XSim::Elaborate design
INFO: [USF-XSim-61] Executing 'ELABORATE' step in 'C:/Users/Paula/OneDrive - Universidad de Alcala/Todo/map_qam/map_qam.sim/sim_1/behav/xsim'
Vivado Simulator 2017.4
Copyright 1986-1999, 2001-2016 Xilinx, Inc. All Rights Reserved.
Running: D:/Xilinx/Vivado/2017.4/bin/unwrapped/win64.o/xelab.exe -wto fa628f42c5f4497dafeea3dc78a09eaf --debug typical --relax --mt 2 -L xil_defaultlib -L secureip -L xpm --snapshot tb_mapeado_16QAM_behav xil_defaultlib.tb_mapeado_16QAM -log elaborate.log 
Using 2 slave threads.
Starting static elaboration
WARNING: [VRFC 10-122] qam16_fir_compiler_0_0 remains a black-box since it has no binding entity [C:/Users/Paula/OneDrive - Universidad de Alcala/Todo/map_qam/map_qam.srcs/sim_1/new/tb_mapeado_16QAM.vhd:74]
WARNING: [VRFC 10-122] qam16_fir_compiler_0_1 remains a black-box since it has no binding entity [C:/Users/Paula/OneDrive - Universidad de Alcala/Todo/map_qam/map_qam.srcs/sim_1/new/tb_mapeado_16QAM.vhd:82]
Completed static elaboration
Starting simulation data flow analysis
Completed simulation data flow analysis
Time Resolution for simulation is 1ps
Compiling package std.standard
Compiling package std.textio
Compiling package ieee.std_logic_1164
Compiling package ieee.numeric_std
Compiling package ieee.std_logic_arith
Compiling package ieee.std_logic_unsigned
Compiling package ieee.std_logic_textio
Compiling architecture behavioral of entity xil_defaultlib.mapeado_16QAM_I [mapeado_16qam_i_default]
Compiling architecture behavioral of entity xil_defaultlib.mapeado_16QAM_Q [mapeado_16qam_q_default]
Compiling architecture testbench of entity xil_defaultlib.tb_mapeado_16qam
Built simulation snapshot tb_mapeado_16QAM_behav
ERROR: [Common 17-165] Too many positional options when parsing '-notrace', please type 'webtalk -help' for usage info.

INFO: [USF-XSim-69] 'elaborate' step finished in '4' seconds
INFO: [USF-XSim-4] XSim::Simulate design
INFO: [USF-XSim-61] Executing 'SIMULATE' step in 'C:/Users/Paula/OneDrive - Universidad de Alcala/Todo/map_qam/map_qam.sim/sim_1/behav/xsim'
INFO: [USF-XSim-98] *** Running xsim
   with args "tb_mapeado_16QAM_behav -key {Behavioral:sim_1:Functional:tb_mapeado_16QAM} -tclbatch {tb_mapeado_16QAM.tcl} -view {{C:/Users/Paula/OneDrive - Universidad de Alcala/Todo/map_qam/tb_mapeado_16QAM_behav.wcfg}} -log {simulate.log}"
INFO: [USF-XSim-8] Loading simulator feature
Vivado Simulator 2017.4
Time resolution is 1 ps
open_wave_config {C:/Users/Paula/OneDrive - Universidad de Alcala/Todo/map_qam/tb_mapeado_16QAM_behav.wcfg}
source tb_mapeado_16QAM.tcl
# set curr_wave [current_wave_config]
# if { [string length $curr_wave] == 0 } {
#   if { [llength [get_objects]] > 0} {
#     add_wave /
#     set_property needs_save false [current_wave_config]
#   } else {
#      send_msg_id Add_Wave-1 WARNING "No top level signals found. Simulator will start without a wave window. If you want to open a wave window go to 'File->New Waveform Configuration' or type 'create_wave_config' in the TCL console."
#   }
# }
# run 1000ns
INFO: [USF-XSim-96] XSim completed. Design snapshot 'tb_mapeado_16QAM_behav' loaded.
INFO: [USF-XSim-97] XSim simulation ran for 1000ns
launch_simulation: Time (s): cpu = 00:00:05 ; elapsed = 00:00:10 . Memory (MB): peak = 954.352 ; gain = 0.000
run 1000 us
run 1000 us
close_sim
INFO: [Simtcl 6-16] Simulation closed
launch_simulation
INFO: [Vivado 12-5698] Checking validity of IPs in the design for the 'XSim' simulator...
INFO: [Vivado 12-5682] Launching behavioral simulation in 'C:/Users/Paula/OneDrive - Universidad de Alcala/Todo/map_qam/map_qam.sim/sim_1/behav/xsim'
INFO: [Vivado 12-4795] Using compiled simulation libraries for IPs
INFO: [SIM-utils-51] Simulation object is 'sim_1'
INFO: [USF-XSim-7] Finding pre-compiled libraries...
INFO: [USF-XSim-11] File 'D:/Xilinx/Vivado/2017.4/data/xsim/ip/xsim_ip.ini' copied to run dir:'C:/Users/Paula/OneDrive - Universidad de Alcala/Todo/map_qam/map_qam.sim/sim_1/behav/xsim'
INFO: [SIM-utils-54] Inspecting design source files for 'tb_mapeado_16QAM' in fileset 'sim_1'...
INFO: [SIM-utils-43] Exported 'C:/Users/Paula/OneDrive - Universidad de Alcala/Todo/map_qam/map_qam.sim/sim_1/behav/xsim/qam16_fir_compiler_0_0.mif'
INFO: [SIM-utils-43] Exported 'C:/Users/Paula/OneDrive - Universidad de Alcala/Todo/map_qam/map_qam.sim/sim_1/behav/xsim/qam16_fir_compiler_0_1.mif'
INFO: [SIM-utils-43] Exported 'C:/Users/Paula/OneDrive - Universidad de Alcala/Todo/map_qam/map_qam.sim/sim_1/behav/xsim/FIFO_output.txt'
INFO: [USF-XSim-97] Finding global include files...
INFO: [USF-XSim-98] Fetching design files from 'sim_1'...
INFO: [USF-XSim-2] XSim::Compile design
INFO: [USF-XSim-61] Executing 'COMPILE and ANALYZE' step in 'C:/Users/Paula/OneDrive - Universidad de Alcala/Todo/map_qam/map_qam.sim/sim_1/behav/xsim'
"xvhdl --relax -prj tb_mapeado_16QAM_vhdl.prj"
INFO: [VRFC 10-163] Analyzing VHDL file "C:/Users/Paula/OneDrive - Universidad de Alcala/Todo/map_qam/map_qam.srcs/sources_1/new/mapeado_16QAM_I.vhd" into library xil_defaultlib
INFO: [VRFC 10-307] analyzing entity mapeado_16QAM_I
INFO: [VRFC 10-163] Analyzing VHDL file "C:/Users/Paula/OneDrive - Universidad de Alcala/Todo/map_qam/map_qam.srcs/sources_1/new/mapeado_16QAM_Q.vhd" into library xil_defaultlib
INFO: [VRFC 10-307] analyzing entity mapeado_16QAM_Q
INFO: [VRFC 10-163] Analyzing VHDL file "C:/Users/Paula/OneDrive - Universidad de Alcala/Todo/map_qam/map_qam.srcs/sim_1/new/tb_mapeado_16QAM.vhd" into library xil_defaultlib
INFO: [VRFC 10-307] analyzing entity tb_mapeado_16QAM
INFO: [USF-XSim-69] 'compile' step finished in '2' seconds
INFO: [USF-XSim-3] XSim::Elaborate design
INFO: [USF-XSim-61] Executing 'ELABORATE' step in 'C:/Users/Paula/OneDrive - Universidad de Alcala/Todo/map_qam/map_qam.sim/sim_1/behav/xsim'
Vivado Simulator 2017.4
Copyright 1986-1999, 2001-2016 Xilinx, Inc. All Rights Reserved.
Running: D:/Xilinx/Vivado/2017.4/bin/unwrapped/win64.o/xelab.exe -wto fa628f42c5f4497dafeea3dc78a09eaf --debug typical --relax --mt 2 -L xil_defaultlib -L secureip -L xpm --snapshot tb_mapeado_16QAM_behav xil_defaultlib.tb_mapeado_16QAM -log elaborate.log 
Using 2 slave threads.
Starting static elaboration
WARNING: [VRFC 10-122] qam16_fir_compiler_0_0 remains a black-box since it has no binding entity [C:/Users/Paula/OneDrive - Universidad de Alcala/Todo/map_qam/map_qam.srcs/sim_1/new/tb_mapeado_16QAM.vhd:74]
WARNING: [VRFC 10-122] qam16_fir_compiler_0_1 remains a black-box since it has no binding entity [C:/Users/Paula/OneDrive - Universidad de Alcala/Todo/map_qam/map_qam.srcs/sim_1/new/tb_mapeado_16QAM.vhd:82]
Completed static elaboration
Starting simulation data flow analysis
Completed simulation data flow analysis
Time Resolution for simulation is 1ps
Compiling package std.standard
Compiling package std.textio
Compiling package ieee.std_logic_1164
Compiling package ieee.numeric_std
Compiling package ieee.std_logic_arith
Compiling package ieee.std_logic_unsigned
Compiling package ieee.std_logic_textio
Compiling architecture behavioral of entity xil_defaultlib.mapeado_16QAM_I [mapeado_16qam_i_default]
Compiling architecture behavioral of entity xil_defaultlib.mapeado_16QAM_Q [mapeado_16qam_q_default]
Compiling architecture testbench of entity xil_defaultlib.tb_mapeado_16qam
Built simulation snapshot tb_mapeado_16QAM_behav
ERROR: [Common 17-165] Too many positional options when parsing '-notrace', please type 'webtalk -help' for usage info.

INFO: [USF-XSim-69] 'elaborate' step finished in '3' seconds
INFO: [USF-XSim-4] XSim::Simulate design
INFO: [USF-XSim-61] Executing 'SIMULATE' step in 'C:/Users/Paula/OneDrive - Universidad de Alcala/Todo/map_qam/map_qam.sim/sim_1/behav/xsim'
INFO: [USF-XSim-98] *** Running xsim
   with args "tb_mapeado_16QAM_behav -key {Behavioral:sim_1:Functional:tb_mapeado_16QAM} -tclbatch {tb_mapeado_16QAM.tcl} -view {{C:/Users/Paula/OneDrive - Universidad de Alcala/Todo/map_qam/tb_mapeado_16QAM_behav.wcfg}} -log {simulate.log}"
INFO: [USF-XSim-8] Loading simulator feature
Vivado Simulator 2017.4
Time resolution is 1 ps
open_wave_config {C:/Users/Paula/OneDrive - Universidad de Alcala/Todo/map_qam/tb_mapeado_16QAM_behav.wcfg}
source tb_mapeado_16QAM.tcl
# set curr_wave [current_wave_config]
# if { [string length $curr_wave] == 0 } {
#   if { [llength [get_objects]] > 0} {
#     add_wave /
#     set_property needs_save false [current_wave_config]
#   } else {
#      send_msg_id Add_Wave-1 WARNING "No top level signals found. Simulator will start without a wave window. If you want to open a wave window go to 'File->New Waveform Configuration' or type 'create_wave_config' in the TCL console."
#   }
# }
# run 1000ns
INFO: [USF-XSim-96] XSim completed. Design snapshot 'tb_mapeado_16QAM_behav' loaded.
INFO: [USF-XSim-97] XSim simulation ran for 1000ns
launch_simulation: Time (s): cpu = 00:00:02 ; elapsed = 00:00:09 . Memory (MB): peak = 954.352 ; gain = 0.000
run 1000 us
run 1000 us
close_sim
INFO: [Simtcl 6-16] Simulation closed
launch_simulation
INFO: [Vivado 12-5698] Checking validity of IPs in the design for the 'XSim' simulator...
INFO: [Vivado 12-5682] Launching behavioral simulation in 'C:/Users/Paula/OneDrive - Universidad de Alcala/Todo/map_qam/map_qam.sim/sim_1/behav/xsim'
INFO: [Vivado 12-4795] Using compiled simulation libraries for IPs
INFO: [SIM-utils-51] Simulation object is 'sim_1'
INFO: [USF-XSim-7] Finding pre-compiled libraries...
INFO: [USF-XSim-11] File 'D:/Xilinx/Vivado/2017.4/data/xsim/ip/xsim_ip.ini' copied to run dir:'C:/Users/Paula/OneDrive - Universidad de Alcala/Todo/map_qam/map_qam.sim/sim_1/behav/xsim'
INFO: [SIM-utils-54] Inspecting design source files for 'tb_mapeado_16QAM' in fileset 'sim_1'...
INFO: [SIM-utils-43] Exported 'C:/Users/Paula/OneDrive - Universidad de Alcala/Todo/map_qam/map_qam.sim/sim_1/behav/xsim/qam16_fir_compiler_0_0.mif'
INFO: [SIM-utils-43] Exported 'C:/Users/Paula/OneDrive - Universidad de Alcala/Todo/map_qam/map_qam.sim/sim_1/behav/xsim/qam16_fir_compiler_0_1.mif'
INFO: [SIM-utils-43] Exported 'C:/Users/Paula/OneDrive - Universidad de Alcala/Todo/map_qam/map_qam.sim/sim_1/behav/xsim/FIFO_output.txt'
INFO: [USF-XSim-97] Finding global include files...
INFO: [USF-XSim-98] Fetching design files from 'sim_1'...
INFO: [USF-XSim-2] XSim::Compile design
INFO: [USF-XSim-61] Executing 'COMPILE and ANALYZE' step in 'C:/Users/Paula/OneDrive - Universidad de Alcala/Todo/map_qam/map_qam.sim/sim_1/behav/xsim'
"xvhdl --relax -prj tb_mapeado_16QAM_vhdl.prj"
INFO: [VRFC 10-163] Analyzing VHDL file "C:/Users/Paula/OneDrive - Universidad de Alcala/Todo/map_qam/map_qam.srcs/sources_1/new/mapeado_16QAM_I.vhd" into library xil_defaultlib
INFO: [VRFC 10-307] analyzing entity mapeado_16QAM_I
INFO: [VRFC 10-163] Analyzing VHDL file "C:/Users/Paula/OneDrive - Universidad de Alcala/Todo/map_qam/map_qam.srcs/sources_1/new/mapeado_16QAM_Q.vhd" into library xil_defaultlib
INFO: [VRFC 10-307] analyzing entity mapeado_16QAM_Q
INFO: [VRFC 10-163] Analyzing VHDL file "C:/Users/Paula/OneDrive - Universidad de Alcala/Todo/map_qam/map_qam.srcs/sim_1/new/tb_mapeado_16QAM.vhd" into library xil_defaultlib
INFO: [VRFC 10-307] analyzing entity tb_mapeado_16QAM
INFO: [USF-XSim-69] 'compile' step finished in '2' seconds
INFO: [USF-XSim-3] XSim::Elaborate design
INFO: [USF-XSim-61] Executing 'ELABORATE' step in 'C:/Users/Paula/OneDrive - Universidad de Alcala/Todo/map_qam/map_qam.sim/sim_1/behav/xsim'
Vivado Simulator 2017.4
Copyright 1986-1999, 2001-2016 Xilinx, Inc. All Rights Reserved.
Running: D:/Xilinx/Vivado/2017.4/bin/unwrapped/win64.o/xelab.exe -wto fa628f42c5f4497dafeea3dc78a09eaf --debug typical --relax --mt 2 -L xil_defaultlib -L secureip -L xpm --snapshot tb_mapeado_16QAM_behav xil_defaultlib.tb_mapeado_16QAM -log elaborate.log 
Using 2 slave threads.
Starting static elaboration
WARNING: [VRFC 10-122] qam16_fir_compiler_0_0 remains a black-box since it has no binding entity [C:/Users/Paula/OneDrive - Universidad de Alcala/Todo/map_qam/map_qam.srcs/sim_1/new/tb_mapeado_16QAM.vhd:74]
WARNING: [VRFC 10-122] qam16_fir_compiler_0_1 remains a black-box since it has no binding entity [C:/Users/Paula/OneDrive - Universidad de Alcala/Todo/map_qam/map_qam.srcs/sim_1/new/tb_mapeado_16QAM.vhd:82]
Completed static elaboration
Starting simulation data flow analysis
Completed simulation data flow analysis
Time Resolution for simulation is 1ps
Compiling package std.standard
Compiling package std.textio
Compiling package ieee.std_logic_1164
Compiling package ieee.numeric_std
Compiling package ieee.std_logic_arith
Compiling package ieee.std_logic_unsigned
Compiling package ieee.std_logic_textio
Compiling architecture behavioral of entity xil_defaultlib.mapeado_16QAM_I [mapeado_16qam_i_default]
Compiling architecture behavioral of entity xil_defaultlib.mapeado_16QAM_Q [mapeado_16qam_q_default]
Compiling architecture testbench of entity xil_defaultlib.tb_mapeado_16qam
Built simulation snapshot tb_mapeado_16QAM_behav
ERROR: [Common 17-165] Too many positional options when parsing '-notrace', please type 'webtalk -help' for usage info.

INFO: [USF-XSim-69] 'elaborate' step finished in '4' seconds
INFO: [USF-XSim-4] XSim::Simulate design
INFO: [USF-XSim-61] Executing 'SIMULATE' step in 'C:/Users/Paula/OneDrive - Universidad de Alcala/Todo/map_qam/map_qam.sim/sim_1/behav/xsim'
INFO: [USF-XSim-98] *** Running xsim
   with args "tb_mapeado_16QAM_behav -key {Behavioral:sim_1:Functional:tb_mapeado_16QAM} -tclbatch {tb_mapeado_16QAM.tcl} -view {{C:/Users/Paula/OneDrive - Universidad de Alcala/Todo/map_qam/tb_mapeado_16QAM_behav.wcfg}} -log {simulate.log}"
INFO: [USF-XSim-8] Loading simulator feature
Vivado Simulator 2017.4
Time resolution is 1 ps
open_wave_config {C:/Users/Paula/OneDrive - Universidad de Alcala/Todo/map_qam/tb_mapeado_16QAM_behav.wcfg}
source tb_mapeado_16QAM.tcl
# set curr_wave [current_wave_config]
# if { [string length $curr_wave] == 0 } {
#   if { [llength [get_objects]] > 0} {
#     add_wave /
#     set_property needs_save false [current_wave_config]
#   } else {
#      send_msg_id Add_Wave-1 WARNING "No top level signals found. Simulator will start without a wave window. If you want to open a wave window go to 'File->New Waveform Configuration' or type 'create_wave_config' in the TCL console."
#   }
# }
# run 1000ns
INFO: [USF-XSim-96] XSim completed. Design snapshot 'tb_mapeado_16QAM_behav' loaded.
INFO: [USF-XSim-97] XSim simulation ran for 1000ns
launch_simulation: Time (s): cpu = 00:00:02 ; elapsed = 00:00:08 . Memory (MB): peak = 954.352 ; gain = 0.000
run 1000 us
open_bd_design {C:/Users/Paula/OneDrive - Universidad de Alcala/Todo/map_qam/map_qam.srcs/sources_1/bd/qam16/qam16.bd}
regenerate_bd_layout
save_bd_design
close_sim
INFO: [Simtcl 6-16] Simulation closed
exit
INFO: [Common 17-206] Exiting Vivado at Tue Dec 19 13:20:30 2023...
