#-----------------------------------------------------------
# Vivado v2017.4 (64-bit)
# SW Build 2086221 on Fri Dec 15 20:55:39 MST 2017
# IP Build 2085800 on Fri Dec 15 22:25:07 MST 2017
# Start of session at: Sun Dec  3 16:46:06 2023
# Process ID: 14612
# Current directory: C:/Users/Paula/OneDrive - Universidad de Alcala/Todo/map_qam
# Command line: vivado.exe -gui_launcher_event rodinguilauncherevent16704 C:\Users\Paula\OneDrive - Universidad de Alcala\Todo\map_qam\map_qam.xpr
# Log file: C:/Users/Paula/OneDrive - Universidad de Alcala/Todo/map_qam/vivado.log
# Journal file: C:/Users/Paula/OneDrive - Universidad de Alcala/Todo/map_qam\vivado.jou
#-----------------------------------------------------------
start_gui
open_project {C:/Users/Paula/OneDrive - Universidad de Alcala/Todo/map_qam/map_qam.xpr}
INFO: [Project 1-313] Project file moved from 'C:/Users/Paula/Downloads/map_qam' since last save.
Scanning sources...
Finished scanning sources
INFO: [IP_Flow 19-234] Refreshing IP repositories
INFO: [IP_Flow 19-1704] No user IP repositories specified
INFO: [IP_Flow 19-2313] Loaded Vivado IP repository 'D:/Xilinx/Vivado/2017.4/data/ip'.
open_project: Time (s): cpu = 00:00:10 ; elapsed = 00:00:05 . Memory (MB): peak = 755.840 ; gain = 66.781
update_compile_order -fileset sources_1
create_bd_design "qam16"
Wrote  : <C:/Users/Paula/OneDrive - Universidad de Alcala/Todo/map_qam/map_qam.srcs/sources_1/bd/qam16/qam16.bd> 
create_bd_design: Time (s): cpu = 00:00:12 ; elapsed = 00:00:10 . Memory (MB): peak = 842.520 ; gain = 61.992
update_compile_order -fileset sources_1
create_bd_cell -type module -reference mapeado_16QAM_Q mapeado_16QAM_Q_0
INFO: [IP_Flow 19-4753] Inferred signal 'reset' from port 'rst' as interface 'rst'.
INFO: [IP_Flow 19-4753] Inferred signal 'clock' from port 'clk' as interface 'clk'.
INFO: [IP_Flow 19-4728] Bus Interface 'clk': Added interface parameter 'ASSOCIATED_RESET' with value 'rst'.
WARNING: [IP_Flow 19-3153] Bus Interface 'clk': ASSOCIATED_BUSIF bus parameter is missing.
INFO: [IP_Flow 19-234] Refreshing IP repositories
INFO: [IP_Flow 19-1704] No user IP repositories specified
create_bd_cell -type module -reference mapeado_16QAM_I mapeado_16QAM_I_0
INFO: [IP_Flow 19-4753] Inferred signal 'reset' from port 'rst' as interface 'rst'.
INFO: [IP_Flow 19-4753] Inferred signal 'clock' from port 'clk' as interface 'clk'.
INFO: [IP_Flow 19-4728] Bus Interface 'clk': Added interface parameter 'ASSOCIATED_RESET' with value 'rst'.
WARNING: [IP_Flow 19-3153] Bus Interface 'clk': ASSOCIATED_BUSIF bus parameter is missing.
INFO: [IP_Flow 19-234] Refreshing IP repositories
INFO: [IP_Flow 19-1704] No user IP repositories specified
create_bd_cell -type module -reference zp zp_0
INFO: [IP_Flow 19-4753] Inferred signal 'clock' from port 'clk' as interface 'clk'.
WARNING: [IP_Flow 19-3153] Bus Interface 'clk': ASSOCIATED_BUSIF bus parameter is missing.
INFO: [IP_Flow 19-234] Refreshing IP repositories
INFO: [IP_Flow 19-1704] No user IP repositories specified
