#-----------------------------------------------------------
# Vivado v2017.4 (64-bit)
# SW Build 2086221 on Fri Dec 15 20:55:39 MST 2017
# IP Build 2085800 on Fri Dec 15 22:25:07 MST 2017
# Start of session at: Mon Nov 13 13:23:07 2023
# Process ID: 2036
# Current directory: C:/Users/Paula/OneDrive - Universidad de Alcala/Todo/16_QAM_Transmissor/FIFO_XADC
# Command line: vivado.exe -gui_launcher_event rodinguilauncherevent19688 C:\Users\Paula\OneDrive - Universidad de Alcala\Todo\16_QAM_Transmissor\FIFO_XADC\P1_fifo_xadc.xpr
# Log file: C:/Users/Paula/OneDrive - Universidad de Alcala/Todo/16_QAM_Transmissor/FIFO_XADC/vivado.log
# Journal file: C:/Users/Paula/OneDrive - Universidad de Alcala/Todo/16_QAM_Transmissor/FIFO_XADC\vivado.jou
#-----------------------------------------------------------
start_gui
open_project {C:/Users/Paula/OneDrive - Universidad de Alcala/Todo/16_QAM_Transmissor/FIFO_XADC/P1_fifo_xadc.xpr}
INFO: [ProjectBase 1-489] The host OS only allows 260 characters in a normal path. The project is stored in a path with more than 80 characters. If you experience issues with IP, Block Designs, or files not being found, please consider moving the project to a location with a shorter path. Alternately consider using the OS subst command to map part of the path to a drive letter.
Current project path is 'C:/Users/Paula/OneDrive - Universidad de Alcala/Todo/16_QAM_Transmissor/FIFO_XADC'
INFO: [Project 1-313] Project file moved from 'C:/Users/Paula/OneDrive - Universidad de Alcala/Todo/vivado/E1/FIFO_XADC' since last save.
Scanning sources...
Finished scanning sources
INFO: [IP_Flow 19-234] Refreshing IP repositories
INFO: [IP_Flow 19-1704] No user IP repositories specified
INFO: [IP_Flow 19-2313] Loaded Vivado IP repository 'D:/Xilinx/Vivado/2017.4/data/ip'.
open_project: Time (s): cpu = 00:00:10 ; elapsed = 00:00:09 . Memory (MB): peak = 710.473 ; gain = 67.867
update_compile_order -fileset sources_1
launch_simulation
INFO: [Vivado 12-5682] Launching behavioral simulation in 'C:/Users/Paula/OneDrive - Universidad de Alcala/Todo/16_QAM_Transmissor/FIFO_XADC/P1_fifo_xadc.sim/sim_1/behav/xsim'
INFO: [Vivado 12-4795] Using compiled simulation libraries for IPs
INFO: [SIM-utils-51] Simulation object is 'sim_1'
INFO: [USF-XSim-7] Finding pre-compiled libraries...
INFO: [USF-XSim-11] File 'D:/Xilinx/Vivado/2017.4/data/xsim/ip/xsim_ip.ini' copied to run dir:'C:/Users/Paula/OneDrive - Universidad de Alcala/Todo/16_QAM_Transmissor/FIFO_XADC/P1_fifo_xadc.sim/sim_1/behav/xsim'
INFO: [SIM-utils-54] Inspecting design source files for 'prueba_xadc_tb' in fileset 'sim_1'...
INFO: [SIM-utils-43] Exported 'C:/Users/Paula/OneDrive - Universidad de Alcala/Todo/16_QAM_Transmissor/FIFO_XADC/P1_fifo_xadc.sim/sim_1/behav/xsim/design.txt'
INFO: [USF-XSim-97] Finding global include files...
INFO: [USF-XSim-98] Fetching design files from 'sim_1'...
INFO: [USF-XSim-2] XSim::Compile design
INFO: [USF-XSim-61] Executing 'COMPILE and ANALYZE' step in 'C:/Users/Paula/OneDrive - Universidad de Alcala/Todo/16_QAM_Transmissor/FIFO_XADC/P1_fifo_xadc.sim/sim_1/behav/xsim'
"xvlog --incr --relax -prj prueba_xadc_tb_vlog.prj"
INFO: [VRFC 10-2263] Analyzing Verilog file "C:/Users/Paula/OneDrive - Universidad de Alcala/Todo/16_QAM_Transmissor/FIFO_XADC/P1_fifo_xadc.ip_user_files/bd/design_1/ip/design_1_xlslice_0_0/sim/design_1_xlslice_0_0.v" into library xil_defaultlib
INFO: [VRFC 10-311] analyzing module design_1_xlslice_0_0
INFO: [VRFC 10-2263] Analyzing Verilog file "C:/Users/Paula/OneDrive - Universidad de Alcala/Todo/16_QAM_Transmissor/FIFO_XADC/P1_fifo_xadc.ip_user_files/bd/design_1/ip/design_1_fifo_generator_0_0/sim/design_1_fifo_generator_0_0.v" into library xil_defaultlib
INFO: [VRFC 10-311] analyzing module design_1_fifo_generator_0_0
INFO: [VRFC 10-2263] Analyzing Verilog file "C:/Users/Paula/OneDrive - Universidad de Alcala/Todo/16_QAM_Transmissor/FIFO_XADC/P1_fifo_xadc.sim/sim_1/behav/xsim/glbl.v" into library xil_defaultlib
INFO: [VRFC 10-311] analyzing module glbl
"xvhdl --incr --relax -prj prueba_xadc_tb_vhdl.prj"
INFO: [VRFC 10-163] Analyzing VHDL file "C:/Users/Paula/OneDrive - Universidad de Alcala/Todo/16_QAM_Transmissor/FIFO_XADC/P1_fifo_xadc.ip_user_files/bd/design_1/ip/design_1_xadc_wiz_0_0/design_1_xadc_wiz_0_0.vhd" into library xil_defaultlib
INFO: [VRFC 10-307] analyzing entity design_1_xadc_wiz_0_0
INFO: [VRFC 10-163] Analyzing VHDL file "C:/Users/Paula/OneDrive - Universidad de Alcala/Todo/16_QAM_Transmissor/FIFO_XADC/P1_fifo_xadc.ip_user_files/bd/design_1/sim/design_1.vhd" into library xil_defaultlib
INFO: [VRFC 10-307] analyzing entity design_1
INFO: [VRFC 10-163] Analyzing VHDL file "C:/Users/Paula/OneDrive - Universidad de Alcala/Todo/16_QAM_Transmissor/FIFO_XADC/P1_fifo_xadc.srcs/sim_1/imports/Documents/prueba_xadc_tb.vhd" into library xil_defaultlib
INFO: [VRFC 10-307] analyzing entity prueba_xadc_tb
run_program: Time (s): cpu = 00:00:00 ; elapsed = 00:00:06 . Memory (MB): peak = 729.840 ; gain = 0.176
INFO: [USF-XSim-69] 'compile' step finished in '7' seconds
INFO: [USF-XSim-3] XSim::Elaborate design
INFO: [USF-XSim-61] Executing 'ELABORATE' step in 'C:/Users/Paula/OneDrive - Universidad de Alcala/Todo/16_QAM_Transmissor/FIFO_XADC/P1_fifo_xadc.sim/sim_1/behav/xsim'
Vivado Simulator 2017.4
Copyright 1986-1999, 2001-2016 Xilinx, Inc. All Rights Reserved.
Running: D:/Xilinx/Vivado/2017.4/bin/unwrapped/win64.o/xelab.exe -wto e06165ee33124632814c5567ac626386 --incr --debug typical --relax --mt 2 -L xil_defaultlib -L xlslice_v1_0_1 -L fifo_generator_v13_2_1 -L unisims_ver -L unimacro_ver -L secureip -L xpm --snapshot prueba_xadc_tb_behav xil_defaultlib.prueba_xadc_tb xil_defaultlib.glbl -log elaborate.log 
Using 2 slave threads.
Starting static elaboration
Completed static elaboration
Starting simulation data flow analysis
Completed simulation data flow analysis
Time Resolution for simulation is 1ps
Compiling package std.standard
Compiling package std.textio
Compiling package ieee.std_logic_1164
Compiling package ieee.numeric_std
Compiling package unisim.vcomponents
Compiling package ieee.std_logic_arith
Compiling package ieee.std_logic_signed
Compiling package ieee.vital_timing
Compiling package ieee.vital_primitives
Compiling package unisim.vpkg
Compiling package vl.vl_types
Compiling module xil_defaultlib.glbl
Compiling module fifo_generator_v13_2_1.fifo_generator_v13_2_1_sync_stag...
Compiling module fifo_generator_v13_2_1.fifo_generator_v13_2_1_bhv_ver_a...
Compiling module fifo_generator_v13_2_1.fifo_generator_v13_2_1_CONV_VER(...
Compiling module fifo_generator_v13_2_1.fifo_generator_vlog_beh(C_DATA_C...
Compiling module fifo_generator_v13_2_1.fifo_generator_v13_2_1(C_EN_SAFE...
Compiling module xil_defaultlib.design_1_fifo_generator_0_0
Compiling architecture xadc_v of entity unisim.XADC [\XADC(init_40="0000000000000011"...]
Compiling architecture xilinx of entity xil_defaultlib.design_1_xadc_wiz_0_0 [design_1_xadc_wiz_0_0_default]
Compiling module xlslice_v1_0_1.xlslice_v1_0_1_xlslice(DIN_WIDTH...
Compiling module xil_defaultlib.design_1_xlslice_0_0
Compiling architecture structure of entity xil_defaultlib.design_1 [design_1_default]
Compiling architecture behavioral of entity xil_defaultlib.prueba_xadc_tb
Built simulation snapshot prueba_xadc_tb_behav
ERROR: [Common 17-165] Too many positional options when parsing '-notrace', please type 'webtalk -help' for usage info.

run_program: Time (s): cpu = 00:00:00 ; elapsed = 00:00:07 . Memory (MB): peak = 730.285 ; gain = 0.172
INFO: [USF-XSim-69] 'elaborate' step finished in '7' seconds
INFO: [USF-XSim-4] XSim::Simulate design
INFO: [USF-XSim-61] Executing 'SIMULATE' step in 'C:/Users/Paula/OneDrive - Universidad de Alcala/Todo/16_QAM_Transmissor/FIFO_XADC/P1_fifo_xadc.sim/sim_1/behav/xsim'
INFO: [USF-XSim-98] *** Running xsim
   with args "prueba_xadc_tb_behav -key {Behavioral:sim_1:Functional:prueba_xadc_tb} -tclbatch {prueba_xadc_tb.tcl} -view {{C:/Users/Paula/OneDrive - Universidad de Alcala/Todo/16_QAM_Transmissor/FIFO_XADC/P1_fifo_xadc.srcs/sim_1/imports/xadc_2017v4/prueba_xadc_tb_behav.wcfg}} -log {simulate.log}"
INFO: [USF-XSim-8] Loading simulator feature
Vivado Simulator 2017.4
Time resolution is 1 ps
open_wave_config {C:/Users/Paula/OneDrive - Universidad de Alcala/Todo/16_QAM_Transmissor/FIFO_XADC/P1_fifo_xadc.srcs/sim_1/imports/xadc_2017v4/prueba_xadc_tb_behav.wcfg}
source prueba_xadc_tb.tcl
# set curr_wave [current_wave_config]
# if { [string length $curr_wave] == 0 } {
#   if { [llength [get_objects]] > 0} {
#     add_wave /
#     set_property needs_save false [current_wave_config]
#   } else {
#      send_msg_id Add_Wave-1 WARNING "No top level signals found. Simulator will start without a wave window. If you want to open a wave window go to 'File->New Waveform Configuration' or type 'create_wave_config' in the TCL console."
#   }
# }
# run 1000ns
WARNING: Behavioral models for independent clock FIFO configurations do not model synchronization delays. The behavioral models are functionally correct, and will represent the behavior of the configured FIFO. See the FIFO Generator User Guide for more information.
INFO: [USF-XSim-96] XSim completed. Design snapshot 'prueba_xadc_tb_behav' loaded.
INFO: [USF-XSim-97] XSim simulation ran for 1000ns
launch_simulation: Time (s): cpu = 00:00:08 ; elapsed = 00:00:21 . Memory (MB): peak = 747.570 ; gain = 18.152
restart
INFO: [Simtcl 6-17] Simulation restarted
run all
WARNING: Behavioral models for independent clock FIFO configurations do not model synchronization delays. The behavioral models are functionally correct, and will represent the behavior of the configured FIFO. See the FIFO Generator User Guide for more information.
Failure: Fin simulacion
Time: 202270855 ps  Iteration: 1  Process: /prueba_xadc_tb/stimulus  File: C:/Users/Paula/OneDrive - Universidad de Alcala/Todo/16_QAM_Transmissor/FIFO_XADC/P1_fifo_xadc.srcs/sim_1/imports/Documents/prueba_xadc_tb.vhd
$finish called at time : 202270855 ps : File "C:/Users/Paula/OneDrive - Universidad de Alcala/Todo/16_QAM_Transmissor/FIFO_XADC/P1_fifo_xadc.srcs/sim_1/imports/Documents/prueba_xadc_tb.vhd" Line 210
restart
INFO: [Simtcl 6-17] Simulation restarted
run 100 us
WARNING: Behavioral models for independent clock FIFO configurations do not model synchronization delays. The behavioral models are functionally correct, and will represent the behavior of the configured FIFO. See the FIFO Generator User Guide for more information.
run 100 us
run all
Failure: Fin simulacion
Time: 202270855 ps  Iteration: 1  Process: /prueba_xadc_tb/stimulus  File: C:/Users/Paula/OneDrive - Universidad de Alcala/Todo/16_QAM_Transmissor/FIFO_XADC/P1_fifo_xadc.srcs/sim_1/imports/Documents/prueba_xadc_tb.vhd
$finish called at time : 202270855 ps : File "C:/Users/Paula/OneDrive - Universidad de Alcala/Todo/16_QAM_Transmissor/FIFO_XADC/P1_fifo_xadc.srcs/sim_1/imports/Documents/prueba_xadc_tb.vhd" Line 210
save_wave_config {C:/Users/Paula/OneDrive - Universidad de Alcala/Todo/16_QAM_Transmissor/FIFO_XADC/P1_fifo_xadc.srcs/sim_1/imports/xadc_2017v4/prueba_xadc_tb_behav.wcfg}
open_bd_design {C:/Users/Paula/OneDrive - Universidad de Alcala/Todo/16_QAM_Transmissor/FIFO_XADC/P1_fifo_xadc.srcs/sources_1/bd/design_1/design_1.bd}
Adding cell -- xilinx.com:ip:xadc_wiz:3.3 - xadc_wiz_0
Adding cell -- xilinx.com:ip:xlslice:1.0 - xlslice_0
Adding cell -- xilinx.com:ip:fifo_generator:13.2 - fifo_generator_0
INFO: [xilinx.com:ip:fifo_generator:13.2-5968] /fifo_generator_0Executing the post_config_ip from bd
WARNING: [BD 41-1731] Type mismatch between connected pins: /reset_in_0(rst) and /fifo_generator_0/rst(undef)
Successfully read diagram <design_1> from BD file <C:/Users/Paula/OneDrive - Universidad de Alcala/Todo/16_QAM_Transmissor/FIFO_XADC/P1_fifo_xadc.srcs/sources_1/bd/design_1/design_1.bd>
open_bd_design: Time (s): cpu = 00:00:08 ; elapsed = 00:00:11 . Memory (MB): peak = 858.883 ; gain = 88.645
open_bd_design {C:/Users/Paula/OneDrive - Universidad de Alcala/Todo/16_QAM_Transmissor/FIFO_XADC/P1_fifo_xadc.srcs/sources_1/bd/design_1/design_1.bd}
INFO: [Device 21-403] Loading part xc7k70tfbv676-1
startgroup
set_property -dict [list CONFIG.STIMULUS_FREQ {13}] [get_bd_cells xadc_wiz_0]
endgroup
generate_target all [get_files  {{C:/Users/Paula/OneDrive - Universidad de Alcala/Todo/16_QAM_Transmissor/FIFO_XADC/P1_fifo_xadc.srcs/sources_1/bd/design_1/design_1.bd}}]
WARNING: [BD 41-927] Following properties on pin /xadc_wiz_0/dclk_in have been updated from connected ip. They may not be synchronized with cell properties. You can set property on pin directly to confirm the value and resolve the warning.
	CLK_DOMAIN=design_1_dclk_in_0 
Wrote  : <C:/Users/Paula/OneDrive - Universidad de Alcala/Todo/16_QAM_Transmissor/FIFO_XADC/P1_fifo_xadc.srcs/sources_1/bd/design_1/design_1.bd> 
Wrote  : <C:/Users/Paula/OneDrive - Universidad de Alcala/Todo/16_QAM_Transmissor/FIFO_XADC/P1_fifo_xadc.srcs/sources_1/bd/design_1/ui/bd_1f5defd0.ui> 
VHDL Output written to : C:/Users/Paula/OneDrive - Universidad de Alcala/Todo/16_QAM_Transmissor/FIFO_XADC/P1_fifo_xadc.srcs/sources_1/bd/design_1/synth/design_1.vhd
VHDL Output written to : C:/Users/Paula/OneDrive - Universidad de Alcala/Todo/16_QAM_Transmissor/FIFO_XADC/P1_fifo_xadc.srcs/sources_1/bd/design_1/sim/design_1.vhd
VHDL Output written to : C:/Users/Paula/OneDrive - Universidad de Alcala/Todo/16_QAM_Transmissor/FIFO_XADC/P1_fifo_xadc.srcs/sources_1/bd/design_1/hdl/design_1_wrapper.vhd
INFO: [BD 41-1029] Generation completed for the IP Integrator block xadc_wiz_0 .
INFO: [BD 41-1029] Generation completed for the IP Integrator block xlslice_0 .
INFO: [BD 41-1029] Generation completed for the IP Integrator block fifo_generator_0 .
Exporting to file C:/Users/Paula/OneDrive - Universidad de Alcala/Todo/16_QAM_Transmissor/FIFO_XADC/P1_fifo_xadc.srcs/sources_1/bd/design_1/hw_handoff/design_1.hwh
Generated Block Design Tcl file C:/Users/Paula/OneDrive - Universidad de Alcala/Todo/16_QAM_Transmissor/FIFO_XADC/P1_fifo_xadc.srcs/sources_1/bd/design_1/hw_handoff/design_1_bd.tcl
Generated Hardware Definition File C:/Users/Paula/OneDrive - Universidad de Alcala/Todo/16_QAM_Transmissor/FIFO_XADC/P1_fifo_xadc.srcs/sources_1/bd/design_1/synth/design_1.hwdef
export_ip_user_files -of_objects [get_files {{C:/Users/Paula/OneDrive - Universidad de Alcala/Todo/16_QAM_Transmissor/FIFO_XADC/P1_fifo_xadc.srcs/sources_1/bd/design_1/design_1.bd}}] -no_script -sync -force -quiet
export_simulation -of_objects [get_files {{C:/Users/Paula/OneDrive - Universidad de Alcala/Todo/16_QAM_Transmissor/FIFO_XADC/P1_fifo_xadc.srcs/sources_1/bd/design_1/design_1.bd}}] -directory {C:/Users/Paula/OneDrive - Universidad de Alcala/Todo/16_QAM_Transmissor/FIFO_XADC/P1_fifo_xadc.ip_user_files/sim_scripts} -ip_user_files_dir {C:/Users/Paula/OneDrive - Universidad de Alcala/Todo/16_QAM_Transmissor/FIFO_XADC/P1_fifo_xadc.ip_user_files} -ipstatic_source_dir {C:/Users/Paula/OneDrive - Universidad de Alcala/Todo/16_QAM_Transmissor/FIFO_XADC/P1_fifo_xadc.ip_user_files/ipstatic} -lib_map_path [list {modelsim=C:/Users/Paula/OneDrive - Universidad de Alcala/Todo/16_QAM_Transmissor/FIFO_XADC/P1_fifo_xadc.cache/compile_simlib/modelsim} {questa=C:/Users/Paula/OneDrive - Universidad de Alcala/Todo/16_QAM_Transmissor/FIFO_XADC/P1_fifo_xadc.cache/compile_simlib/questa} {riviera=C:/Users/Paula/OneDrive - Universidad de Alcala/Todo/16_QAM_Transmissor/FIFO_XADC/P1_fifo_xadc.cache/compile_simlib/riviera} {activehdl=C:/Users/Paula/OneDrive - Universidad de Alcala/Todo/16_QAM_Transmissor/FIFO_XADC/P1_fifo_xadc.cache/compile_simlib/activehdl}] -use_ip_compiled_libs -force -quiet
save_wave_config {C:/Users/Paula/OneDrive - Universidad de Alcala/Todo/16_QAM_Transmissor/FIFO_XADC/P1_fifo_xadc.srcs/sim_1/imports/xadc_2017v4/prueba_xadc_tb_behav.wcfg}
close_sim
INFO: [Simtcl 6-16] Simulation closed
launch_simulation
INFO: [Vivado 12-5682] Launching behavioral simulation in 'C:/Users/Paula/OneDrive - Universidad de Alcala/Todo/16_QAM_Transmissor/FIFO_XADC/P1_fifo_xadc.sim/sim_1/behav/xsim'
INFO: [Vivado 12-4795] Using compiled simulation libraries for IPs
INFO: [SIM-utils-51] Simulation object is 'sim_1'
INFO: [USF-XSim-7] Finding pre-compiled libraries...
INFO: [USF-XSim-11] File 'D:/Xilinx/Vivado/2017.4/data/xsim/ip/xsim_ip.ini' copied to run dir:'C:/Users/Paula/OneDrive - Universidad de Alcala/Todo/16_QAM_Transmissor/FIFO_XADC/P1_fifo_xadc.sim/sim_1/behav/xsim'
INFO: [SIM-utils-54] Inspecting design source files for 'prueba_xadc_tb' in fileset 'sim_1'...
INFO: [SIM-utils-43] Exported 'C:/Users/Paula/OneDrive - Universidad de Alcala/Todo/16_QAM_Transmissor/FIFO_XADC/P1_fifo_xadc.sim/sim_1/behav/xsim/design.txt'
INFO: [USF-XSim-97] Finding global include files...
INFO: [USF-XSim-98] Fetching design files from 'sim_1'...
INFO: [USF-XSim-2] XSim::Compile design
INFO: [USF-XSim-61] Executing 'COMPILE and ANALYZE' step in 'C:/Users/Paula/OneDrive - Universidad de Alcala/Todo/16_QAM_Transmissor/FIFO_XADC/P1_fifo_xadc.sim/sim_1/behav/xsim'
"xvlog --incr --relax -prj prueba_xadc_tb_vlog.prj"
"xvhdl --incr --relax -prj prueba_xadc_tb_vhdl.prj"
INFO: [VRFC 10-163] Analyzing VHDL file "C:/Users/Paula/OneDrive - Universidad de Alcala/Todo/16_QAM_Transmissor/FIFO_XADC/P1_fifo_xadc.ip_user_files/bd/design_1/ip/design_1_xadc_wiz_0_0/design_1_xadc_wiz_0_0.vhd" into library xil_defaultlib
INFO: [VRFC 10-307] analyzing entity design_1_xadc_wiz_0_0
INFO: [VRFC 10-163] Analyzing VHDL file "C:/Users/Paula/OneDrive - Universidad de Alcala/Todo/16_QAM_Transmissor/FIFO_XADC/P1_fifo_xadc.ip_user_files/bd/design_1/sim/design_1.vhd" into library xil_defaultlib
INFO: [VRFC 10-307] analyzing entity design_1
INFO: [VRFC 10-163] Analyzing VHDL file "C:/Users/Paula/OneDrive - Universidad de Alcala/Todo/16_QAM_Transmissor/FIFO_XADC/P1_fifo_xadc.srcs/sim_1/imports/Documents/prueba_xadc_tb.vhd" into library xil_defaultlib
INFO: [VRFC 10-307] analyzing entity prueba_xadc_tb
run_program: Time (s): cpu = 00:00:00 ; elapsed = 00:00:05 . Memory (MB): peak = 1097.254 ; gain = 0.000
INFO: [USF-XSim-69] 'compile' step finished in '5' seconds
INFO: [USF-XSim-3] XSim::Elaborate design
INFO: [USF-XSim-61] Executing 'ELABORATE' step in 'C:/Users/Paula/OneDrive - Universidad de Alcala/Todo/16_QAM_Transmissor/FIFO_XADC/P1_fifo_xadc.sim/sim_1/behav/xsim'
Vivado Simulator 2017.4
Copyright 1986-1999, 2001-2016 Xilinx, Inc. All Rights Reserved.
Running: D:/Xilinx/Vivado/2017.4/bin/unwrapped/win64.o/xelab.exe -wto e06165ee33124632814c5567ac626386 --incr --debug typical --relax --mt 2 -L xil_defaultlib -L xlslice_v1_0_1 -L fifo_generator_v13_2_1 -L unisims_ver -L unimacro_ver -L secureip -L xpm --snapshot prueba_xadc_tb_behav xil_defaultlib.prueba_xadc_tb xil_defaultlib.glbl -log elaborate.log 
Using 2 slave threads.
Starting static elaboration
Completed static elaboration
Starting simulation data flow analysis
Completed simulation data flow analysis
Time Resolution for simulation is 1ps
Compiling package std.standard
Compiling package std.textio
Compiling package ieee.std_logic_1164
Compiling package ieee.numeric_std
Compiling package unisim.vcomponents
Compiling package ieee.std_logic_arith
Compiling package ieee.std_logic_signed
Compiling package ieee.vital_timing
Compiling package ieee.vital_primitives
Compiling package unisim.vpkg
Compiling package vl.vl_types
Compiling module xil_defaultlib.glbl
Compiling module fifo_generator_v13_2_1.fifo_generator_v13_2_1_sync_stag...
Compiling module fifo_generator_v13_2_1.fifo_generator_v13_2_1_bhv_ver_a...
Compiling module fifo_generator_v13_2_1.fifo_generator_v13_2_1_CONV_VER(...
Compiling module fifo_generator_v13_2_1.fifo_generator_vlog_beh(C_DATA_C...
Compiling module fifo_generator_v13_2_1.fifo_generator_v13_2_1(C_EN_SAFE...
Compiling module xil_defaultlib.design_1_fifo_generator_0_0
Compiling architecture xadc_v of entity unisim.XADC [\XADC(init_40="0000000000000011"...]
Compiling architecture xilinx of entity xil_defaultlib.design_1_xadc_wiz_0_0 [design_1_xadc_wiz_0_0_default]
Compiling module xlslice_v1_0_1.xlslice_v1_0_1_xlslice(DIN_WIDTH...
Compiling module xil_defaultlib.design_1_xlslice_0_0
Compiling architecture structure of entity xil_defaultlib.design_1 [design_1_default]
Compiling architecture behavioral of entity xil_defaultlib.prueba_xadc_tb
Built simulation snapshot prueba_xadc_tb_behav
run_program: Time (s): cpu = 00:00:01 ; elapsed = 00:00:08 . Memory (MB): peak = 1097.254 ; gain = 0.000
INFO: [USF-XSim-69] 'elaborate' step finished in '8' seconds
INFO: [USF-XSim-4] XSim::Simulate design
INFO: [USF-XSim-61] Executing 'SIMULATE' step in 'C:/Users/Paula/OneDrive - Universidad de Alcala/Todo/16_QAM_Transmissor/FIFO_XADC/P1_fifo_xadc.sim/sim_1/behav/xsim'
INFO: [USF-XSim-98] *** Running xsim
   with args "prueba_xadc_tb_behav -key {Behavioral:sim_1:Functional:prueba_xadc_tb} -tclbatch {prueba_xadc_tb.tcl} -view {{C:/Users/Paula/OneDrive - Universidad de Alcala/Todo/16_QAM_Transmissor/FIFO_XADC/P1_fifo_xadc.srcs/sim_1/imports/xadc_2017v4/prueba_xadc_tb_behav.wcfg}} -log {simulate.log}"
INFO: [USF-XSim-8] Loading simulator feature
Vivado Simulator 2017.4
Time resolution is 1 ps
open_wave_config {C:/Users/Paula/OneDrive - Universidad de Alcala/Todo/16_QAM_Transmissor/FIFO_XADC/P1_fifo_xadc.srcs/sim_1/imports/xadc_2017v4/prueba_xadc_tb_behav.wcfg}
source prueba_xadc_tb.tcl
# set curr_wave [current_wave_config]
# if { [string length $curr_wave] == 0 } {
#   if { [llength [get_objects]] > 0} {
#     add_wave /
#     set_property needs_save false [current_wave_config]
#   } else {
#      send_msg_id Add_Wave-1 WARNING "No top level signals found. Simulator will start without a wave window. If you want to open a wave window go to 'File->New Waveform Configuration' or type 'create_wave_config' in the TCL console."
#   }
# }
# run 1000ns
WARNING: Behavioral models for independent clock FIFO configurations do not model synchronization delays. The behavioral models are functionally correct, and will represent the behavior of the configured FIFO. See the FIFO Generator User Guide for more information.
INFO: [USF-XSim-96] XSim completed. Design snapshot 'prueba_xadc_tb_behav' loaded.
INFO: [USF-XSim-97] XSim simulation ran for 1000ns
launch_simulation: Time (s): cpu = 00:00:03 ; elapsed = 00:00:17 . Memory (MB): peak = 1097.473 ; gain = 0.219
run all
Failure: Fin simulacion
Time: 202270855 ps  Iteration: 1  Process: /prueba_xadc_tb/stimulus  File: C:/Users/Paula/OneDrive - Universidad de Alcala/Todo/16_QAM_Transmissor/FIFO_XADC/P1_fifo_xadc.srcs/sim_1/imports/Documents/prueba_xadc_tb.vhd
$finish called at time : 202270855 ps : File "C:/Users/Paula/OneDrive - Universidad de Alcala/Todo/16_QAM_Transmissor/FIFO_XADC/P1_fifo_xadc.srcs/sim_1/imports/Documents/prueba_xadc_tb.vhd" Line 210
open_bd_design {C:/Users/Paula/OneDrive - Universidad de Alcala/Todo/16_QAM_Transmissor/FIFO_XADC/P1_fifo_xadc.srcs/sources_1/bd/design_1/design_1.bd}
restart
INFO: [Simtcl 6-17] Simulation restarted
run all
WARNING: Behavioral models for independent clock FIFO configurations do not model synchronization delays. The behavioral models are functionally correct, and will represent the behavior of the configured FIFO. See the FIFO Generator User Guide for more information.
Failure: Fin simulacion
Time: 202270855 ps  Iteration: 1  Process: /prueba_xadc_tb/stimulus  File: C:/Users/Paula/OneDrive - Universidad de Alcala/Todo/16_QAM_Transmissor/FIFO_XADC/P1_fifo_xadc.srcs/sim_1/imports/Documents/prueba_xadc_tb.vhd
$finish called at time : 202270855 ps : File "C:/Users/Paula/OneDrive - Universidad de Alcala/Todo/16_QAM_Transmissor/FIFO_XADC/P1_fifo_xadc.srcs/sim_1/imports/Documents/prueba_xadc_tb.vhd" Line 210
run all
save_wave_config {C:/Users/Paula/OneDrive - Universidad de Alcala/Todo/16_QAM_Transmissor/FIFO_XADC/P1_fifo_xadc.srcs/sim_1/imports/xadc_2017v4/prueba_xadc_tb_behav.wcfg}
close_sim
INFO: [Simtcl 6-16] Simulation closed
launch_simulation
INFO: [Vivado 12-5682] Launching behavioral simulation in 'C:/Users/Paula/OneDrive - Universidad de Alcala/Todo/16_QAM_Transmissor/FIFO_XADC/P1_fifo_xadc.sim/sim_1/behav/xsim'
INFO: [Vivado 12-4795] Using compiled simulation libraries for IPs
INFO: [SIM-utils-51] Simulation object is 'sim_1'
INFO: [USF-XSim-7] Finding pre-compiled libraries...
INFO: [USF-XSim-11] File 'D:/Xilinx/Vivado/2017.4/data/xsim/ip/xsim_ip.ini' copied to run dir:'C:/Users/Paula/OneDrive - Universidad de Alcala/Todo/16_QAM_Transmissor/FIFO_XADC/P1_fifo_xadc.sim/sim_1/behav/xsim'
INFO: [SIM-utils-54] Inspecting design source files for 'prueba_xadc_tb' in fileset 'sim_1'...
INFO: [SIM-utils-43] Exported 'C:/Users/Paula/OneDrive - Universidad de Alcala/Todo/16_QAM_Transmissor/FIFO_XADC/P1_fifo_xadc.sim/sim_1/behav/xsim/design.txt'
INFO: [USF-XSim-97] Finding global include files...
INFO: [USF-XSim-98] Fetching design files from 'sim_1'...
INFO: [USF-XSim-2] XSim::Compile design
INFO: [USF-XSim-61] Executing 'COMPILE and ANALYZE' step in 'C:/Users/Paula/OneDrive - Universidad de Alcala/Todo/16_QAM_Transmissor/FIFO_XADC/P1_fifo_xadc.sim/sim_1/behav/xsim'
"xvlog --incr --relax -prj prueba_xadc_tb_vlog.prj"
"xvhdl --incr --relax -prj prueba_xadc_tb_vhdl.prj"
INFO: [VRFC 10-163] Analyzing VHDL file "C:/Users/Paula/OneDrive - Universidad de Alcala/Todo/16_QAM_Transmissor/FIFO_XADC/P1_fifo_xadc.srcs/sim_1/imports/Documents/prueba_xadc_tb.vhd" into library xil_defaultlib
INFO: [VRFC 10-307] analyzing entity prueba_xadc_tb
INFO: [USF-XSim-69] 'compile' step finished in '5' seconds
INFO: [USF-XSim-3] XSim::Elaborate design
INFO: [USF-XSim-61] Executing 'ELABORATE' step in 'C:/Users/Paula/OneDrive - Universidad de Alcala/Todo/16_QAM_Transmissor/FIFO_XADC/P1_fifo_xadc.sim/sim_1/behav/xsim'
Vivado Simulator 2017.4
Copyright 1986-1999, 2001-2016 Xilinx, Inc. All Rights Reserved.
Running: D:/Xilinx/Vivado/2017.4/bin/unwrapped/win64.o/xelab.exe -wto e06165ee33124632814c5567ac626386 --incr --debug typical --relax --mt 2 -L xil_defaultlib -L xlslice_v1_0_1 -L fifo_generator_v13_2_1 -L unisims_ver -L unimacro_ver -L secureip -L xpm --snapshot prueba_xadc_tb_behav xil_defaultlib.prueba_xadc_tb xil_defaultlib.glbl -log elaborate.log 
Using 2 slave threads.
Starting static elaboration
Completed static elaboration
Starting simulation data flow analysis
Completed simulation data flow analysis
Time Resolution for simulation is 1ps
Compiling package std.standard
Compiling package std.textio
Compiling package ieee.std_logic_1164
Compiling package ieee.numeric_std
Compiling package unisim.vcomponents
Compiling package ieee.std_logic_arith
Compiling package ieee.std_logic_signed
Compiling package ieee.vital_timing
Compiling package ieee.vital_primitives
Compiling package unisim.vpkg
Compiling package vl.vl_types
Compiling module xil_defaultlib.glbl
Compiling module fifo_generator_v13_2_1.fifo_generator_v13_2_1_sync_stag...
Compiling module fifo_generator_v13_2_1.fifo_generator_v13_2_1_bhv_ver_a...
Compiling module fifo_generator_v13_2_1.fifo_generator_v13_2_1_CONV_VER(...
Compiling module fifo_generator_v13_2_1.fifo_generator_vlog_beh(C_DATA_C...
Compiling module fifo_generator_v13_2_1.fifo_generator_v13_2_1(C_EN_SAFE...
Compiling module xil_defaultlib.design_1_fifo_generator_0_0
Compiling architecture xadc_v of entity unisim.XADC [\XADC(init_40="0000000000000011"...]
Compiling architecture xilinx of entity xil_defaultlib.design_1_xadc_wiz_0_0 [design_1_xadc_wiz_0_0_default]
Compiling module xlslice_v1_0_1.xlslice_v1_0_1_xlslice(DIN_WIDTH...
Compiling module xil_defaultlib.design_1_xlslice_0_0
Compiling architecture structure of entity xil_defaultlib.design_1 [design_1_default]
Compiling architecture behavioral of entity xil_defaultlib.prueba_xadc_tb
Built simulation snapshot prueba_xadc_tb_behav
run_program: Time (s): cpu = 00:00:00 ; elapsed = 00:00:06 . Memory (MB): peak = 1210.945 ; gain = 0.000
INFO: [USF-XSim-69] 'elaborate' step finished in '6' seconds
INFO: [USF-XSim-4] XSim::Simulate design
INFO: [USF-XSim-61] Executing 'SIMULATE' step in 'C:/Users/Paula/OneDrive - Universidad de Alcala/Todo/16_QAM_Transmissor/FIFO_XADC/P1_fifo_xadc.sim/sim_1/behav/xsim'
INFO: [USF-XSim-98] *** Running xsim
   with args "prueba_xadc_tb_behav -key {Behavioral:sim_1:Functional:prueba_xadc_tb} -tclbatch {prueba_xadc_tb.tcl} -view {{C:/Users/Paula/OneDrive - Universidad de Alcala/Todo/16_QAM_Transmissor/FIFO_XADC/P1_fifo_xadc.srcs/sim_1/imports/xadc_2017v4/prueba_xadc_tb_behav.wcfg}} -log {simulate.log}"
INFO: [USF-XSim-8] Loading simulator feature
Vivado Simulator 2017.4
Time resolution is 1 ps
open_wave_config {C:/Users/Paula/OneDrive - Universidad de Alcala/Todo/16_QAM_Transmissor/FIFO_XADC/P1_fifo_xadc.srcs/sim_1/imports/xadc_2017v4/prueba_xadc_tb_behav.wcfg}
WARNING: Simulation object /prueba_xadc_tb/dato_i was not found in the design.
source prueba_xadc_tb.tcl
# set curr_wave [current_wave_config]
# if { [string length $curr_wave] == 0 } {
#   if { [llength [get_objects]] > 0} {
#     add_wave /
#     set_property needs_save false [current_wave_config]
#   } else {
#      send_msg_id Add_Wave-1 WARNING "No top level signals found. Simulator will start without a wave window. If you want to open a wave window go to 'File->New Waveform Configuration' or type 'create_wave_config' in the TCL console."
#   }
# }
# run 1000ns
WARNING: Behavioral models for independent clock FIFO configurations do not model synchronization delays. The behavioral models are functionally correct, and will represent the behavior of the configured FIFO. See the FIFO Generator User Guide for more information.
INFO: [USF-XSim-96] XSim completed. Design snapshot 'prueba_xadc_tb_behav' loaded.
INFO: [USF-XSim-97] XSim simulation ran for 1000ns
launch_simulation: Time (s): cpu = 00:00:03 ; elapsed = 00:00:15 . Memory (MB): peak = 1212.879 ; gain = 1.934
run 100 us
run 100 us
run 100 us
Failure: Fin simulacion
Time: 202270855 ps  Iteration: 1  Process: /prueba_xadc_tb/stimulus  File: C:/Users/Paula/OneDrive - Universidad de Alcala/Todo/16_QAM_Transmissor/FIFO_XADC/P1_fifo_xadc.srcs/sim_1/imports/Documents/prueba_xadc_tb.vhd
$finish called at time : 202270855 ps : File "C:/Users/Paula/OneDrive - Universidad de Alcala/Todo/16_QAM_Transmissor/FIFO_XADC/P1_fifo_xadc.srcs/sim_1/imports/Documents/prueba_xadc_tb.vhd" Line 211
run 100 us
run 100 us
run 100 us
run 100 us
run 100 us
add_bp {C:/Users/Paula/OneDrive - Universidad de Alcala/Todo/16_QAM_Transmissor/FIFO_XADC/P1_fifo_xadc.srcs/sim_1/imports/Documents/prueba_xadc_tb.vhd} 174
add_bp {C:/Users/Paula/OneDrive - Universidad de Alcala/Todo/16_QAM_Transmissor/FIFO_XADC/P1_fifo_xadc.srcs/sim_1/imports/Documents/prueba_xadc_tb.vhd} 177
restart
INFO: [Simtcl 6-17] Simulation restarted
run all
WARNING: Behavioral models for independent clock FIFO configurations do not model synchronization delays. The behavioral models are functionally correct, and will represent the behavior of the configured FIFO. See the FIFO Generator User Guide for more information.
Stopped at time : 250 ns : File "C:/Users/Paula/OneDrive - Universidad de Alcala/Todo/16_QAM_Transmissor/FIFO_XADC/P1_fifo_xadc.srcs/sim_1/imports/Documents/prueba_xadc_tb.vhd" Line 174
run all
Stopped at time : 250 ns : File "C:/Users/Paula/OneDrive - Universidad de Alcala/Todo/16_QAM_Transmissor/FIFO_XADC/P1_fifo_xadc.srcs/sim_1/imports/Documents/prueba_xadc_tb.vhd" Line 177
run all
Stopped at time : 750 ns : File "C:/Users/Paula/OneDrive - Universidad de Alcala/Todo/16_QAM_Transmissor/FIFO_XADC/P1_fifo_xadc.srcs/sim_1/imports/Documents/prueba_xadc_tb.vhd" Line 174
run all
Stopped at time : 750 ns : File "C:/Users/Paula/OneDrive - Universidad de Alcala/Todo/16_QAM_Transmissor/FIFO_XADC/P1_fifo_xadc.srcs/sim_1/imports/Documents/prueba_xadc_tb.vhd" Line 177
run all
Stopped at time : 1250 ns : File "C:/Users/Paula/OneDrive - Universidad de Alcala/Todo/16_QAM_Transmissor/FIFO_XADC/P1_fifo_xadc.srcs/sim_1/imports/Documents/prueba_xadc_tb.vhd" Line 174
run all
Stopped at time : 1250 ns : File "C:/Users/Paula/OneDrive - Universidad de Alcala/Todo/16_QAM_Transmissor/FIFO_XADC/P1_fifo_xadc.srcs/sim_1/imports/Documents/prueba_xadc_tb.vhd" Line 177
run all
Stopped at time : 1750 ns : File "C:/Users/Paula/OneDrive - Universidad de Alcala/Todo/16_QAM_Transmissor/FIFO_XADC/P1_fifo_xadc.srcs/sim_1/imports/Documents/prueba_xadc_tb.vhd" Line 174
run all
Stopped at time : 1750 ns : File "C:/Users/Paula/OneDrive - Universidad de Alcala/Todo/16_QAM_Transmissor/FIFO_XADC/P1_fifo_xadc.srcs/sim_1/imports/Documents/prueba_xadc_tb.vhd" Line 177
run all
Stopped at time : 2250 ns : File "C:/Users/Paula/OneDrive - Universidad de Alcala/Todo/16_QAM_Transmissor/FIFO_XADC/P1_fifo_xadc.srcs/sim_1/imports/Documents/prueba_xadc_tb.vhd" Line 174
run all
Stopped at time : 2250 ns : File "C:/Users/Paula/OneDrive - Universidad de Alcala/Todo/16_QAM_Transmissor/FIFO_XADC/P1_fifo_xadc.srcs/sim_1/imports/Documents/prueba_xadc_tb.vhd" Line 177
remove_bps -file {C:/Users/Paula/OneDrive - Universidad de Alcala/Todo/16_QAM_Transmissor/FIFO_XADC/P1_fifo_xadc.srcs/sim_1/imports/Documents/prueba_xadc_tb.vhd} -line 174
remove_bps -file {C:/Users/Paula/OneDrive - Universidad de Alcala/Todo/16_QAM_Transmissor/FIFO_XADC/P1_fifo_xadc.srcs/sim_1/imports/Documents/prueba_xadc_tb.vhd} -line 177
run all
Failure: Fin simulacion
Time: 202270855 ps  Iteration: 1  Process: /prueba_xadc_tb/stimulus  File: C:/Users/Paula/OneDrive - Universidad de Alcala/Todo/16_QAM_Transmissor/FIFO_XADC/P1_fifo_xadc.srcs/sim_1/imports/Documents/prueba_xadc_tb.vhd
$finish called at time : 202270855 ps : File "C:/Users/Paula/OneDrive - Universidad de Alcala/Todo/16_QAM_Transmissor/FIFO_XADC/P1_fifo_xadc.srcs/sim_1/imports/Documents/prueba_xadc_tb.vhd" Line 211
add_bp {C:/Users/Paula/OneDrive - Universidad de Alcala/Todo/16_QAM_Transmissor/FIFO_XADC/P1_fifo_xadc.srcs/sim_1/imports/Documents/prueba_xadc_tb.vhd} 174
add_bp {C:/Users/Paula/OneDrive - Universidad de Alcala/Todo/16_QAM_Transmissor/FIFO_XADC/P1_fifo_xadc.srcs/sim_1/imports/Documents/prueba_xadc_tb.vhd} 177
run all
Stopped at time : 202750 ns : File "C:/Users/Paula/OneDrive - Universidad de Alcala/Todo/16_QAM_Transmissor/FIFO_XADC/P1_fifo_xadc.srcs/sim_1/imports/Documents/prueba_xadc_tb.vhd" Line 174
run all
Stopped at time : 202750 ns : File "C:/Users/Paula/OneDrive - Universidad de Alcala/Todo/16_QAM_Transmissor/FIFO_XADC/P1_fifo_xadc.srcs/sim_1/imports/Documents/prueba_xadc_tb.vhd" Line 177
run all
Stopped at time : 203250 ns : File "C:/Users/Paula/OneDrive - Universidad de Alcala/Todo/16_QAM_Transmissor/FIFO_XADC/P1_fifo_xadc.srcs/sim_1/imports/Documents/prueba_xadc_tb.vhd" Line 174
run all
Stopped at time : 203250 ns : File "C:/Users/Paula/OneDrive - Universidad de Alcala/Todo/16_QAM_Transmissor/FIFO_XADC/P1_fifo_xadc.srcs/sim_1/imports/Documents/prueba_xadc_tb.vhd" Line 177
run all
Stopped at time : 203750 ns : File "C:/Users/Paula/OneDrive - Universidad de Alcala/Todo/16_QAM_Transmissor/FIFO_XADC/P1_fifo_xadc.srcs/sim_1/imports/Documents/prueba_xadc_tb.vhd" Line 174
run all
Stopped at time : 203750 ns : File "C:/Users/Paula/OneDrive - Universidad de Alcala/Todo/16_QAM_Transmissor/FIFO_XADC/P1_fifo_xadc.srcs/sim_1/imports/Documents/prueba_xadc_tb.vhd" Line 177
run all
Stopped at time : 204250 ns : File "C:/Users/Paula/OneDrive - Universidad de Alcala/Todo/16_QAM_Transmissor/FIFO_XADC/P1_fifo_xadc.srcs/sim_1/imports/Documents/prueba_xadc_tb.vhd" Line 174
run all
Stopped at time : 204250 ns : File "C:/Users/Paula/OneDrive - Universidad de Alcala/Todo/16_QAM_Transmissor/FIFO_XADC/P1_fifo_xadc.srcs/sim_1/imports/Documents/prueba_xadc_tb.vhd" Line 177
run all
Stopped at time : 204750 ns : File "C:/Users/Paula/OneDrive - Universidad de Alcala/Todo/16_QAM_Transmissor/FIFO_XADC/P1_fifo_xadc.srcs/sim_1/imports/Documents/prueba_xadc_tb.vhd" Line 174
run all
Stopped at time : 204750 ns : File "C:/Users/Paula/OneDrive - Universidad de Alcala/Todo/16_QAM_Transmissor/FIFO_XADC/P1_fifo_xadc.srcs/sim_1/imports/Documents/prueba_xadc_tb.vhd" Line 177
run all
Stopped at time : 205250 ns : File "C:/Users/Paula/OneDrive - Universidad de Alcala/Todo/16_QAM_Transmissor/FIFO_XADC/P1_fifo_xadc.srcs/sim_1/imports/Documents/prueba_xadc_tb.vhd" Line 174
run all
Stopped at time : 205250 ns : File "C:/Users/Paula/OneDrive - Universidad de Alcala/Todo/16_QAM_Transmissor/FIFO_XADC/P1_fifo_xadc.srcs/sim_1/imports/Documents/prueba_xadc_tb.vhd" Line 177
run all
Stopped at time : 205750 ns : File "C:/Users/Paula/OneDrive - Universidad de Alcala/Todo/16_QAM_Transmissor/FIFO_XADC/P1_fifo_xadc.srcs/sim_1/imports/Documents/prueba_xadc_tb.vhd" Line 174
run all
Stopped at time : 205750 ns : File "C:/Users/Paula/OneDrive - Universidad de Alcala/Todo/16_QAM_Transmissor/FIFO_XADC/P1_fifo_xadc.srcs/sim_1/imports/Documents/prueba_xadc_tb.vhd" Line 177
run all
Stopped at time : 206250 ns : File "C:/Users/Paula/OneDrive - Universidad de Alcala/Todo/16_QAM_Transmissor/FIFO_XADC/P1_fifo_xadc.srcs/sim_1/imports/Documents/prueba_xadc_tb.vhd" Line 174
run all
Stopped at time : 206250 ns : File "C:/Users/Paula/OneDrive - Universidad de Alcala/Todo/16_QAM_Transmissor/FIFO_XADC/P1_fifo_xadc.srcs/sim_1/imports/Documents/prueba_xadc_tb.vhd" Line 177
run all
Stopped at time : 206750 ns : File "C:/Users/Paula/OneDrive - Universidad de Alcala/Todo/16_QAM_Transmissor/FIFO_XADC/P1_fifo_xadc.srcs/sim_1/imports/Documents/prueba_xadc_tb.vhd" Line 174
run all
Stopped at time : 206750 ns : File "C:/Users/Paula/OneDrive - Universidad de Alcala/Todo/16_QAM_Transmissor/FIFO_XADC/P1_fifo_xadc.srcs/sim_1/imports/Documents/prueba_xadc_tb.vhd" Line 177
run all
Stopped at time : 207250 ns : File "C:/Users/Paula/OneDrive - Universidad de Alcala/Todo/16_QAM_Transmissor/FIFO_XADC/P1_fifo_xadc.srcs/sim_1/imports/Documents/prueba_xadc_tb.vhd" Line 174
run all
Stopped at time : 207250 ns : File "C:/Users/Paula/OneDrive - Universidad de Alcala/Todo/16_QAM_Transmissor/FIFO_XADC/P1_fifo_xadc.srcs/sim_1/imports/Documents/prueba_xadc_tb.vhd" Line 177
run all
Stopped at time : 207750 ns : File "C:/Users/Paula/OneDrive - Universidad de Alcala/Todo/16_QAM_Transmissor/FIFO_XADC/P1_fifo_xadc.srcs/sim_1/imports/Documents/prueba_xadc_tb.vhd" Line 174
run all
Stopped at time : 207750 ns : File "C:/Users/Paula/OneDrive - Universidad de Alcala/Todo/16_QAM_Transmissor/FIFO_XADC/P1_fifo_xadc.srcs/sim_1/imports/Documents/prueba_xadc_tb.vhd" Line 177
run all
Stopped at time : 208250 ns : File "C:/Users/Paula/OneDrive - Universidad de Alcala/Todo/16_QAM_Transmissor/FIFO_XADC/P1_fifo_xadc.srcs/sim_1/imports/Documents/prueba_xadc_tb.vhd" Line 174
run all
Stopped at time : 208250 ns : File "C:/Users/Paula/OneDrive - Universidad de Alcala/Todo/16_QAM_Transmissor/FIFO_XADC/P1_fifo_xadc.srcs/sim_1/imports/Documents/prueba_xadc_tb.vhd" Line 177
run all
Stopped at time : 208750 ns : File "C:/Users/Paula/OneDrive - Universidad de Alcala/Todo/16_QAM_Transmissor/FIFO_XADC/P1_fifo_xadc.srcs/sim_1/imports/Documents/prueba_xadc_tb.vhd" Line 174
run all
Stopped at time : 208750 ns : File "C:/Users/Paula/OneDrive - Universidad de Alcala/Todo/16_QAM_Transmissor/FIFO_XADC/P1_fifo_xadc.srcs/sim_1/imports/Documents/prueba_xadc_tb.vhd" Line 177
run all
Stopped at time : 209250 ns : File "C:/Users/Paula/OneDrive - Universidad de Alcala/Todo/16_QAM_Transmissor/FIFO_XADC/P1_fifo_xadc.srcs/sim_1/imports/Documents/prueba_xadc_tb.vhd" Line 174
run all
Stopped at time : 209250 ns : File "C:/Users/Paula/OneDrive - Universidad de Alcala/Todo/16_QAM_Transmissor/FIFO_XADC/P1_fifo_xadc.srcs/sim_1/imports/Documents/prueba_xadc_tb.vhd" Line 177
run all
Stopped at time : 209750 ns : File "C:/Users/Paula/OneDrive - Universidad de Alcala/Todo/16_QAM_Transmissor/FIFO_XADC/P1_fifo_xadc.srcs/sim_1/imports/Documents/prueba_xadc_tb.vhd" Line 174
run all
Stopped at time : 209750 ns : File "C:/Users/Paula/OneDrive - Universidad de Alcala/Todo/16_QAM_Transmissor/FIFO_XADC/P1_fifo_xadc.srcs/sim_1/imports/Documents/prueba_xadc_tb.vhd" Line 177
run all
Stopped at time : 210250 ns : File "C:/Users/Paula/OneDrive - Universidad de Alcala/Todo/16_QAM_Transmissor/FIFO_XADC/P1_fifo_xadc.srcs/sim_1/imports/Documents/prueba_xadc_tb.vhd" Line 174
run all
Stopped at time : 210250 ns : File "C:/Users/Paula/OneDrive - Universidad de Alcala/Todo/16_QAM_Transmissor/FIFO_XADC/P1_fifo_xadc.srcs/sim_1/imports/Documents/prueba_xadc_tb.vhd" Line 177
run all
Stopped at time : 210750 ns : File "C:/Users/Paula/OneDrive - Universidad de Alcala/Todo/16_QAM_Transmissor/FIFO_XADC/P1_fifo_xadc.srcs/sim_1/imports/Documents/prueba_xadc_tb.vhd" Line 174
run all
Stopped at time : 210750 ns : File "C:/Users/Paula/OneDrive - Universidad de Alcala/Todo/16_QAM_Transmissor/FIFO_XADC/P1_fifo_xadc.srcs/sim_1/imports/Documents/prueba_xadc_tb.vhd" Line 177
run all
Stopped at time : 211250 ns : File "C:/Users/Paula/OneDrive - Universidad de Alcala/Todo/16_QAM_Transmissor/FIFO_XADC/P1_fifo_xadc.srcs/sim_1/imports/Documents/prueba_xadc_tb.vhd" Line 174
run all
Stopped at time : 211250 ns : File "C:/Users/Paula/OneDrive - Universidad de Alcala/Todo/16_QAM_Transmissor/FIFO_XADC/P1_fifo_xadc.srcs/sim_1/imports/Documents/prueba_xadc_tb.vhd" Line 177
run all
Stopped at time : 211750 ns : File "C:/Users/Paula/OneDrive - Universidad de Alcala/Todo/16_QAM_Transmissor/FIFO_XADC/P1_fifo_xadc.srcs/sim_1/imports/Documents/prueba_xadc_tb.vhd" Line 174
run all
Stopped at time : 211750 ns : File "C:/Users/Paula/OneDrive - Universidad de Alcala/Todo/16_QAM_Transmissor/FIFO_XADC/P1_fifo_xadc.srcs/sim_1/imports/Documents/prueba_xadc_tb.vhd" Line 177
run all
Stopped at time : 212250 ns : File "C:/Users/Paula/OneDrive - Universidad de Alcala/Todo/16_QAM_Transmissor/FIFO_XADC/P1_fifo_xadc.srcs/sim_1/imports/Documents/prueba_xadc_tb.vhd" Line 174
run all
Stopped at time : 212250 ns : File "C:/Users/Paula/OneDrive - Universidad de Alcala/Todo/16_QAM_Transmissor/FIFO_XADC/P1_fifo_xadc.srcs/sim_1/imports/Documents/prueba_xadc_tb.vhd" Line 177
run all
Stopped at time : 212750 ns : File "C:/Users/Paula/OneDrive - Universidad de Alcala/Todo/16_QAM_Transmissor/FIFO_XADC/P1_fifo_xadc.srcs/sim_1/imports/Documents/prueba_xadc_tb.vhd" Line 174
run all
Stopped at time : 212750 ns : File "C:/Users/Paula/OneDrive - Universidad de Alcala/Todo/16_QAM_Transmissor/FIFO_XADC/P1_fifo_xadc.srcs/sim_1/imports/Documents/prueba_xadc_tb.vhd" Line 177
run all
Stopped at time : 213250 ns : File "C:/Users/Paula/OneDrive - Universidad de Alcala/Todo/16_QAM_Transmissor/FIFO_XADC/P1_fifo_xadc.srcs/sim_1/imports/Documents/prueba_xadc_tb.vhd" Line 174
run all
Stopped at time : 213250 ns : File "C:/Users/Paula/OneDrive - Universidad de Alcala/Todo/16_QAM_Transmissor/FIFO_XADC/P1_fifo_xadc.srcs/sim_1/imports/Documents/prueba_xadc_tb.vhd" Line 177
run all
Stopped at time : 213750 ns : File "C:/Users/Paula/OneDrive - Universidad de Alcala/Todo/16_QAM_Transmissor/FIFO_XADC/P1_fifo_xadc.srcs/sim_1/imports/Documents/prueba_xadc_tb.vhd" Line 174
run all
Stopped at time : 213750 ns : File "C:/Users/Paula/OneDrive - Universidad de Alcala/Todo/16_QAM_Transmissor/FIFO_XADC/P1_fifo_xadc.srcs/sim_1/imports/Documents/prueba_xadc_tb.vhd" Line 177
run all
Stopped at time : 214250 ns : File "C:/Users/Paula/OneDrive - Universidad de Alcala/Todo/16_QAM_Transmissor/FIFO_XADC/P1_fifo_xadc.srcs/sim_1/imports/Documents/prueba_xadc_tb.vhd" Line 174
run all
Stopped at time : 214250 ns : File "C:/Users/Paula/OneDrive - Universidad de Alcala/Todo/16_QAM_Transmissor/FIFO_XADC/P1_fifo_xadc.srcs/sim_1/imports/Documents/prueba_xadc_tb.vhd" Line 177
run all
Stopped at time : 214750 ns : File "C:/Users/Paula/OneDrive - Universidad de Alcala/Todo/16_QAM_Transmissor/FIFO_XADC/P1_fifo_xadc.srcs/sim_1/imports/Documents/prueba_xadc_tb.vhd" Line 174
run all
Stopped at time : 214750 ns : File "C:/Users/Paula/OneDrive - Universidad de Alcala/Todo/16_QAM_Transmissor/FIFO_XADC/P1_fifo_xadc.srcs/sim_1/imports/Documents/prueba_xadc_tb.vhd" Line 177
run all
Stopped at time : 215250 ns : File "C:/Users/Paula/OneDrive - Universidad de Alcala/Todo/16_QAM_Transmissor/FIFO_XADC/P1_fifo_xadc.srcs/sim_1/imports/Documents/prueba_xadc_tb.vhd" Line 174
run all
Stopped at time : 215250 ns : File "C:/Users/Paula/OneDrive - Universidad de Alcala/Todo/16_QAM_Transmissor/FIFO_XADC/P1_fifo_xadc.srcs/sim_1/imports/Documents/prueba_xadc_tb.vhd" Line 177
run all
Stopped at time : 215750 ns : File "C:/Users/Paula/OneDrive - Universidad de Alcala/Todo/16_QAM_Transmissor/FIFO_XADC/P1_fifo_xadc.srcs/sim_1/imports/Documents/prueba_xadc_tb.vhd" Line 174
run all
Stopped at time : 215750 ns : File "C:/Users/Paula/OneDrive - Universidad de Alcala/Todo/16_QAM_Transmissor/FIFO_XADC/P1_fifo_xadc.srcs/sim_1/imports/Documents/prueba_xadc_tb.vhd" Line 177
run all
Stopped at time : 216250 ns : File "C:/Users/Paula/OneDrive - Universidad de Alcala/Todo/16_QAM_Transmissor/FIFO_XADC/P1_fifo_xadc.srcs/sim_1/imports/Documents/prueba_xadc_tb.vhd" Line 174
run all
Stopped at time : 216250 ns : File "C:/Users/Paula/OneDrive - Universidad de Alcala/Todo/16_QAM_Transmissor/FIFO_XADC/P1_fifo_xadc.srcs/sim_1/imports/Documents/prueba_xadc_tb.vhd" Line 177
run all
Stopped at time : 216750 ns : File "C:/Users/Paula/OneDrive - Universidad de Alcala/Todo/16_QAM_Transmissor/FIFO_XADC/P1_fifo_xadc.srcs/sim_1/imports/Documents/prueba_xadc_tb.vhd" Line 174
run all
Stopped at time : 216750 ns : File "C:/Users/Paula/OneDrive - Universidad de Alcala/Todo/16_QAM_Transmissor/FIFO_XADC/P1_fifo_xadc.srcs/sim_1/imports/Documents/prueba_xadc_tb.vhd" Line 177
run all
Stopped at time : 217250 ns : File "C:/Users/Paula/OneDrive - Universidad de Alcala/Todo/16_QAM_Transmissor/FIFO_XADC/P1_fifo_xadc.srcs/sim_1/imports/Documents/prueba_xadc_tb.vhd" Line 174
run all
Stopped at time : 217250 ns : File "C:/Users/Paula/OneDrive - Universidad de Alcala/Todo/16_QAM_Transmissor/FIFO_XADC/P1_fifo_xadc.srcs/sim_1/imports/Documents/prueba_xadc_tb.vhd" Line 177
run all
Stopped at time : 217750 ns : File "C:/Users/Paula/OneDrive - Universidad de Alcala/Todo/16_QAM_Transmissor/FIFO_XADC/P1_fifo_xadc.srcs/sim_1/imports/Documents/prueba_xadc_tb.vhd" Line 174
run all
Stopped at time : 217750 ns : File "C:/Users/Paula/OneDrive - Universidad de Alcala/Todo/16_QAM_Transmissor/FIFO_XADC/P1_fifo_xadc.srcs/sim_1/imports/Documents/prueba_xadc_tb.vhd" Line 177
run all
Stopped at time : 218250 ns : File "C:/Users/Paula/OneDrive - Universidad de Alcala/Todo/16_QAM_Transmissor/FIFO_XADC/P1_fifo_xadc.srcs/sim_1/imports/Documents/prueba_xadc_tb.vhd" Line 174
run all
Stopped at time : 218250 ns : File "C:/Users/Paula/OneDrive - Universidad de Alcala/Todo/16_QAM_Transmissor/FIFO_XADC/P1_fifo_xadc.srcs/sim_1/imports/Documents/prueba_xadc_tb.vhd" Line 177
run all
Stopped at time : 218750 ns : File "C:/Users/Paula/OneDrive - Universidad de Alcala/Todo/16_QAM_Transmissor/FIFO_XADC/P1_fifo_xadc.srcs/sim_1/imports/Documents/prueba_xadc_tb.vhd" Line 174
run all
Stopped at time : 218750 ns : File "C:/Users/Paula/OneDrive - Universidad de Alcala/Todo/16_QAM_Transmissor/FIFO_XADC/P1_fifo_xadc.srcs/sim_1/imports/Documents/prueba_xadc_tb.vhd" Line 177
run all
Stopped at time : 219250 ns : File "C:/Users/Paula/OneDrive - Universidad de Alcala/Todo/16_QAM_Transmissor/FIFO_XADC/P1_fifo_xadc.srcs/sim_1/imports/Documents/prueba_xadc_tb.vhd" Line 174
run all
Stopped at time : 219250 ns : File "C:/Users/Paula/OneDrive - Universidad de Alcala/Todo/16_QAM_Transmissor/FIFO_XADC/P1_fifo_xadc.srcs/sim_1/imports/Documents/prueba_xadc_tb.vhd" Line 177
run all
Stopped at time : 219750 ns : File "C:/Users/Paula/OneDrive - Universidad de Alcala/Todo/16_QAM_Transmissor/FIFO_XADC/P1_fifo_xadc.srcs/sim_1/imports/Documents/prueba_xadc_tb.vhd" Line 174
run all
Stopped at time : 219750 ns : File "C:/Users/Paula/OneDrive - Universidad de Alcala/Todo/16_QAM_Transmissor/FIFO_XADC/P1_fifo_xadc.srcs/sim_1/imports/Documents/prueba_xadc_tb.vhd" Line 177
run all
Stopped at time : 220250 ns : File "C:/Users/Paula/OneDrive - Universidad de Alcala/Todo/16_QAM_Transmissor/FIFO_XADC/P1_fifo_xadc.srcs/sim_1/imports/Documents/prueba_xadc_tb.vhd" Line 174
run all
Stopped at time : 220250 ns : File "C:/Users/Paula/OneDrive - Universidad de Alcala/Todo/16_QAM_Transmissor/FIFO_XADC/P1_fifo_xadc.srcs/sim_1/imports/Documents/prueba_xadc_tb.vhd" Line 177
run all
Stopped at time : 220750 ns : File "C:/Users/Paula/OneDrive - Universidad de Alcala/Todo/16_QAM_Transmissor/FIFO_XADC/P1_fifo_xadc.srcs/sim_1/imports/Documents/prueba_xadc_tb.vhd" Line 174
run all
Stopped at time : 220750 ns : File "C:/Users/Paula/OneDrive - Universidad de Alcala/Todo/16_QAM_Transmissor/FIFO_XADC/P1_fifo_xadc.srcs/sim_1/imports/Documents/prueba_xadc_tb.vhd" Line 177
remove_bps -file {C:/Users/Paula/OneDrive - Universidad de Alcala/Todo/16_QAM_Transmissor/FIFO_XADC/P1_fifo_xadc.srcs/sim_1/imports/Documents/prueba_xadc_tb.vhd} -line 177
remove_bps -file {C:/Users/Paula/OneDrive - Universidad de Alcala/Todo/16_QAM_Transmissor/FIFO_XADC/P1_fifo_xadc.srcs/sim_1/imports/Documents/prueba_xadc_tb.vhd} -line 174
run 10 us
save_wave_config {C:/Users/Paula/OneDrive - Universidad de Alcala/Todo/16_QAM_Transmissor/FIFO_XADC/P1_fifo_xadc.srcs/sim_1/imports/xadc_2017v4/prueba_xadc_tb_behav.wcfg}
close_sim
INFO: [Simtcl 6-16] Simulation closed
exit
INFO: [Common 17-206] Exiting Vivado at Mon Nov 13 15:59:16 2023...
