#-----------------------------------------------------------
# Vivado v2017.4 (64-bit)
# SW Build 2086221 on Fri Dec 15 20:55:39 MST 2017
# IP Build 2085800 on Fri Dec 15 22:25:07 MST 2017
# Start of session at: Mon Oct 23 19:12:29 2023
# Process ID: 11816
# Current directory: C:/Users/pbartolome/OneDrive - Universidad de Alcala/Todo/vivado/P1_fifo_xadc
# Command line: vivado.exe -gui_launcher_event rodinguilauncherevent10032 C:\Users\pbartolome\OneDrive - Universidad de Alcala\Todo\vivado\P1_fifo_xadc\P1_fifo_xadc.xpr
# Log file: C:/Users/pbartolome/OneDrive - Universidad de Alcala/Todo/vivado/P1_fifo_xadc/vivado.log
# Journal file: C:/Users/pbartolome/OneDrive - Universidad de Alcala/Todo/vivado/P1_fifo_xadc\vivado.jou
#-----------------------------------------------------------
start_gui
open_project {C:/Users/pbartolome/OneDrive - Universidad de Alcala/Todo/vivado/P1_fifo_xadc/P1_fifo_xadc.xpr}
INFO: [Project 1-313] Project file moved from 'C:/Users/Paula/OneDrive - Universidad de Alcala/Todo/vivado/P1_fifo_xadc' since last save.
Scanning sources...
Finished scanning sources
INFO: [IP_Flow 19-234] Refreshing IP repositories
INFO: [IP_Flow 19-1704] No user IP repositories specified
INFO: [IP_Flow 19-2313] Loaded Vivado IP repository 'C:/Xilinx/Vivado/2017.4/data/ip'.
open_project: Time (s): cpu = 00:00:18 ; elapsed = 00:00:15 . Memory (MB): peak = 753.316 ; gain = 65.422
update_compile_order -fileset sources_1
launch_simulation
INFO: [Vivado 12-5682] Launching behavioral simulation in 'C:/Users/pbartolome/OneDrive - Universidad de Alcala/Todo/vivado/P1_fifo_xadc/P1_fifo_xadc.sim/sim_1/behav/xsim'
INFO: [Vivado 12-4795] Using compiled simulation libraries for IPs
INFO: [SIM-utils-51] Simulation object is 'sim_1'
INFO: [USF-XSim-7] Finding pre-compiled libraries...
INFO: [USF-XSim-11] File 'C:/Xilinx/Vivado/2017.4/data/xsim/ip/xsim_ip.ini' copied to run dir:'C:/Users/pbartolome/OneDrive - Universidad de Alcala/Todo/vivado/P1_fifo_xadc/P1_fifo_xadc.sim/sim_1/behav/xsim'
INFO: [SIM-utils-54] Inspecting design source files for 'prueba_xadc_tb' in fileset 'sim_1'...
INFO: [SIM-utils-43] Exported 'C:/Users/pbartolome/OneDrive - Universidad de Alcala/Todo/vivado/P1_fifo_xadc/P1_fifo_xadc.sim/sim_1/behav/xsim/design.txt'
INFO: [USF-XSim-97] Finding global include files...
INFO: [USF-XSim-98] Fetching design files from 'sim_1'...
INFO: [USF-XSim-2] XSim::Compile design
INFO: [USF-XSim-61] Executing 'COMPILE and ANALYZE' step in 'C:/Users/pbartolome/OneDrive - Universidad de Alcala/Todo/vivado/P1_fifo_xadc/P1_fifo_xadc.sim/sim_1/behav/xsim'
"xvlog --incr --relax -prj prueba_xadc_tb_vlog.prj"
INFO: [VRFC 10-2263] Analyzing Verilog file "C:/Users/pbartolome/OneDrive - Universidad de Alcala/Todo/vivado/P1_fifo_xadc/P1_fifo_xadc.ip_user_files/bd/design_1/ip/design_1_xlslice_0_0/sim/design_1_xlslice_0_0.v" into library xil_defaultlib
INFO: [VRFC 10-311] analyzing module design_1_xlslice_0_0
INFO: [VRFC 10-2263] Analyzing Verilog file "C:/Users/pbartolome/OneDrive - Universidad de Alcala/Todo/vivado/P1_fifo_xadc/P1_fifo_xadc.ip_user_files/bd/design_1/ip/design_1_fifo_generator_0_0/sim/design_1_fifo_generator_0_0.v" into library xil_defaultlib
INFO: [VRFC 10-311] analyzing module design_1_fifo_generator_0_0
INFO: [VRFC 10-2263] Analyzing Verilog file "C:/Users/pbartolome/OneDrive - Universidad de Alcala/Todo/vivado/P1_fifo_xadc/P1_fifo_xadc.sim/sim_1/behav/xsim/glbl.v" into library xil_defaultlib
INFO: [VRFC 10-311] analyzing module glbl
"xvhdl --incr --relax -prj prueba_xadc_tb_vhdl.prj"
INFO: [VRFC 10-163] Analyzing VHDL file "C:/Users/pbartolome/OneDrive - Universidad de Alcala/Todo/vivado/P1_fifo_xadc/P1_fifo_xadc.ip_user_files/bd/design_1/ip/design_1_xadc_wiz_0_0/design_1_xadc_wiz_0_0.vhd" into library xil_defaultlib
INFO: [VRFC 10-307] analyzing entity design_1_xadc_wiz_0_0
INFO: [VRFC 10-163] Analyzing VHDL file "C:/Users/pbartolome/OneDrive - Universidad de Alcala/Todo/vivado/P1_fifo_xadc/P1_fifo_xadc.ip_user_files/bd/design_1/sim/design_1.vhd" into library xil_defaultlib
INFO: [VRFC 10-307] analyzing entity design_1
INFO: [VRFC 10-163] Analyzing VHDL file "C:/Users/pbartolome/OneDrive - Universidad de Alcala/Todo/vivado/P1_fifo_xadc/P1_fifo_xadc.srcs/sim_1/imports/Documents/prueba_xadc_tb.vhd" into library xil_defaultlib
INFO: [VRFC 10-307] analyzing entity prueba_xadc_tb
run_program: Time (s): cpu = 00:00:01 ; elapsed = 00:00:12 . Memory (MB): peak = 761.965 ; gain = 0.000
INFO: [USF-XSim-69] 'compile' step finished in '12' seconds
INFO: [USF-XSim-3] XSim::Elaborate design
INFO: [USF-XSim-61] Executing 'ELABORATE' step in 'C:/Users/pbartolome/OneDrive - Universidad de Alcala/Todo/vivado/P1_fifo_xadc/P1_fifo_xadc.sim/sim_1/behav/xsim'
Vivado Simulator 2017.4
Copyright 1986-1999, 2001-2016 Xilinx, Inc. All Rights Reserved.
Running: C:/Xilinx/Vivado/2017.4/bin/unwrapped/win64.o/xelab.exe -wto e06165ee33124632814c5567ac626386 --incr --debug typical --relax --mt 2 -L xil_defaultlib -L xlslice_v1_0_1 -L fifo_generator_v13_2_1 -L unisims_ver -L unimacro_ver -L secureip -L xpm --snapshot prueba_xadc_tb_behav xil_defaultlib.prueba_xadc_tb xil_defaultlib.glbl -log elaborate.log 
Using 2 slave threads.
Starting static elaboration
Completed static elaboration
Starting simulation data flow analysis
Completed simulation data flow analysis
Time Resolution for simulation is 1ps
Compiling package std.standard
Compiling package std.textio
Compiling package ieee.std_logic_1164
Compiling package ieee.numeric_std
Compiling package unisim.vcomponents
Compiling package ieee.std_logic_arith
Compiling package ieee.std_logic_signed
Compiling package ieee.vital_timing
Compiling package ieee.vital_primitives
Compiling package unisim.vpkg
Compiling package vl.vl_types
Compiling module xil_defaultlib.glbl
Compiling module fifo_generator_v13_2_1.fifo_generator_v13_2_1_sync_stag...
Compiling module fifo_generator_v13_2_1.fifo_generator_v13_2_1_bhv_ver_a...
Compiling module fifo_generator_v13_2_1.fifo_generator_v13_2_1_CONV_VER(...
Compiling module fifo_generator_v13_2_1.fifo_generator_vlog_beh(C_DATA_C...
Compiling module fifo_generator_v13_2_1.fifo_generator_v13_2_1(C_EN_SAFE...
Compiling module xil_defaultlib.design_1_fifo_generator_0_0
Compiling architecture xadc_v of entity unisim.XADC [\XADC(init_40="0000000000000011"...]
Compiling architecture xilinx of entity xil_defaultlib.design_1_xadc_wiz_0_0 [design_1_xadc_wiz_0_0_default]
Compiling module xlslice_v1_0_1.xlslice_v1_0_1_xlslice(DIN_WIDTH...
Compiling module xil_defaultlib.design_1_xlslice_0_0
Compiling architecture structure of entity xil_defaultlib.design_1 [design_1_default]
Compiling architecture behavioral of entity xil_defaultlib.prueba_xadc_tb
Built simulation snapshot prueba_xadc_tb_behav
ERROR: [Common 17-165] Too many positional options when parsing '-notrace', please type 'webtalk -help' for usage info.

run_program: Time (s): cpu = 00:00:02 ; elapsed = 00:00:14 . Memory (MB): peak = 771.926 ; gain = 9.961
INFO: [USF-XSim-69] 'elaborate' step finished in '13' seconds
INFO: [USF-XSim-4] XSim::Simulate design
INFO: [USF-XSim-61] Executing 'SIMULATE' step in 'C:/Users/pbartolome/OneDrive - Universidad de Alcala/Todo/vivado/P1_fifo_xadc/P1_fifo_xadc.sim/sim_1/behav/xsim'
INFO: [USF-XSim-98] *** Running xsim
   with args "prueba_xadc_tb_behav -key {Behavioral:sim_1:Functional:prueba_xadc_tb} -tclbatch {prueba_xadc_tb.tcl} -view {{C:/Users/pbartolome/OneDrive - Universidad de Alcala/Todo/vivado/P1_fifo_xadc/P1_fifo_xadc.srcs/sim_1/imports/xadc_2017v4/prueba_xadc_tb_behav.wcfg}} -log {simulate.log}"
INFO: [USF-XSim-8] Loading simulator feature
Vivado Simulator 2017.4
Time resolution is 1 ps
open_wave_config {C:/Users/pbartolome/OneDrive - Universidad de Alcala/Todo/vivado/P1_fifo_xadc/P1_fifo_xadc.srcs/sim_1/imports/xadc_2017v4/prueba_xadc_tb_behav.wcfg}
WARNING: Simulation object /prueba_xadc_tb/s_drp_0_do was not found in the design.
WARNING: Simulation object /prueba_xadc_tb/user_temp_alarm_out_0 was not found in the design.
WARNING: Simulation object /prueba_xadc_tb/vccaux_alarm_out_0 was not found in the design.
WARNING: Simulation object /prueba_xadc_tb/vccint_alarm_out_0 was not found in the design.
source prueba_xadc_tb.tcl
# set curr_wave [current_wave_config]
# if { [string length $curr_wave] == 0 } {
#   if { [llength [get_objects]] > 0} {
#     add_wave /
#     set_property needs_save false [current_wave_config]
#   } else {
#      send_msg_id Add_Wave-1 WARNING "No top level signals found. Simulator will start without a wave window. If you want to open a wave window go to 'File->New Waveform Configuration' or type 'create_wave_config' in the TCL console."
#   }
# }
# run 1000ns
WARNING: Behavioral models for independent clock FIFO configurations do not model synchronization delays. The behavioral models are functionally correct, and will represent the behavior of the configured FIFO. See the FIFO Generator User Guide for more information.
xsim: Time (s): cpu = 00:00:05 ; elapsed = 00:00:06 . Memory (MB): peak = 780.277 ; gain = 8.352
INFO: [USF-XSim-96] XSim completed. Design snapshot 'prueba_xadc_tb_behav' loaded.
INFO: [USF-XSim-97] XSim simulation ran for 1000ns
launch_simulation: Time (s): cpu = 00:00:09 ; elapsed = 00:00:34 . Memory (MB): peak = 780.277 ; gain = 18.312
open_bd_design {C:/Users/pbartolome/OneDrive - Universidad de Alcala/Todo/vivado/P1_fifo_xadc/P1_fifo_xadc.srcs/sources_1/bd/design_1/design_1.bd}
Adding cell -- xilinx.com:ip:xadc_wiz:3.3 - xadc_wiz_0
Adding cell -- xilinx.com:ip:xlslice:1.0 - xlslice_0
Adding cell -- xilinx.com:ip:fifo_generator:13.2 - fifo_generator_0
INFO: [xilinx.com:ip:fifo_generator:13.2-5968] /fifo_generator_0Executing the post_config_ip from bd
Successfully read diagram <design_1> from BD file <C:/Users/pbartolome/OneDrive - Universidad de Alcala/Todo/vivado/P1_fifo_xadc/P1_fifo_xadc.srcs/sources_1/bd/design_1/design_1.bd>
open_bd_design: Time (s): cpu = 00:00:04 ; elapsed = 00:00:09 . Memory (MB): peak = 877.082 ; gain = 77.266
close_sim
INFO: [Simtcl 6-16] Simulation closed
close_sim: Time (s): cpu = 00:00:01 ; elapsed = 00:00:06 . Memory (MB): peak = 886.562 ; gain = 0.000
exit
INFO: [Common 17-206] Exiting Vivado at Mon Oct 23 20:40:19 2023...
