#-----------------------------------------------------------
# Vivado v2017.4 (64-bit)
# SW Build 2086221 on Fri Dec 15 20:55:39 MST 2017
# IP Build 2085800 on Fri Dec 15 22:25:07 MST 2017
# Start of session at: Tue Oct 24 08:31:40 2023
# Process ID: 22828
# Current directory: C:/Users/pbartolome/OneDrive - Universidad de Alcala/Todo/vivado/fifo_adc/P1_fifo_xadc
# Command line: vivado.exe -gui_launcher_event rodinguilauncherevent19016 C:\Users\pbartolome\OneDrive - Universidad de Alcala\Todo\vivado\fifo_adc\P1_fifo_xadc\P1_fifo_xadc.xpr
# Log file: C:/Users/pbartolome/OneDrive - Universidad de Alcala/Todo/vivado/fifo_adc/P1_fifo_xadc/vivado.log
# Journal file: C:/Users/pbartolome/OneDrive - Universidad de Alcala/Todo/vivado/fifo_adc/P1_fifo_xadc\vivado.jou
#-----------------------------------------------------------
start_gui
open_project {C:/Users/pbartolome/OneDrive - Universidad de Alcala/Todo/vivado/fifo_adc/P1_fifo_xadc/P1_fifo_xadc.xpr}
INFO: [ProjectBase 1-489] The host OS only allows 260 characters in a normal path. The project is stored in a path with more than 80 characters. If you experience issues with IP, Block Designs, or files not being found, please consider moving the project to a location with a shorter path. Alternately consider using the OS subst command to map part of the path to a drive letter.
Current project path is 'C:/Users/pbartolome/OneDrive - Universidad de Alcala/Todo/vivado/fifo_adc/P1_fifo_xadc'
INFO: [Project 1-313] Project file moved from 'C:/Users/pbartolome/OneDrive - Universidad de Alcala/Todo/vivado/P1_fifo_xadc' since last save.
Scanning sources...
Finished scanning sources
INFO: [IP_Flow 19-234] Refreshing IP repositories
INFO: [IP_Flow 19-1704] No user IP repositories specified
INFO: [IP_Flow 19-2313] Loaded Vivado IP repository 'C:/Xilinx/Vivado/2017.4/data/ip'.
open_project: Time (s): cpu = 00:00:19 ; elapsed = 00:00:14 . Memory (MB): peak = 702.281 ; gain = 52.973
update_compile_order -fileset sources_1
open_bd_design {C:/Users/pbartolome/OneDrive - Universidad de Alcala/Todo/vivado/fifo_adc/P1_fifo_xadc/P1_fifo_xadc.srcs/sources_1/bd/design_1/design_1.bd}
Adding cell -- xilinx.com:ip:xadc_wiz:3.3 - xadc_wiz_0
Adding cell -- xilinx.com:ip:xlslice:1.0 - xlslice_0
Adding cell -- xilinx.com:ip:fifo_generator:13.2 - fifo_generator_0
INFO: [xilinx.com:ip:fifo_generator:13.2-5968] /fifo_generator_0Executing the post_config_ip from bd
Successfully read diagram <design_1> from BD file <C:/Users/pbartolome/OneDrive - Universidad de Alcala/Todo/vivado/fifo_adc/P1_fifo_xadc/P1_fifo_xadc.srcs/sources_1/bd/design_1/design_1.bd>
open_bd_design: Time (s): cpu = 00:00:08 ; elapsed = 00:00:09 . Memory (MB): peak = 805.109 ; gain = 78.562
delete_bd_objs [get_bd_nets rst_FIFO_1] [get_bd_ports rst_FIFO]
connect_bd_net [get_bd_ports reset_in_0] [get_bd_pins fifo_generator_0/rst]
WARNING: [BD 41-1731] Type mismatch between connected pins: /reset_in_0(rst) and /fifo_generator_0/rst(undef)
generate_target all [get_files  {{C:/Users/pbartolome/OneDrive - Universidad de Alcala/Todo/vivado/fifo_adc/P1_fifo_xadc/P1_fifo_xadc.srcs/sources_1/bd/design_1/design_1.bd}}]
WARNING: [BD 41-927] Following properties on pin /xadc_wiz_0/dclk_in have been updated from connected ip. They may not be synchronized with cell properties. You can set property on pin directly to confirm the value and resolve the warning.
	CLK_DOMAIN=design_1_dclk_in_0 
Wrote  : <C:/Users/pbartolome/OneDrive - Universidad de Alcala/Todo/vivado/fifo_adc/P1_fifo_xadc/P1_fifo_xadc.srcs/sources_1/bd/design_1/design_1.bd> 
Wrote  : <C:/Users/pbartolome/OneDrive - Universidad de Alcala/Todo/vivado/fifo_adc/P1_fifo_xadc/P1_fifo_xadc.srcs/sources_1/bd/design_1/ui/bd_1f5defd0.ui> 
VHDL Output written to : C:/Users/pbartolome/OneDrive - Universidad de Alcala/Todo/vivado/fifo_adc/P1_fifo_xadc/P1_fifo_xadc.srcs/sources_1/bd/design_1/synth/design_1.vhd
VHDL Output written to : C:/Users/pbartolome/OneDrive - Universidad de Alcala/Todo/vivado/fifo_adc/P1_fifo_xadc/P1_fifo_xadc.srcs/sources_1/bd/design_1/sim/design_1.vhd
VHDL Output written to : C:/Users/pbartolome/OneDrive - Universidad de Alcala/Todo/vivado/fifo_adc/P1_fifo_xadc/P1_fifo_xadc.srcs/sources_1/bd/design_1/hdl/design_1_wrapper.vhd
INFO: [BD 41-1029] Generation completed for the IP Integrator block xadc_wiz_0 .
INFO: [BD 41-1029] Generation completed for the IP Integrator block xlslice_0 .
INFO: [BD 41-1029] Generation completed for the IP Integrator block fifo_generator_0 .
Exporting to file C:/Users/pbartolome/OneDrive - Universidad de Alcala/Todo/vivado/fifo_adc/P1_fifo_xadc/P1_fifo_xadc.srcs/sources_1/bd/design_1/hw_handoff/design_1.hwh
Generated Block Design Tcl file C:/Users/pbartolome/OneDrive - Universidad de Alcala/Todo/vivado/fifo_adc/P1_fifo_xadc/P1_fifo_xadc.srcs/sources_1/bd/design_1/hw_handoff/design_1_bd.tcl
Generated Hardware Definition File C:/Users/pbartolome/OneDrive - Universidad de Alcala/Todo/vivado/fifo_adc/P1_fifo_xadc/P1_fifo_xadc.srcs/sources_1/bd/design_1/synth/design_1.hwdef
export_ip_user_files -of_objects [get_files {{C:/Users/pbartolome/OneDrive - Universidad de Alcala/Todo/vivado/fifo_adc/P1_fifo_xadc/P1_fifo_xadc.srcs/sources_1/bd/design_1/design_1.bd}}] -no_script -sync -force -quiet
export_simulation -of_objects [get_files {{C:/Users/pbartolome/OneDrive - Universidad de Alcala/Todo/vivado/fifo_adc/P1_fifo_xadc/P1_fifo_xadc.srcs/sources_1/bd/design_1/design_1.bd}}] -directory {C:/Users/pbartolome/OneDrive - Universidad de Alcala/Todo/vivado/fifo_adc/P1_fifo_xadc/P1_fifo_xadc.ip_user_files/sim_scripts} -ip_user_files_dir {C:/Users/pbartolome/OneDrive - Universidad de Alcala/Todo/vivado/fifo_adc/P1_fifo_xadc/P1_fifo_xadc.ip_user_files} -ipstatic_source_dir {C:/Users/pbartolome/OneDrive - Universidad de Alcala/Todo/vivado/fifo_adc/P1_fifo_xadc/P1_fifo_xadc.ip_user_files/ipstatic} -lib_map_path [list {modelsim=C:/Users/pbartolome/OneDrive - Universidad de Alcala/Todo/vivado/fifo_adc/P1_fifo_xadc/P1_fifo_xadc.cache/compile_simlib/modelsim} {questa=C:/Users/pbartolome/OneDrive - Universidad de Alcala/Todo/vivado/fifo_adc/P1_fifo_xadc/P1_fifo_xadc.cache/compile_simlib/questa} {riviera=C:/Users/pbartolome/OneDrive - Universidad de Alcala/Todo/vivado/fifo_adc/P1_fifo_xadc/P1_fifo_xadc.cache/compile_simlib/riviera} {activehdl=C:/Users/pbartolome/OneDrive - Universidad de Alcala/Todo/vivado/fifo_adc/P1_fifo_xadc/P1_fifo_xadc.cache/compile_simlib/activehdl}] -use_ip_compiled_libs -force -quiet
regenerate_bd_layout
undo
INFO: [Common 17-17] undo 'regenerate_bd_layout'
regenerate_bd_layout
save_bd_design
Wrote  : <C:/Users/pbartolome/OneDrive - Universidad de Alcala/Todo/vivado/fifo_adc/P1_fifo_xadc/P1_fifo_xadc.srcs/sources_1/bd/design_1/ui/bd_1f5defd0.ui> 
launch_simulation
INFO: [Vivado 12-5682] Launching behavioral simulation in 'C:/Users/pbartolome/OneDrive - Universidad de Alcala/Todo/vivado/fifo_adc/P1_fifo_xadc/P1_fifo_xadc.sim/sim_1/behav/xsim'
INFO: [Vivado 12-4795] Using compiled simulation libraries for IPs
INFO: [SIM-utils-51] Simulation object is 'sim_1'
INFO: [USF-XSim-7] Finding pre-compiled libraries...
INFO: [USF-XSim-11] File 'C:/Xilinx/Vivado/2017.4/data/xsim/ip/xsim_ip.ini' copied to run dir:'C:/Users/pbartolome/OneDrive - Universidad de Alcala/Todo/vivado/fifo_adc/P1_fifo_xadc/P1_fifo_xadc.sim/sim_1/behav/xsim'
INFO: [SIM-utils-54] Inspecting design source files for 'prueba_xadc_tb' in fileset 'sim_1'...
INFO: [SIM-utils-43] Exported 'C:/Users/pbartolome/OneDrive - Universidad de Alcala/Todo/vivado/fifo_adc/P1_fifo_xadc/P1_fifo_xadc.sim/sim_1/behav/xsim/design.txt'
INFO: [USF-XSim-97] Finding global include files...
INFO: [USF-XSim-98] Fetching design files from 'sim_1'...
INFO: [USF-XSim-2] XSim::Compile design
INFO: [USF-XSim-61] Executing 'COMPILE and ANALYZE' step in 'C:/Users/pbartolome/OneDrive - Universidad de Alcala/Todo/vivado/fifo_adc/P1_fifo_xadc/P1_fifo_xadc.sim/sim_1/behav/xsim'
"xvlog --incr --relax -prj prueba_xadc_tb_vlog.prj"
INFO: [VRFC 10-2263] Analyzing Verilog file "C:/Users/pbartolome/OneDrive - Universidad de Alcala/Todo/vivado/fifo_adc/P1_fifo_xadc/P1_fifo_xadc.ip_user_files/bd/design_1/ip/design_1_xlslice_0_0/sim/design_1_xlslice_0_0.v" into library xil_defaultlib
INFO: [VRFC 10-311] analyzing module design_1_xlslice_0_0
INFO: [VRFC 10-2263] Analyzing Verilog file "C:/Users/pbartolome/OneDrive - Universidad de Alcala/Todo/vivado/fifo_adc/P1_fifo_xadc/P1_fifo_xadc.ip_user_files/bd/design_1/ip/design_1_fifo_generator_0_0/sim/design_1_fifo_generator_0_0.v" into library xil_defaultlib
INFO: [VRFC 10-311] analyzing module design_1_fifo_generator_0_0
INFO: [VRFC 10-2263] Analyzing Verilog file "C:/Users/pbartolome/OneDrive - Universidad de Alcala/Todo/vivado/fifo_adc/P1_fifo_xadc/P1_fifo_xadc.sim/sim_1/behav/xsim/glbl.v" into library xil_defaultlib
INFO: [VRFC 10-311] analyzing module glbl
"xvhdl --incr --relax -prj prueba_xadc_tb_vhdl.prj"
INFO: [VRFC 10-163] Analyzing VHDL file "C:/Users/pbartolome/OneDrive - Universidad de Alcala/Todo/vivado/fifo_adc/P1_fifo_xadc/P1_fifo_xadc.ip_user_files/bd/design_1/ip/design_1_xadc_wiz_0_0/design_1_xadc_wiz_0_0.vhd" into library xil_defaultlib
INFO: [VRFC 10-307] analyzing entity design_1_xadc_wiz_0_0
INFO: [VRFC 10-163] Analyzing VHDL file "C:/Users/pbartolome/OneDrive - Universidad de Alcala/Todo/vivado/fifo_adc/P1_fifo_xadc/P1_fifo_xadc.ip_user_files/bd/design_1/sim/design_1.vhd" into library xil_defaultlib
INFO: [VRFC 10-307] analyzing entity design_1
INFO: [VRFC 10-163] Analyzing VHDL file "C:/Users/pbartolome/OneDrive - Universidad de Alcala/Todo/vivado/fifo_adc/P1_fifo_xadc/P1_fifo_xadc.srcs/sim_1/imports/Documents/prueba_xadc_tb.vhd" into library xil_defaultlib
INFO: [VRFC 10-307] analyzing entity prueba_xadc_tb
run_program: Time (s): cpu = 00:00:01 ; elapsed = 00:00:08 . Memory (MB): peak = 928.473 ; gain = 0.215
INFO: [USF-XSim-69] 'compile' step finished in '7' seconds
INFO: [USF-XSim-3] XSim::Elaborate design
INFO: [USF-XSim-61] Executing 'ELABORATE' step in 'C:/Users/pbartolome/OneDrive - Universidad de Alcala/Todo/vivado/fifo_adc/P1_fifo_xadc/P1_fifo_xadc.sim/sim_1/behav/xsim'
Vivado Simulator 2017.4
Copyright 1986-1999, 2001-2016 Xilinx, Inc. All Rights Reserved.
Running: C:/Xilinx/Vivado/2017.4/bin/unwrapped/win64.o/xelab.exe -wto e06165ee33124632814c5567ac626386 --incr --debug typical --relax --mt 2 -L xil_defaultlib -L xlslice_v1_0_1 -L fifo_generator_v13_2_1 -L unisims_ver -L unimacro_ver -L secureip -L xpm --snapshot prueba_xadc_tb_behav xil_defaultlib.prueba_xadc_tb xil_defaultlib.glbl -log elaborate.log 
Using 2 slave threads.
Starting static elaboration
Completed static elaboration
Starting simulation data flow analysis
Completed simulation data flow analysis
Time Resolution for simulation is 1ps
Compiling package std.standard
Compiling package std.textio
Compiling package ieee.std_logic_1164
Compiling package ieee.numeric_std
Compiling package unisim.vcomponents
Compiling package ieee.std_logic_arith
Compiling package ieee.std_logic_signed
Compiling package ieee.vital_timing
Compiling package ieee.vital_primitives
Compiling package unisim.vpkg
Compiling package vl.vl_types
Compiling module xil_defaultlib.glbl
Compiling module fifo_generator_v13_2_1.fifo_generator_v13_2_1_sync_stag...
Compiling module fifo_generator_v13_2_1.fifo_generator_v13_2_1_bhv_ver_a...
Compiling module fifo_generator_v13_2_1.fifo_generator_v13_2_1_CONV_VER(...
Compiling module fifo_generator_v13_2_1.fifo_generator_vlog_beh(C_DATA_C...
Compiling module fifo_generator_v13_2_1.fifo_generator_v13_2_1(C_EN_SAFE...
Compiling module xil_defaultlib.design_1_fifo_generator_0_0
Compiling architecture xadc_v of entity unisim.XADC [\XADC(init_40="0000000000000011"...]
Compiling architecture xilinx of entity xil_defaultlib.design_1_xadc_wiz_0_0 [design_1_xadc_wiz_0_0_default]
Compiling module xlslice_v1_0_1.xlslice_v1_0_1_xlslice(DIN_WIDTH...
Compiling module xil_defaultlib.design_1_xlslice_0_0
Compiling architecture structure of entity xil_defaultlib.design_1 [design_1_default]
Compiling architecture behavioral of entity xil_defaultlib.prueba_xadc_tb
Built simulation snapshot prueba_xadc_tb_behav
run_program: Time (s): cpu = 00:00:00 ; elapsed = 00:00:09 . Memory (MB): peak = 928.668 ; gain = 0.168
INFO: [USF-XSim-69] 'elaborate' step finished in '9' seconds
INFO: [USF-XSim-4] XSim::Simulate design
INFO: [USF-XSim-61] Executing 'SIMULATE' step in 'C:/Users/pbartolome/OneDrive - Universidad de Alcala/Todo/vivado/fifo_adc/P1_fifo_xadc/P1_fifo_xadc.sim/sim_1/behav/xsim'
INFO: [USF-XSim-98] *** Running xsim
   with args "prueba_xadc_tb_behav -key {Behavioral:sim_1:Functional:prueba_xadc_tb} -tclbatch {prueba_xadc_tb.tcl} -view {{C:/Users/pbartolome/OneDrive - Universidad de Alcala/Todo/vivado/fifo_adc/P1_fifo_xadc/P1_fifo_xadc.srcs/sim_1/imports/xadc_2017v4/prueba_xadc_tb_behav.wcfg}} -log {simulate.log}"
INFO: [USF-XSim-8] Loading simulator feature
Vivado Simulator 2017.4
Time resolution is 1 ps
open_wave_config {C:/Users/pbartolome/OneDrive - Universidad de Alcala/Todo/vivado/fifo_adc/P1_fifo_xadc/P1_fifo_xadc.srcs/sim_1/imports/xadc_2017v4/prueba_xadc_tb_behav.wcfg}
WARNING: Simulation object /prueba_xadc_tb/s_drp_0_do was not found in the design.
WARNING: Simulation object /prueba_xadc_tb/user_temp_alarm_out_0 was not found in the design.
WARNING: Simulation object /prueba_xadc_tb/vccaux_alarm_out_0 was not found in the design.
WARNING: Simulation object /prueba_xadc_tb/vccint_alarm_out_0 was not found in the design.
source prueba_xadc_tb.tcl
# set curr_wave [current_wave_config]
# if { [string length $curr_wave] == 0 } {
#   if { [llength [get_objects]] > 0} {
#     add_wave /
#     set_property needs_save false [current_wave_config]
#   } else {
#      send_msg_id Add_Wave-1 WARNING "No top level signals found. Simulator will start without a wave window. If you want to open a wave window go to 'File->New Waveform Configuration' or type 'create_wave_config' in the TCL console."
#   }
# }
# run 1000ns
WARNING: Behavioral models for independent clock FIFO configurations do not model synchronization delays. The behavioral models are functionally correct, and will represent the behavior of the configured FIFO. See the FIFO Generator User Guide for more information.
INFO: [USF-XSim-96] XSim completed. Design snapshot 'prueba_xadc_tb_behav' loaded.
INFO: [USF-XSim-97] XSim simulation ran for 1000ns
launch_simulation: Time (s): cpu = 00:00:01 ; elapsed = 00:00:21 . Memory (MB): peak = 944.055 ; gain = 17.789
run 100 us
restart
INFO: [Simtcl 6-17] Simulation restarted
run all
WARNING: Behavioral models for independent clock FIFO configurations do not model synchronization delays. The behavioral models are functionally correct, and will represent the behavior of the configured FIFO. See the FIFO Generator User Guide for more information.
WARNING: [Simulator 45-29] Cannot open source file /wrk/2017.4/nightly/2017_12_15_2086221/packages/customer/vivado/data/ip/xilinx/fifo_generator_v13_2/simulation/fifo_generator_vlog_beh.v: file does not exist.
run: Time (s): cpu = 00:00:01 ; elapsed = 00:00:14 . Memory (MB): peak = 950.992 ; gain = 0.000
close_sim
INFO: [Simtcl 6-16] Simulation closed
launch_simulation
INFO: [Vivado 12-5682] Launching behavioral simulation in 'C:/Users/pbartolome/OneDrive - Universidad de Alcala/Todo/vivado/fifo_adc/P1_fifo_xadc/P1_fifo_xadc.sim/sim_1/behav/xsim'
INFO: [Vivado 12-4795] Using compiled simulation libraries for IPs
INFO: [SIM-utils-51] Simulation object is 'sim_1'
INFO: [USF-XSim-7] Finding pre-compiled libraries...
INFO: [USF-XSim-11] File 'C:/Xilinx/Vivado/2017.4/data/xsim/ip/xsim_ip.ini' copied to run dir:'C:/Users/pbartolome/OneDrive - Universidad de Alcala/Todo/vivado/fifo_adc/P1_fifo_xadc/P1_fifo_xadc.sim/sim_1/behav/xsim'
INFO: [SIM-utils-54] Inspecting design source files for 'prueba_xadc_tb' in fileset 'sim_1'...
INFO: [SIM-utils-43] Exported 'C:/Users/pbartolome/OneDrive - Universidad de Alcala/Todo/vivado/fifo_adc/P1_fifo_xadc/P1_fifo_xadc.sim/sim_1/behav/xsim/design.txt'
INFO: [USF-XSim-97] Finding global include files...
INFO: [USF-XSim-98] Fetching design files from 'sim_1'...
INFO: [USF-XSim-2] XSim::Compile design
INFO: [USF-XSim-61] Executing 'COMPILE and ANALYZE' step in 'C:/Users/pbartolome/OneDrive - Universidad de Alcala/Todo/vivado/fifo_adc/P1_fifo_xadc/P1_fifo_xadc.sim/sim_1/behav/xsim'
"xvlog --incr --relax -prj prueba_xadc_tb_vlog.prj"
"xvhdl --incr --relax -prj prueba_xadc_tb_vhdl.prj"
INFO: [VRFC 10-163] Analyzing VHDL file "C:/Users/pbartolome/OneDrive - Universidad de Alcala/Todo/vivado/fifo_adc/P1_fifo_xadc/P1_fifo_xadc.srcs/sim_1/imports/Documents/prueba_xadc_tb.vhd" into library xil_defaultlib
INFO: [VRFC 10-307] analyzing entity prueba_xadc_tb
INFO: [USF-XSim-69] 'compile' step finished in '4' seconds
INFO: [USF-XSim-3] XSim::Elaborate design
INFO: [USF-XSim-61] Executing 'ELABORATE' step in 'C:/Users/pbartolome/OneDrive - Universidad de Alcala/Todo/vivado/fifo_adc/P1_fifo_xadc/P1_fifo_xadc.sim/sim_1/behav/xsim'
Vivado Simulator 2017.4
Copyright 1986-1999, 2001-2016 Xilinx, Inc. All Rights Reserved.
Running: C:/Xilinx/Vivado/2017.4/bin/unwrapped/win64.o/xelab.exe -wto e06165ee33124632814c5567ac626386 --incr --debug typical --relax --mt 2 -L xil_defaultlib -L xlslice_v1_0_1 -L fifo_generator_v13_2_1 -L unisims_ver -L unimacro_ver -L secureip -L xpm --snapshot prueba_xadc_tb_behav xil_defaultlib.prueba_xadc_tb xil_defaultlib.glbl -log elaborate.log 
Using 2 slave threads.
Starting static elaboration
Completed static elaboration
Starting simulation data flow analysis
Completed simulation data flow analysis
Time Resolution for simulation is 1ps
Compiling package std.standard
Compiling package std.textio
Compiling package ieee.std_logic_1164
Compiling package ieee.numeric_std
Compiling package unisim.vcomponents
Compiling package ieee.std_logic_arith
Compiling package ieee.std_logic_signed
Compiling package ieee.vital_timing
Compiling package ieee.vital_primitives
Compiling package unisim.vpkg
Compiling package vl.vl_types
Compiling module xil_defaultlib.glbl
Compiling module fifo_generator_v13_2_1.fifo_generator_v13_2_1_sync_stag...
Compiling module fifo_generator_v13_2_1.fifo_generator_v13_2_1_bhv_ver_a...
Compiling module fifo_generator_v13_2_1.fifo_generator_v13_2_1_CONV_VER(...
Compiling module fifo_generator_v13_2_1.fifo_generator_vlog_beh(C_DATA_C...
Compiling module fifo_generator_v13_2_1.fifo_generator_v13_2_1(C_EN_SAFE...
Compiling module xil_defaultlib.design_1_fifo_generator_0_0
Compiling architecture xadc_v of entity unisim.XADC [\XADC(init_40="0000000000000011"...]
Compiling architecture xilinx of entity xil_defaultlib.design_1_xadc_wiz_0_0 [design_1_xadc_wiz_0_0_default]
Compiling module xlslice_v1_0_1.xlslice_v1_0_1_xlslice(DIN_WIDTH...
Compiling module xil_defaultlib.design_1_xlslice_0_0
Compiling architecture structure of entity xil_defaultlib.design_1 [design_1_default]
Compiling architecture behavioral of entity xil_defaultlib.prueba_xadc_tb
Built simulation snapshot prueba_xadc_tb_behav
run_program: Time (s): cpu = 00:00:00 ; elapsed = 00:00:05 . Memory (MB): peak = 953.598 ; gain = 0.000
INFO: [USF-XSim-69] 'elaborate' step finished in '5' seconds
INFO: [USF-XSim-4] XSim::Simulate design
INFO: [USF-XSim-61] Executing 'SIMULATE' step in 'C:/Users/pbartolome/OneDrive - Universidad de Alcala/Todo/vivado/fifo_adc/P1_fifo_xadc/P1_fifo_xadc.sim/sim_1/behav/xsim'
INFO: [USF-XSim-98] *** Running xsim
   with args "prueba_xadc_tb_behav -key {Behavioral:sim_1:Functional:prueba_xadc_tb} -tclbatch {prueba_xadc_tb.tcl} -view {{C:/Users/pbartolome/OneDrive - Universidad de Alcala/Todo/vivado/fifo_adc/P1_fifo_xadc/P1_fifo_xadc.srcs/sim_1/imports/xadc_2017v4/prueba_xadc_tb_behav.wcfg}} -log {simulate.log}"
INFO: [USF-XSim-8] Loading simulator feature
Vivado Simulator 2017.4
Time resolution is 1 ps
open_wave_config {C:/Users/pbartolome/OneDrive - Universidad de Alcala/Todo/vivado/fifo_adc/P1_fifo_xadc/P1_fifo_xadc.srcs/sim_1/imports/xadc_2017v4/prueba_xadc_tb_behav.wcfg}
WARNING: Simulation object /prueba_xadc_tb/s_drp_0_do was not found in the design.
WARNING: Simulation object /prueba_xadc_tb/user_temp_alarm_out_0 was not found in the design.
WARNING: Simulation object /prueba_xadc_tb/vccaux_alarm_out_0 was not found in the design.
WARNING: Simulation object /prueba_xadc_tb/vccint_alarm_out_0 was not found in the design.
source prueba_xadc_tb.tcl
# set curr_wave [current_wave_config]
# if { [string length $curr_wave] == 0 } {
#   if { [llength [get_objects]] > 0} {
#     add_wave /
#     set_property needs_save false [current_wave_config]
#   } else {
#      send_msg_id Add_Wave-1 WARNING "No top level signals found. Simulator will start without a wave window. If you want to open a wave window go to 'File->New Waveform Configuration' or type 'create_wave_config' in the TCL console."
#   }
# }
# run 1000ns
WARNING: Behavioral models for independent clock FIFO configurations do not model synchronization delays. The behavioral models are functionally correct, and will represent the behavior of the configured FIFO. See the FIFO Generator User Guide for more information.
INFO: [USF-XSim-96] XSim completed. Design snapshot 'prueba_xadc_tb_behav' loaded.
INFO: [USF-XSim-97] XSim simulation ran for 1000ns
launch_simulation: Time (s): cpu = 00:00:01 ; elapsed = 00:00:14 . Memory (MB): peak = 960.184 ; gain = 6.586
run all
WARNING: [Simulator 45-29] Cannot open source file /wrk/2017.4/nightly/2017_12_15_2086221/packages/customer/vivado/data/ip/xilinx/fifo_generator_v13_2/simulation/fifo_generator_vlog_beh.v: file does not exist.
run: Time (s): cpu = 00:00:01 ; elapsed = 00:00:06 . Memory (MB): peak = 960.680 ; gain = 0.000
open_bd_design {C:/Users/pbartolome/OneDrive - Universidad de Alcala/Todo/vivado/fifo_adc/P1_fifo_xadc/P1_fifo_xadc.srcs/sources_1/bd/design_1/design_1.bd}
open_bd_design {C:/Users/pbartolome/OneDrive - Universidad de Alcala/Todo/vivado/fifo_adc/P1_fifo_xadc/P1_fifo_xadc.srcs/sources_1/bd/design_1/design_1.bd}
restart
INFO: [Simtcl 6-17] Simulation restarted
run 100 us
WARNING: Behavioral models for independent clock FIFO configurations do not model synchronization delays. The behavioral models are functionally correct, and will represent the behavior of the configured FIFO. See the FIFO Generator User Guide for more information.
run 100 us
run 100 us
run 100 us
run 100 us
run 1000 us
relaunch_sim
INFO: [Vivado 12-5682] Launching behavioral simulation in 'C:/Users/pbartolome/OneDrive - Universidad de Alcala/Todo/vivado/fifo_adc/P1_fifo_xadc/P1_fifo_xadc.sim/sim_1/behav/xsim'
INFO: [Vivado 12-4795] Using compiled simulation libraries for IPs
INFO: [SIM-utils-51] Simulation object is 'sim_1'
INFO: [USF-XSim-7] Finding pre-compiled libraries...
INFO: [USF-XSim-11] File 'C:/Xilinx/Vivado/2017.4/data/xsim/ip/xsim_ip.ini' copied to run dir:'C:/Users/pbartolome/OneDrive - Universidad de Alcala/Todo/vivado/fifo_adc/P1_fifo_xadc/P1_fifo_xadc.sim/sim_1/behav/xsim'
INFO: [SIM-utils-54] Inspecting design source files for 'prueba_xadc_tb' in fileset 'sim_1'...
INFO: [SIM-utils-43] Exported 'C:/Users/pbartolome/OneDrive - Universidad de Alcala/Todo/vivado/fifo_adc/P1_fifo_xadc/P1_fifo_xadc.sim/sim_1/behav/xsim/design.txt'
INFO: [USF-XSim-97] Finding global include files...
INFO: [USF-XSim-98] Fetching design files from 'sim_1'...
INFO: [USF-XSim-2] XSim::Compile design
INFO: [USF-XSim-61] Executing 'COMPILE and ANALYZE' step in 'C:/Users/pbartolome/OneDrive - Universidad de Alcala/Todo/vivado/fifo_adc/P1_fifo_xadc/P1_fifo_xadc.sim/sim_1/behav/xsim'
"xvlog --incr --relax -prj prueba_xadc_tb_vlog.prj"
"xvhdl --incr --relax -prj prueba_xadc_tb_vhdl.prj"
INFO: [USF-XSim-69] 'compile' step finished in '4' seconds
launch_simulation: Time (s): cpu = 00:00:00 ; elapsed = 00:00:05 . Memory (MB): peak = 961.289 ; gain = 0.000
INFO: [Vivado 12-5682] Launching behavioral simulation in 'C:/Users/pbartolome/OneDrive - Universidad de Alcala/Todo/vivado/fifo_adc/P1_fifo_xadc/P1_fifo_xadc.sim/sim_1/behav/xsim'
INFO: [Vivado 12-4795] Using compiled simulation libraries for IPs
INFO: [USF-XSim-3] XSim::Elaborate design
INFO: [USF-XSim-61] Executing 'ELABORATE' step in 'C:/Users/pbartolome/OneDrive - Universidad de Alcala/Todo/vivado/fifo_adc/P1_fifo_xadc/P1_fifo_xadc.sim/sim_1/behav/xsim'
Vivado Simulator 2017.4
Copyright 1986-1999, 2001-2016 Xilinx, Inc. All Rights Reserved.
Running: C:/Xilinx/Vivado/2017.4/bin/unwrapped/win64.o/xelab.exe -wto e06165ee33124632814c5567ac626386 --incr --debug typical --relax --mt 2 -L xil_defaultlib -L xlslice_v1_0_1 -L fifo_generator_v13_2_1 -L unisims_ver -L unimacro_ver -L secureip -L xpm --snapshot prueba_xadc_tb_behav xil_defaultlib.prueba_xadc_tb xil_defaultlib.glbl -log elaborate.log 
Using 2 slave threads.
Starting static elaboration
Completed static elaboration
INFO: [XSIM 43-4323] No Change in HDL. Linking previously generated obj files to create kernel
INFO: [USF-XSim-69] 'elaborate' step finished in '3' seconds
Vivado Simulator 2017.4
Time resolution is 1 ps
WARNING: Behavioral models for independent clock FIFO configurations do not model synchronization delays. The behavioral models are functionally correct, and will represent the behavior of the configured FIFO. See the FIFO Generator User Guide for more information.
relaunch_sim: Time (s): cpu = 00:00:00 ; elapsed = 00:00:13 . Memory (MB): peak = 962.469 ; gain = 1.180
run 1000 us
run 1000 us
run 1000 us
run 1000 us
run 1000 us
open_bd_design {C:/Users/pbartolome/OneDrive - Universidad de Alcala/Todo/vivado/fifo_adc/P1_fifo_xadc/P1_fifo_xadc.srcs/sources_1/bd/design_1/design_1.bd}
open_bd_design {C:/Users/pbartolome/OneDrive - Universidad de Alcala/Todo/vivado/fifo_adc/P1_fifo_xadc/P1_fifo_xadc.srcs/sources_1/bd/design_1/design_1.bd}
close_sim
INFO: [Simtcl 6-16] Simulation closed
launch_simulation
INFO: [Vivado 12-5682] Launching behavioral simulation in 'C:/Users/pbartolome/OneDrive - Universidad de Alcala/Todo/vivado/fifo_adc/P1_fifo_xadc/P1_fifo_xadc.sim/sim_1/behav/xsim'
INFO: [Vivado 12-4795] Using compiled simulation libraries for IPs
INFO: [SIM-utils-51] Simulation object is 'sim_1'
INFO: [USF-XSim-7] Finding pre-compiled libraries...
INFO: [USF-XSim-11] File 'C:/Xilinx/Vivado/2017.4/data/xsim/ip/xsim_ip.ini' copied to run dir:'C:/Users/pbartolome/OneDrive - Universidad de Alcala/Todo/vivado/fifo_adc/P1_fifo_xadc/P1_fifo_xadc.sim/sim_1/behav/xsim'
INFO: [SIM-utils-54] Inspecting design source files for 'prueba_xadc_tb' in fileset 'sim_1'...
INFO: [SIM-utils-43] Exported 'C:/Users/pbartolome/OneDrive - Universidad de Alcala/Todo/vivado/fifo_adc/P1_fifo_xadc/P1_fifo_xadc.sim/sim_1/behav/xsim/design.txt'
INFO: [USF-XSim-97] Finding global include files...
INFO: [USF-XSim-98] Fetching design files from 'sim_1'...
INFO: [USF-XSim-2] XSim::Compile design
INFO: [USF-XSim-61] Executing 'COMPILE and ANALYZE' step in 'C:/Users/pbartolome/OneDrive - Universidad de Alcala/Todo/vivado/fifo_adc/P1_fifo_xadc/P1_fifo_xadc.sim/sim_1/behav/xsim'
"xvlog --incr --relax -prj prueba_xadc_tb_vlog.prj"
"xvhdl --incr --relax -prj prueba_xadc_tb_vhdl.prj"
INFO: [VRFC 10-163] Analyzing VHDL file "C:/Users/pbartolome/OneDrive - Universidad de Alcala/Todo/vivado/fifo_adc/P1_fifo_xadc/P1_fifo_xadc.srcs/sim_1/imports/Documents/prueba_xadc_tb.vhd" into library xil_defaultlib
INFO: [VRFC 10-307] analyzing entity prueba_xadc_tb
run_program: Time (s): cpu = 00:00:00 ; elapsed = 00:00:05 . Memory (MB): peak = 965.566 ; gain = 0.000
INFO: [USF-XSim-69] 'compile' step finished in '5' seconds
INFO: [USF-XSim-3] XSim::Elaborate design
INFO: [USF-XSim-61] Executing 'ELABORATE' step in 'C:/Users/pbartolome/OneDrive - Universidad de Alcala/Todo/vivado/fifo_adc/P1_fifo_xadc/P1_fifo_xadc.sim/sim_1/behav/xsim'
Vivado Simulator 2017.4
Copyright 1986-1999, 2001-2016 Xilinx, Inc. All Rights Reserved.
Running: C:/Xilinx/Vivado/2017.4/bin/unwrapped/win64.o/xelab.exe -wto e06165ee33124632814c5567ac626386 --incr --debug typical --relax --mt 2 -L xil_defaultlib -L xlslice_v1_0_1 -L fifo_generator_v13_2_1 -L unisims_ver -L unimacro_ver -L secureip -L xpm --snapshot prueba_xadc_tb_behav xil_defaultlib.prueba_xadc_tb xil_defaultlib.glbl -log elaborate.log 
Using 2 slave threads.
Starting static elaboration
Completed static elaboration
Starting simulation data flow analysis
Completed simulation data flow analysis
Time Resolution for simulation is 1ps
Compiling package std.standard
Compiling package std.textio
Compiling package ieee.std_logic_1164
Compiling package ieee.numeric_std
Compiling package unisim.vcomponents
Compiling package ieee.std_logic_arith
Compiling package ieee.std_logic_signed
Compiling package ieee.vital_timing
Compiling package ieee.vital_primitives
Compiling package unisim.vpkg
Compiling package vl.vl_types
Compiling module xil_defaultlib.glbl
Compiling module fifo_generator_v13_2_1.fifo_generator_v13_2_1_sync_stag...
Compiling module fifo_generator_v13_2_1.fifo_generator_v13_2_1_bhv_ver_a...
Compiling module fifo_generator_v13_2_1.fifo_generator_v13_2_1_CONV_VER(...
Compiling module fifo_generator_v13_2_1.fifo_generator_vlog_beh(C_DATA_C...
Compiling module fifo_generator_v13_2_1.fifo_generator_v13_2_1(C_EN_SAFE...
Compiling module xil_defaultlib.design_1_fifo_generator_0_0
Compiling architecture xadc_v of entity unisim.XADC [\XADC(init_40="0000000000000011"...]
Compiling architecture xilinx of entity xil_defaultlib.design_1_xadc_wiz_0_0 [design_1_xadc_wiz_0_0_default]
Compiling module xlslice_v1_0_1.xlslice_v1_0_1_xlslice(DIN_WIDTH...
Compiling module xil_defaultlib.design_1_xlslice_0_0
Compiling architecture structure of entity xil_defaultlib.design_1 [design_1_default]
Compiling architecture behavioral of entity xil_defaultlib.prueba_xadc_tb
Built simulation snapshot prueba_xadc_tb_behav
run_program: Time (s): cpu = 00:00:00 ; elapsed = 00:00:06 . Memory (MB): peak = 965.566 ; gain = 0.000
INFO: [USF-XSim-69] 'elaborate' step finished in '6' seconds
INFO: [USF-XSim-4] XSim::Simulate design
INFO: [USF-XSim-61] Executing 'SIMULATE' step in 'C:/Users/pbartolome/OneDrive - Universidad de Alcala/Todo/vivado/fifo_adc/P1_fifo_xadc/P1_fifo_xadc.sim/sim_1/behav/xsim'
INFO: [USF-XSim-98] *** Running xsim
   with args "prueba_xadc_tb_behav -key {Behavioral:sim_1:Functional:prueba_xadc_tb} -tclbatch {prueba_xadc_tb.tcl} -view {{C:/Users/pbartolome/OneDrive - Universidad de Alcala/Todo/vivado/fifo_adc/P1_fifo_xadc/P1_fifo_xadc.srcs/sim_1/imports/xadc_2017v4/prueba_xadc_tb_behav.wcfg}} -log {simulate.log}"
INFO: [USF-XSim-8] Loading simulator feature
Vivado Simulator 2017.4
Time resolution is 1 ps
open_wave_config {C:/Users/pbartolome/OneDrive - Universidad de Alcala/Todo/vivado/fifo_adc/P1_fifo_xadc/P1_fifo_xadc.srcs/sim_1/imports/xadc_2017v4/prueba_xadc_tb_behav.wcfg}
WARNING: Simulation object /prueba_xadc_tb/s_drp_0_do was not found in the design.
WARNING: Simulation object /prueba_xadc_tb/user_temp_alarm_out_0 was not found in the design.
WARNING: Simulation object /prueba_xadc_tb/vccaux_alarm_out_0 was not found in the design.
WARNING: Simulation object /prueba_xadc_tb/vccint_alarm_out_0 was not found in the design.
source prueba_xadc_tb.tcl
# set curr_wave [current_wave_config]
# if { [string length $curr_wave] == 0 } {
#   if { [llength [get_objects]] > 0} {
#     add_wave /
#     set_property needs_save false [current_wave_config]
#   } else {
#      send_msg_id Add_Wave-1 WARNING "No top level signals found. Simulator will start without a wave window. If you want to open a wave window go to 'File->New Waveform Configuration' or type 'create_wave_config' in the TCL console."
#   }
# }
# run 1000ns
WARNING: Behavioral models for independent clock FIFO configurations do not model synchronization delays. The behavioral models are functionally correct, and will represent the behavior of the configured FIFO. See the FIFO Generator User Guide for more information.
INFO: [USF-XSim-96] XSim completed. Design snapshot 'prueba_xadc_tb_behav' loaded.
INFO: [USF-XSim-97] XSim simulation ran for 1000ns
launch_simulation: Time (s): cpu = 00:00:00 ; elapsed = 00:00:15 . Memory (MB): peak = 966.887 ; gain = 1.320
run all
Failure: Fin simulacion
Time: 6241835100 ps  Iteration: 1  Process: /prueba_xadc_tb/stimulus  File: C:/Users/pbartolome/OneDrive - Universidad de Alcala/Todo/vivado/fifo_adc/P1_fifo_xadc/P1_fifo_xadc.srcs/sim_1/imports/Documents/prueba_xadc_tb.vhd
$finish called at time : 6241835100 ps : File "C:/Users/pbartolome/OneDrive - Universidad de Alcala/Todo/vivado/fifo_adc/P1_fifo_xadc/P1_fifo_xadc.srcs/sim_1/imports/Documents/prueba_xadc_tb.vhd" Line 205
run: Time (s): cpu = 00:00:01 ; elapsed = 00:00:10 . Memory (MB): peak = 968.242 ; gain = 0.000
save_wave_config {C:/Users/pbartolome/OneDrive - Universidad de Alcala/Todo/vivado/fifo_adc/P1_fifo_xadc/P1_fifo_xadc.srcs/sim_1/imports/xadc_2017v4/prueba_xadc_tb_behav.wcfg}
close_sim
INFO: [Simtcl 6-16] Simulation closed
exit
INFO: [Common 17-206] Exiting Vivado at Tue Oct 24 10:21:40 2023...
