#-----------------------------------------------------------
# Vivado v2017.4 (64-bit)
# SW Build 2086221 on Fri Dec 15 20:55:39 MST 2017
# IP Build 2085800 on Fri Dec 15 22:25:07 MST 2017
# Start of session at: Thu Nov  9 09:49:19 2023
# Process ID: 20328
# Current directory: C:/Users/Paula/OneDrive - Universidad de Alcala/Todo/vivado/E1/P1_fifo_xadc
# Command line: vivado.exe -gui_launcher_event rodinguilauncherevent16272 C:\Users\Paula\OneDrive - Universidad de Alcala\Todo\vivado\E1\P1_fifo_xadc\P1_fifo_xadc.xpr
# Log file: C:/Users/Paula/OneDrive - Universidad de Alcala/Todo/vivado/E1/P1_fifo_xadc/vivado.log
# Journal file: C:/Users/Paula/OneDrive - Universidad de Alcala/Todo/vivado/E1/P1_fifo_xadc\vivado.jou
#-----------------------------------------------------------
start_gui
open_project {C:/Users/Paula/OneDrive - Universidad de Alcala/Todo/vivado/E1/P1_fifo_xadc/P1_fifo_xadc.xpr}
INFO: [Project 1-313] Project file moved from 'C:/Users/pbartolome/OneDrive - Universidad de Alcala/Todo/vivado/fifo_adc/P1_fifo_xadc' since last save.
Scanning sources...
Finished scanning sources
INFO: [IP_Flow 19-234] Refreshing IP repositories
INFO: [IP_Flow 19-1704] No user IP repositories specified
INFO: [IP_Flow 19-2313] Loaded Vivado IP repository 'D:/Xilinx/Vivado/2017.4/data/ip'.
open_project: Time (s): cpu = 00:00:16 ; elapsed = 00:00:09 . Memory (MB): peak = 756.555 ; gain = 52.902
uupdate_compile_order -fileset sources_1eopen_bd_design {C:/Users/Paula/OneDrive - Universidad de Alcala/Todo/vivado/E1/P1_fifo_xadc/P1_fifo_xadc.srcs/sources_1/bd/design_1/design_1.bd}
Adding cell -- xilinx.com:ip:xadc_wiz:3.3 - xadc_wiz_0
Adding cell -- xilinx.com:ip:xlslice:1.0 - xlslice_0
Adding cell -- xilinx.com:ip:fifo_generator:13.2 - fifo_generator_0
INFO: [xilinx.com:ip:fifo_generator:13.2-5968] /fifo_generator_0Executing the post_config_ip from bd
WARNING: [BD 41-1731] Type mismatch between connected pins: /reset_in_0(rst) and /fifo_generator_0/rst(undef)
Successfully read diagram <design_1> from BD file <C:/Users/Paula/OneDrive - Universidad de Alcala/Todo/vivado/E1/P1_fifo_xadc/P1_fifo_xadc.srcs/sources_1/bd/design_1/design_1.bd>
open_bd_design: Time (s): cpu = 00:00:12 ; elapsed = 00:00:11 . Memory (MB): peak = 916.918 ; gain = 76.902
INFO: [Device 21-403] Loading part xc7k70tfbv676-1
startgroup
set_property -dict [list CONFIG.DCLK_FREQUENCY {52} CONFIG.WAVEFORM_TYPE {TRIANGLE} CONFIG.STIMULUS_FREQ {14} CONFIG.ADC_CONVERSION_RATE {1000}] [get_bd_cells xadc_wiz_0]
endgroup
save_bd_design
Wrote  : <C:/Users/Paula/OneDrive - Universidad de Alcala/Todo/vivado/E1/P1_fifo_xadc/P1_fifo_xadc.srcs/sources_1/bd/design_1/design_1.bd> 
Wrote  : <C:/Users/Paula/OneDrive - Universidad de Alcala/Todo/vivado/E1/P1_fifo_xadc/P1_fifo_xadc.srcs/sources_1/bd/design_1/ui/bd_1f5defd0.ui> 
exit
INFO: [Common 17-206] Exiting Vivado at Thu Nov  9 10:33:16 2023...
