#-----------------------------------------------------------
# Vivado v2017.4 (64-bit)
# SW Build 2086221 on Fri Dec 15 20:55:39 MST 2017
# IP Build 2085800 on Fri Dec 15 22:25:07 MST 2017
# Start of session at: Fri Nov 17 13:38:40 2023
# Process ID: 3632
# Current directory: C:/Users/Paula/Downloads/FIFO_XADC
# Command line: vivado.exe -gui_launcher_event rodinguilauncherevent17508 C:\Users\Paula\Downloads\FIFO_XADC\P1_fifo_xadc.xpr
# Log file: C:/Users/Paula/Downloads/FIFO_XADC/vivado.log
# Journal file: C:/Users/Paula/Downloads/FIFO_XADC\vivado.jou
#-----------------------------------------------------------
start_gui
open_project C:/Users/Paula/Downloads/FIFO_XADC/P1_fifo_xadc.xpr
INFO: [Project 1-313] Project file moved from 'C:/Users/pbartolome/Downloads/FIFO_XADC' since last save.
Scanning sources...
Finished scanning sources
INFO: [IP_Flow 19-234] Refreshing IP repositories
INFO: [IP_Flow 19-1704] No user IP repositories specified
INFO: [IP_Flow 19-2313] Loaded Vivado IP repository 'D:/Xilinx/Vivado/2017.4/data/ip'.
update_compile_order -fileset sources_1
launch_simulation
INFO: [Vivado 12-5682] Launching behavioral simulation in 'C:/Users/Paula/Downloads/FIFO_XADC/P1_fifo_xadc.sim/sim_1/behav/xsim'
INFO: [Vivado 12-4795] Using compiled simulation libraries for IPs
INFO: [SIM-utils-51] Simulation object is 'sim_1'
INFO: [USF-XSim-7] Finding pre-compiled libraries...
INFO: [USF-XSim-11] File 'D:/Xilinx/Vivado/2017.4/data/xsim/ip/xsim_ip.ini' copied to run dir:'C:/Users/Paula/Downloads/FIFO_XADC/P1_fifo_xadc.sim/sim_1/behav/xsim'
INFO: [SIM-utils-54] Inspecting design source files for 'prueba_xadc_tb' in fileset 'sim_1'...
INFO: [SIM-utils-43] Exported 'C:/Users/Paula/Downloads/FIFO_XADC/P1_fifo_xadc.sim/sim_1/behav/xsim/design.txt'
INFO: [USF-XSim-97] Finding global include files...
INFO: [USF-XSim-98] Fetching design files from 'sim_1'...
INFO: [USF-XSim-2] XSim::Compile design
INFO: [USF-XSim-61] Executing 'COMPILE and ANALYZE' step in 'C:/Users/Paula/Downloads/FIFO_XADC/P1_fifo_xadc.sim/sim_1/behav/xsim'
"xvlog --incr --relax -prj prueba_xadc_tb_vlog.prj"
INFO: [VRFC 10-2263] Analyzing Verilog file "C:/Users/Paula/Downloads/FIFO_XADC/P1_fifo_xadc.ip_user_files/bd/design_1/ip/design_1_xlslice_0_0/sim/design_1_xlslice_0_0.v" into library xil_defaultlib
INFO: [VRFC 10-311] analyzing module design_1_xlslice_0_0
INFO: [VRFC 10-2263] Analyzing Verilog file "C:/Users/Paula/Downloads/FIFO_XADC/P1_fifo_xadc.ip_user_files/bd/design_1/ip/design_1_fifo_generator_0_0/sim/design_1_fifo_generator_0_0.v" into library xil_defaultlib
INFO: [VRFC 10-311] analyzing module design_1_fifo_generator_0_0
INFO: [VRFC 10-2263] Analyzing Verilog file "C:/Users/Paula/Downloads/FIFO_XADC/P1_fifo_xadc.sim/sim_1/behav/xsim/glbl.v" into library xil_defaultlib
INFO: [VRFC 10-311] analyzing module glbl
"xvhdl --incr --relax -prj prueba_xadc_tb_vhdl.prj"
INFO: [VRFC 10-163] Analyzing VHDL file "C:/Users/Paula/Downloads/FIFO_XADC/P1_fifo_xadc.ip_user_files/bd/design_1/ip/design_1_xadc_wiz_0_0/design_1_xadc_wiz_0_0.vhd" into library xil_defaultlib
INFO: [VRFC 10-307] analyzing entity design_1_xadc_wiz_0_0
INFO: [VRFC 10-163] Analyzing VHDL file "C:/Users/Paula/Downloads/FIFO_XADC/P1_fifo_xadc.ip_user_files/bd/design_1/sim/design_1.vhd" into library xil_defaultlib
INFO: [VRFC 10-307] analyzing entity design_1
INFO: [VRFC 10-163] Analyzing VHDL file "C:/Users/Paula/Downloads/FIFO_XADC/P1_fifo_xadc.srcs/sim_1/imports/Documents/prueba_xadc_tb.vhd" into library xil_defaultlib
INFO: [VRFC 10-307] analyzing entity prueba_xadc_tb
INFO: [USF-XSim-69] 'compile' step finished in '4' seconds
INFO: [USF-XSim-3] XSim::Elaborate design
INFO: [USF-XSim-61] Executing 'ELABORATE' step in 'C:/Users/Paula/Downloads/FIFO_XADC/P1_fifo_xadc.sim/sim_1/behav/xsim'
Vivado Simulator 2017.4
Copyright 1986-1999, 2001-2016 Xilinx, Inc. All Rights Reserved.
Running: D:/Xilinx/Vivado/2017.4/bin/unwrapped/win64.o/xelab.exe -wto e06165ee33124632814c5567ac626386 --incr --debug typical --relax --mt 2 -L xil_defaultlib -L xlslice_v1_0_1 -L fifo_generator_v13_2_1 -L unisims_ver -L unimacro_ver -L secureip -L xpm --snapshot prueba_xadc_tb_behav xil_defaultlib.prueba_xadc_tb xil_defaultlib.glbl -log elaborate.log 
Using 2 slave threads.
Starting static elaboration
Completed static elaboration
Starting simulation data flow analysis
Completed simulation data flow analysis
Time Resolution for simulation is 1ps
Compiling package std.standard
Compiling package std.textio
Compiling package ieee.std_logic_1164
Compiling package ieee.std_logic_arith
Compiling package ieee.std_logic_unsigned
Compiling package ieee.std_logic_textio
Compiling package ieee.numeric_std
Compiling package unisim.vcomponents
Compiling package ieee.std_logic_signed
Compiling package ieee.vital_timing
Compiling package ieee.vital_primitives
Compiling package unisim.vpkg
Compiling package vl.vl_types
Compiling module xil_defaultlib.glbl
Compiling module fifo_generator_v13_2_1.fifo_generator_v13_2_1_sync_stag...
Compiling module fifo_generator_v13_2_1.fifo_generator_v13_2_1_bhv_ver_a...
Compiling module fifo_generator_v13_2_1.fifo_generator_v13_2_1_CONV_VER(...
Compiling module fifo_generator_v13_2_1.fifo_generator_vlog_beh(C_DATA_C...
Compiling module fifo_generator_v13_2_1.fifo_generator_v13_2_1(C_EN_SAFE...
Compiling module xil_defaultlib.design_1_fifo_generator_0_0
Compiling architecture xadc_v of entity unisim.XADC [\XADC(init_40="0000000000000011"...]
Compiling architecture xilinx of entity xil_defaultlib.design_1_xadc_wiz_0_0 [design_1_xadc_wiz_0_0_default]
Compiling module xlslice_v1_0_1.xlslice_v1_0_1_xlslice(DIN_WIDTH...
Compiling module xil_defaultlib.design_1_xlslice_0_0
Compiling architecture structure of entity xil_defaultlib.design_1 [design_1_default]
Compiling architecture behavioral of entity xil_defaultlib.prueba_xadc_tb
Built simulation snapshot prueba_xadc_tb_behav
run_program: Time (s): cpu = 00:00:00 ; elapsed = 00:00:05 . Memory (MB): peak = 765.754 ; gain = 0.000
INFO: [USF-XSim-69] 'elaborate' step finished in '5' seconds
INFO: [USF-XSim-4] XSim::Simulate design
INFO: [USF-XSim-61] Executing 'SIMULATE' step in 'C:/Users/Paula/Downloads/FIFO_XADC/P1_fifo_xadc.sim/sim_1/behav/xsim'
INFO: [USF-XSim-98] *** Running xsim
   with args "prueba_xadc_tb_behav -key {Behavioral:sim_1:Functional:prueba_xadc_tb} -tclbatch {prueba_xadc_tb.tcl} -view {C:/Users/Paula/Downloads/FIFO_XADC/P1_fifo_xadc.srcs/sim_1/imports/xadc_2017v4/prueba_xadc_tb_behav.wcfg} -log {simulate.log}"
INFO: [USF-XSim-8] Loading simulator feature
Vivado Simulator 2017.4
ERROR: File C:\Users\pbartolome\Downloads\FIFO_XADC\FIFO_output.txt could not be opened
on HDL file C:/Users/Paula/Downloads/FIFO_XADC/P1_fifo_xadc.srcs/sim_1/imports/Documents/prueba_xadc_tb.vhd line 163
ERROR: [Simtcl 6-50] Simulation engine failed to start: The Simulation shut down unexpectedly during initialization.
Please see the Tcl Console or the Messages for details.

ERROR: [USF-XSim-62] 'simulate' step failed with errors. Please check the Tcl console or log files for more information.
ERROR: [Vivado 12-4473] Detected error while running simulation. Please correct the issue and retry this operation.
launch_simulation: Time (s): cpu = 00:00:02 ; elapsed = 00:00:13 . Memory (MB): peak = 765.754 ; gain = 0.000
ERROR: [Common 17-39] 'launch_simulation' failed due to earlier errors.
launch_simulation
INFO: [Vivado 12-5682] Launching behavioral simulation in 'C:/Users/Paula/Downloads/FIFO_XADC/P1_fifo_xadc.sim/sim_1/behav/xsim'
INFO: [Vivado 12-4795] Using compiled simulation libraries for IPs
INFO: [SIM-utils-51] Simulation object is 'sim_1'
INFO: [USF-XSim-7] Finding pre-compiled libraries...
INFO: [USF-XSim-11] File 'D:/Xilinx/Vivado/2017.4/data/xsim/ip/xsim_ip.ini' copied to run dir:'C:/Users/Paula/Downloads/FIFO_XADC/P1_fifo_xadc.sim/sim_1/behav/xsim'
INFO: [SIM-utils-54] Inspecting design source files for 'prueba_xadc_tb' in fileset 'sim_1'...
INFO: [SIM-utils-43] Exported 'C:/Users/Paula/Downloads/FIFO_XADC/P1_fifo_xadc.sim/sim_1/behav/xsim/design.txt'
INFO: [USF-XSim-97] Finding global include files...
INFO: [USF-XSim-98] Fetching design files from 'sim_1'...
INFO: [USF-XSim-2] XSim::Compile design
INFO: [USF-XSim-61] Executing 'COMPILE and ANALYZE' step in 'C:/Users/Paula/Downloads/FIFO_XADC/P1_fifo_xadc.sim/sim_1/behav/xsim'
"xvlog --incr --relax -prj prueba_xadc_tb_vlog.prj"
"xvhdl --incr --relax -prj prueba_xadc_tb_vhdl.prj"
INFO: [VRFC 10-163] Analyzing VHDL file "C:/Users/Paula/Downloads/FIFO_XADC/P1_fifo_xadc.srcs/sim_1/imports/Documents/prueba_xadc_tb.vhd" into library xil_defaultlib
INFO: [VRFC 10-307] analyzing entity prueba_xadc_tb
INFO: [USF-XSim-69] 'compile' step finished in '3' seconds
INFO: [USF-XSim-3] XSim::Elaborate design
INFO: [USF-XSim-61] Executing 'ELABORATE' step in 'C:/Users/Paula/Downloads/FIFO_XADC/P1_fifo_xadc.sim/sim_1/behav/xsim'
Vivado Simulator 2017.4
Copyright 1986-1999, 2001-2016 Xilinx, Inc. All Rights Reserved.
Running: D:/Xilinx/Vivado/2017.4/bin/unwrapped/win64.o/xelab.exe -wto e06165ee33124632814c5567ac626386 --incr --debug typical --relax --mt 2 -L xil_defaultlib -L xlslice_v1_0_1 -L fifo_generator_v13_2_1 -L unisims_ver -L unimacro_ver -L secureip -L xpm --snapshot prueba_xadc_tb_behav xil_defaultlib.prueba_xadc_tb xil_defaultlib.glbl -log elaborate.log 
Using 2 slave threads.
Starting static elaboration
Completed static elaboration
Starting simulation data flow analysis
Completed simulation data flow analysis
Time Resolution for simulation is 1ps
Compiling package std.standard
Compiling package std.textio
Compiling package ieee.std_logic_1164
Compiling package ieee.std_logic_arith
Compiling package ieee.std_logic_unsigned
Compiling package ieee.std_logic_textio
Compiling package ieee.numeric_std
Compiling package unisim.vcomponents
Compiling package ieee.std_logic_signed
Compiling package ieee.vital_timing
Compiling package ieee.vital_primitives
Compiling package unisim.vpkg
Compiling package vl.vl_types
Compiling module xil_defaultlib.glbl
Compiling module fifo_generator_v13_2_1.fifo_generator_v13_2_1_sync_stag...
Compiling module fifo_generator_v13_2_1.fifo_generator_v13_2_1_bhv_ver_a...
Compiling module fifo_generator_v13_2_1.fifo_generator_v13_2_1_CONV_VER(...
Compiling module fifo_generator_v13_2_1.fifo_generator_vlog_beh(C_DATA_C...
Compiling module fifo_generator_v13_2_1.fifo_generator_v13_2_1(C_EN_SAFE...
Compiling module xil_defaultlib.design_1_fifo_generator_0_0
Compiling architecture xadc_v of entity unisim.XADC [\XADC(init_40="0000000000000011"...]
Compiling architecture xilinx of entity xil_defaultlib.design_1_xadc_wiz_0_0 [design_1_xadc_wiz_0_0_default]
Compiling module xlslice_v1_0_1.xlslice_v1_0_1_xlslice(DIN_WIDTH...
Compiling module xil_defaultlib.design_1_xlslice_0_0
Compiling architecture structure of entity xil_defaultlib.design_1 [design_1_default]
Compiling architecture behavioral of entity xil_defaultlib.prueba_xadc_tb
Built simulation snapshot prueba_xadc_tb_behav
INFO: [USF-XSim-69] 'elaborate' step finished in '5' seconds
INFO: [USF-XSim-4] XSim::Simulate design
INFO: [USF-XSim-61] Executing 'SIMULATE' step in 'C:/Users/Paula/Downloads/FIFO_XADC/P1_fifo_xadc.sim/sim_1/behav/xsim'
INFO: [USF-XSim-98] *** Running xsim
   with args "prueba_xadc_tb_behav -key {Behavioral:sim_1:Functional:prueba_xadc_tb} -tclbatch {prueba_xadc_tb.tcl} -view {C:/Users/Paula/Downloads/FIFO_XADC/P1_fifo_xadc.srcs/sim_1/imports/xadc_2017v4/prueba_xadc_tb_behav.wcfg} -log {simulate.log}"
INFO: [USF-XSim-8] Loading simulator feature
Vivado Simulator 2017.4
Time resolution is 1 ps
ERROR: [Simulator 45-7] No such file 'C:/Users/pbartolome/Downloads/FIFO_XADC/P1_fifo_xadc.srcs/sim_1/imports/Documents/prueba_xadc_tb.vhd' in the design.

ERROR: [USF-XSim-62] 'simulate' step failed with errors. Please check the Tcl console or log files for more information.
ERROR: [Vivado 12-4473] Detected error while running simulation. Please correct the issue and retry this operation.
launch_simulation: Time (s): cpu = 00:00:02 ; elapsed = 00:00:10 . Memory (MB): peak = 785.699 ; gain = 0.000
ERROR: [Common 17-39] 'launch_simulation' failed due to earlier errors.
INFO: [Simtcl 6-16] Simulation closed
launch_simulation
INFO: [Vivado 12-5682] Launching behavioral simulation in 'C:/Users/Paula/Downloads/FIFO_XADC/P1_fifo_xadc.sim/sim_1/behav/xsim'
INFO: [Vivado 12-4795] Using compiled simulation libraries for IPs
INFO: [SIM-utils-51] Simulation object is 'sim_1'
INFO: [USF-XSim-7] Finding pre-compiled libraries...
INFO: [USF-XSim-11] File 'D:/Xilinx/Vivado/2017.4/data/xsim/ip/xsim_ip.ini' copied to run dir:'C:/Users/Paula/Downloads/FIFO_XADC/P1_fifo_xadc.sim/sim_1/behav/xsim'
INFO: [SIM-utils-54] Inspecting design source files for 'prueba_xadc_tb' in fileset 'sim_1'...
INFO: [SIM-utils-43] Exported 'C:/Users/Paula/Downloads/FIFO_XADC/P1_fifo_xadc.sim/sim_1/behav/xsim/design.txt'
INFO: [USF-XSim-97] Finding global include files...
INFO: [USF-XSim-98] Fetching design files from 'sim_1'...
INFO: [USF-XSim-2] XSim::Compile design
INFO: [USF-XSim-61] Executing 'COMPILE and ANALYZE' step in 'C:/Users/Paula/Downloads/FIFO_XADC/P1_fifo_xadc.sim/sim_1/behav/xsim'
"xvlog --incr --relax -prj prueba_xadc_tb_vlog.prj"
"xvhdl --incr --relax -prj prueba_xadc_tb_vhdl.prj"
INFO: [USF-XSim-69] 'compile' step finished in '3' seconds
INFO: [USF-XSim-3] XSim::Elaborate design
INFO: [USF-XSim-61] Executing 'ELABORATE' step in 'C:/Users/Paula/Downloads/FIFO_XADC/P1_fifo_xadc.sim/sim_1/behav/xsim'
Vivado Simulator 2017.4
Copyright 1986-1999, 2001-2016 Xilinx, Inc. All Rights Reserved.
Running: D:/Xilinx/Vivado/2017.4/bin/unwrapped/win64.o/xelab.exe -wto e06165ee33124632814c5567ac626386 --incr --debug typical --relax --mt 2 -L xil_defaultlib -L xlslice_v1_0_1 -L fifo_generator_v13_2_1 -L unisims_ver -L unimacro_ver -L secureip -L xpm --snapshot prueba_xadc_tb_behav xil_defaultlib.prueba_xadc_tb xil_defaultlib.glbl -log elaborate.log 
Using 2 slave threads.
Starting static elaboration
Completed static elaboration
INFO: [XSIM 43-4323] No Change in HDL. Linking previously generated obj files to create kernel
INFO: [USF-XSim-69] 'elaborate' step finished in '2' seconds
INFO: [USF-XSim-4] XSim::Simulate design
INFO: [USF-XSim-61] Executing 'SIMULATE' step in 'C:/Users/Paula/Downloads/FIFO_XADC/P1_fifo_xadc.sim/sim_1/behav/xsim'
INFO: [USF-XSim-98] *** Running xsim
   with args "prueba_xadc_tb_behav -key {Behavioral:sim_1:Functional:prueba_xadc_tb} -tclbatch {prueba_xadc_tb.tcl} -view {C:/Users/Paula/Downloads/FIFO_XADC/P1_fifo_xadc.srcs/sim_1/imports/xadc_2017v4/prueba_xadc_tb_behav.wcfg} -log {simulate.log}"
INFO: [USF-XSim-8] Loading simulator feature
Vivado Simulator 2017.4
Time resolution is 1 ps
ERROR: [Simulator 45-7] No such file 'C:/Users/pbartolome/Downloads/FIFO_XADC/P1_fifo_xadc.srcs/sim_1/imports/Documents/prueba_xadc_tb.vhd' in the design.

ERROR: [USF-XSim-62] 'simulate' step failed with errors. Please check the Tcl console or log files for more information.
ERROR: [Vivado 12-4473] Detected error while running simulation. Please correct the issue and retry this operation.
launch_simulation: Time (s): cpu = 00:00:01 ; elapsed = 00:00:07 . Memory (MB): peak = 790.969 ; gain = 0.000
ERROR: [Common 17-39] 'launch_simulation' failed due to earlier errors.
export_ip_user_files -of_objects  [get_files C:/Users/Paula/Downloads/FIFO_XADC/P1_fifo_xadc.srcs/sim_1/imports/Documents/prueba_xadc_tb.vhd] -no_script -reset -force -quiet
remove_files  -fileset sim_1 C:/Users/Paula/Downloads/FIFO_XADC/P1_fifo_xadc.srcs/sim_1/imports/Documents/prueba_xadc_tb.vhd
set_property SOURCE_SET sources_1 [get_filesets sim_1]
add_files -fileset sim_1 -norecurse C:/Users/Paula/Downloads/FIFO_XADC/P1_fifo_xadc.srcs/sim_1/imports/Documents/prueba_xadc_tb.vhd
update_compile_order -fileset sim_1
INFO: [Simtcl 6-16] Simulation closed
launch_simulation
INFO: [Vivado 12-5682] Launching behavioral simulation in 'C:/Users/Paula/Downloads/FIFO_XADC/P1_fifo_xadc.sim/sim_1/behav/xsim'
INFO: [Vivado 12-4795] Using compiled simulation libraries for IPs
INFO: [SIM-utils-51] Simulation object is 'sim_1'
INFO: [USF-XSim-7] Finding pre-compiled libraries...
INFO: [USF-XSim-11] File 'D:/Xilinx/Vivado/2017.4/data/xsim/ip/xsim_ip.ini' copied to run dir:'C:/Users/Paula/Downloads/FIFO_XADC/P1_fifo_xadc.sim/sim_1/behav/xsim'
INFO: [SIM-utils-54] Inspecting design source files for 'prueba_xadc_tb' in fileset 'sim_1'...
INFO: [SIM-utils-43] Exported 'C:/Users/Paula/Downloads/FIFO_XADC/P1_fifo_xadc.sim/sim_1/behav/xsim/design.txt'
INFO: [USF-XSim-97] Finding global include files...
INFO: [USF-XSim-98] Fetching design files from 'sim_1'...
INFO: [USF-XSim-2] XSim::Compile design
INFO: [USF-XSim-61] Executing 'COMPILE and ANALYZE' step in 'C:/Users/Paula/Downloads/FIFO_XADC/P1_fifo_xadc.sim/sim_1/behav/xsim'
"xvlog --incr --relax -prj prueba_xadc_tb_vlog.prj"
"xvhdl --incr --relax -prj prueba_xadc_tb_vhdl.prj"
INFO: [USF-XSim-69] 'compile' step finished in '5' seconds
INFO: [USF-XSim-3] XSim::Elaborate design
INFO: [USF-XSim-61] Executing 'ELABORATE' step in 'C:/Users/Paula/Downloads/FIFO_XADC/P1_fifo_xadc.sim/sim_1/behav/xsim'
Vivado Simulator 2017.4
Copyright 1986-1999, 2001-2016 Xilinx, Inc. All Rights Reserved.
Running: D:/Xilinx/Vivado/2017.4/bin/unwrapped/win64.o/xelab.exe -wto e06165ee33124632814c5567ac626386 --incr --debug typical --relax --mt 2 -L xil_defaultlib -L xlslice_v1_0_1 -L fifo_generator_v13_2_1 -L unisims_ver -L unimacro_ver -L secureip -L xpm --snapshot prueba_xadc_tb_behav xil_defaultlib.prueba_xadc_tb xil_defaultlib.glbl -log elaborate.log 
Using 2 slave threads.
Starting static elaboration
Completed static elaboration
INFO: [XSIM 43-4323] No Change in HDL. Linking previously generated obj files to create kernel
INFO: [USF-XSim-69] 'elaborate' step finished in '2' seconds
INFO: [USF-XSim-4] XSim::Simulate design
INFO: [USF-XSim-61] Executing 'SIMULATE' step in 'C:/Users/Paula/Downloads/FIFO_XADC/P1_fifo_xadc.sim/sim_1/behav/xsim'
INFO: [USF-XSim-98] *** Running xsim
   with args "prueba_xadc_tb_behav -key {Behavioral:sim_1:Functional:prueba_xadc_tb} -tclbatch {prueba_xadc_tb.tcl} -view {C:/Users/Paula/Downloads/FIFO_XADC/P1_fifo_xadc.srcs/sim_1/imports/xadc_2017v4/prueba_xadc_tb_behav.wcfg} -log {simulate.log}"
INFO: [USF-XSim-8] Loading simulator feature
Vivado Simulator 2017.4
Time resolution is 1 ps
ERROR: [Simulator 45-7] No such file 'C:/Users/pbartolome/Downloads/FIFO_XADC/P1_fifo_xadc.srcs/sim_1/imports/Documents/prueba_xadc_tb.vhd' in the design.

ERROR: [USF-XSim-62] 'simulate' step failed with errors. Please check the Tcl console or log files for more information.
ERROR: [Vivado 12-4473] Detected error while running simulation. Please correct the issue and retry this operation.
launch_simulation: Time (s): cpu = 00:00:01 ; elapsed = 00:00:10 . Memory (MB): peak = 807.645 ; gain = 0.000
ERROR: [Common 17-39] 'launch_simulation' failed due to earlier errors.
set_property INCREMENTAL false [get_filesets sim_1]
INFO: [Simtcl 6-16] Simulation closed
launch_simulation
INFO: [Vivado 12-5682] Launching behavioral simulation in 'C:/Users/Paula/Downloads/FIFO_XADC/P1_fifo_xadc.sim/sim_1/behav/xsim'
INFO: [Vivado 12-4795] Using compiled simulation libraries for IPs
INFO: [SIM-utils-51] Simulation object is 'sim_1'
INFO: [USF-XSim-7] Finding pre-compiled libraries...
INFO: [USF-XSim-11] File 'D:/Xilinx/Vivado/2017.4/data/xsim/ip/xsim_ip.ini' copied to run dir:'C:/Users/Paula/Downloads/FIFO_XADC/P1_fifo_xadc.sim/sim_1/behav/xsim'
INFO: [SIM-utils-54] Inspecting design source files for 'prueba_xadc_tb' in fileset 'sim_1'...
INFO: [SIM-utils-43] Exported 'C:/Users/Paula/Downloads/FIFO_XADC/P1_fifo_xadc.sim/sim_1/behav/xsim/design.txt'
INFO: [USF-XSim-97] Finding global include files...
INFO: [USF-XSim-98] Fetching design files from 'sim_1'...
INFO: [USF-XSim-2] XSim::Compile design
INFO: [USF-XSim-61] Executing 'COMPILE and ANALYZE' step in 'C:/Users/Paula/Downloads/FIFO_XADC/P1_fifo_xadc.sim/sim_1/behav/xsim'
"xvlog --relax -prj prueba_xadc_tb_vlog.prj"
INFO: [VRFC 10-2263] Analyzing Verilog file "C:/Users/Paula/Downloads/FIFO_XADC/P1_fifo_xadc.ip_user_files/bd/design_1/ip/design_1_xlslice_0_0/sim/design_1_xlslice_0_0.v" into library xil_defaultlib
INFO: [VRFC 10-311] analyzing module design_1_xlslice_0_0
INFO: [VRFC 10-2263] Analyzing Verilog file "C:/Users/Paula/Downloads/FIFO_XADC/P1_fifo_xadc.ip_user_files/bd/design_1/ip/design_1_fifo_generator_0_0/sim/design_1_fifo_generator_0_0.v" into library xil_defaultlib
INFO: [VRFC 10-311] analyzing module design_1_fifo_generator_0_0
INFO: [VRFC 10-2263] Analyzing Verilog file "C:/Users/Paula/Downloads/FIFO_XADC/P1_fifo_xadc.sim/sim_1/behav/xsim/glbl.v" into library xil_defaultlib
INFO: [VRFC 10-311] analyzing module glbl
"xvhdl --relax -prj prueba_xadc_tb_vhdl.prj"
INFO: [VRFC 10-163] Analyzing VHDL file "C:/Users/Paula/Downloads/FIFO_XADC/P1_fifo_xadc.ip_user_files/bd/design_1/ip/design_1_xadc_wiz_0_0/design_1_xadc_wiz_0_0.vhd" into library xil_defaultlib
INFO: [VRFC 10-307] analyzing entity design_1_xadc_wiz_0_0
INFO: [VRFC 10-163] Analyzing VHDL file "C:/Users/Paula/Downloads/FIFO_XADC/P1_fifo_xadc.ip_user_files/bd/design_1/sim/design_1.vhd" into library xil_defaultlib
INFO: [VRFC 10-307] analyzing entity design_1
INFO: [VRFC 10-163] Analyzing VHDL file "C:/Users/Paula/Downloads/FIFO_XADC/P1_fifo_xadc.srcs/sim_1/imports/Documents/prueba_xadc_tb.vhd" into library xil_defaultlib
INFO: [VRFC 10-307] analyzing entity prueba_xadc_tb
INFO: [USF-XSim-69] 'compile' step finished in '3' seconds
INFO: [USF-XSim-3] XSim::Elaborate design
INFO: [USF-XSim-61] Executing 'ELABORATE' step in 'C:/Users/Paula/Downloads/FIFO_XADC/P1_fifo_xadc.sim/sim_1/behav/xsim'
Vivado Simulator 2017.4
Copyright 1986-1999, 2001-2016 Xilinx, Inc. All Rights Reserved.
Running: D:/Xilinx/Vivado/2017.4/bin/unwrapped/win64.o/xelab.exe -wto e06165ee33124632814c5567ac626386 --debug typical --relax --mt 2 -L xil_defaultlib -L xlslice_v1_0_1 -L fifo_generator_v13_2_1 -L unisims_ver -L unimacro_ver -L secureip -L xpm --snapshot prueba_xadc_tb_behav xil_defaultlib.prueba_xadc_tb xil_defaultlib.glbl -log elaborate.log 
Using 2 slave threads.
Starting static elaboration
Completed static elaboration
Starting simulation data flow analysis
Completed simulation data flow analysis
Time Resolution for simulation is 1ps
Compiling package std.standard
Compiling package std.textio
Compiling package ieee.std_logic_1164
Compiling package ieee.std_logic_arith
Compiling package ieee.std_logic_unsigned
Compiling package ieee.std_logic_textio
Compiling package ieee.numeric_std
Compiling package unisim.vcomponents
Compiling package ieee.std_logic_signed
Compiling package ieee.vital_timing
Compiling package ieee.vital_primitives
Compiling package unisim.vpkg
Compiling package vl.vl_types
Compiling module xil_defaultlib.glbl
Compiling module fifo_generator_v13_2_1.fifo_generator_v13_2_1_sync_stag...
Compiling module fifo_generator_v13_2_1.fifo_generator_v13_2_1_bhv_ver_a...
Compiling module fifo_generator_v13_2_1.fifo_generator_v13_2_1_CONV_VER(...
Compiling module fifo_generator_v13_2_1.fifo_generator_vlog_beh(C_DATA_C...
Compiling module fifo_generator_v13_2_1.fifo_generator_v13_2_1(C_EN_SAFE...
Compiling module xil_defaultlib.design_1_fifo_generator_0_0
Compiling architecture xadc_v of entity unisim.XADC [\XADC(init_40="0000000000000011"...]
Compiling architecture xilinx of entity xil_defaultlib.design_1_xadc_wiz_0_0 [design_1_xadc_wiz_0_0_default]
Compiling module xlslice_v1_0_1.xlslice_v1_0_1_xlslice(DIN_WIDTH...
Compiling module xil_defaultlib.design_1_xlslice_0_0
Compiling architecture structure of entity xil_defaultlib.design_1 [design_1_default]
Compiling architecture behavioral of entity xil_defaultlib.prueba_xadc_tb
Built simulation snapshot prueba_xadc_tb_behav

****** Webtalk v2017.4 (64-bit)
  **** SW Build 2086221 on Fri Dec 15 20:55:39 MST 2017
  **** IP Build 2085800 on Fri Dec 15 22:25:07 MST 2017
    ** Copyright 1986-2017 Xilinx, Inc. All Rights Reserved.

source C:/Users/Paula/Downloads/FIFO_XADC/P1_fifo_xadc.sim/sim_1/behav/xsim/xsim.dir/prueba_xadc_tb_behav/webtalk/xsim_webtalk.tcl -notrace
INFO: [Common 17-206] Exiting Webtalk at Fri Nov 17 13:45:32 2023...
run_program: Time (s): cpu = 00:00:00 ; elapsed = 00:00:09 . Memory (MB): peak = 823.473 ; gain = 0.000
INFO: [USF-XSim-69] 'elaborate' step finished in '9' seconds
INFO: [USF-XSim-4] XSim::Simulate design
INFO: [USF-XSim-61] Executing 'SIMULATE' step in 'C:/Users/Paula/Downloads/FIFO_XADC/P1_fifo_xadc.sim/sim_1/behav/xsim'
INFO: [USF-XSim-98] *** Running xsim
   with args "prueba_xadc_tb_behav -key {Behavioral:sim_1:Functional:prueba_xadc_tb} -tclbatch {prueba_xadc_tb.tcl} -view {C:/Users/Paula/Downloads/FIFO_XADC/P1_fifo_xadc.srcs/sim_1/imports/xadc_2017v4/prueba_xadc_tb_behav.wcfg} -log {simulate.log}"
INFO: [USF-XSim-8] Loading simulator feature
Vivado Simulator 2017.4
Time resolution is 1 ps
open_wave_config C:/Users/Paula/Downloads/FIFO_XADC/P1_fifo_xadc.srcs/sim_1/imports/xadc_2017v4/prueba_xadc_tb_behav.wcfg
source prueba_xadc_tb.tcl
# set curr_wave [current_wave_config]
# if { [string length $curr_wave] == 0 } {
#   if { [llength [get_objects]] > 0} {
#     add_wave /
#     set_property needs_save false [current_wave_config]
#   } else {
#      send_msg_id Add_Wave-1 WARNING "No top level signals found. Simulator will start without a wave window. If you want to open a wave window go to 'File->New Waveform Configuration' or type 'create_wave_config' in the TCL console."
#   }
# }
# run 1000ns
WARNING: Behavioral models for independent clock FIFO configurations do not model synchronization delays. The behavioral models are functionally correct, and will represent the behavior of the configured FIFO. See the FIFO Generator User Guide for more information.
INFO: [USF-XSim-96] XSim completed. Design snapshot 'prueba_xadc_tb_behav' loaded.
INFO: [USF-XSim-97] XSim simulation ran for 1000ns
launch_simulation: Time (s): cpu = 00:00:06 ; elapsed = 00:00:17 . Memory (MB): peak = 827.797 ; gain = 4.324
run 1000 ns
run 1000 ns
run all
Failure: Fin simulacion
Time: 202270855 ps  Iteration: 1  Process: /prueba_xadc_tb/stimulus  File: C:/Users/Paula/Downloads/FIFO_XADC/P1_fifo_xadc.srcs/sim_1/imports/Documents/prueba_xadc_tb.vhd
$finish called at time : 202270855 ps : File "C:/Users/Paula/Downloads/FIFO_XADC/P1_fifo_xadc.srcs/sim_1/imports/Documents/prueba_xadc_tb.vhd" Line 216
close_sim
INFO: [Simtcl 6-16] Simulation closed
launch_simulation
INFO: [Vivado 12-5682] Launching behavioral simulation in 'C:/Users/Paula/Downloads/FIFO_XADC/P1_fifo_xadc.sim/sim_1/behav/xsim'
INFO: [Vivado 12-4795] Using compiled simulation libraries for IPs
INFO: [SIM-utils-51] Simulation object is 'sim_1'
INFO: [USF-XSim-7] Finding pre-compiled libraries...
INFO: [USF-XSim-11] File 'D:/Xilinx/Vivado/2017.4/data/xsim/ip/xsim_ip.ini' copied to run dir:'C:/Users/Paula/Downloads/FIFO_XADC/P1_fifo_xadc.sim/sim_1/behav/xsim'
INFO: [SIM-utils-54] Inspecting design source files for 'prueba_xadc_tb' in fileset 'sim_1'...
INFO: [SIM-utils-43] Exported 'C:/Users/Paula/Downloads/FIFO_XADC/P1_fifo_xadc.sim/sim_1/behav/xsim/design.txt'
INFO: [USF-XSim-97] Finding global include files...
INFO: [USF-XSim-98] Fetching design files from 'sim_1'...
INFO: [USF-XSim-2] XSim::Compile design
INFO: [USF-XSim-61] Executing 'COMPILE and ANALYZE' step in 'C:/Users/Paula/Downloads/FIFO_XADC/P1_fifo_xadc.sim/sim_1/behav/xsim'
"xvlog --relax -prj prueba_xadc_tb_vlog.prj"
INFO: [VRFC 10-2263] Analyzing Verilog file "C:/Users/Paula/Downloads/FIFO_XADC/P1_fifo_xadc.ip_user_files/bd/design_1/ip/design_1_xlslice_0_0/sim/design_1_xlslice_0_0.v" into library xil_defaultlib
INFO: [VRFC 10-311] analyzing module design_1_xlslice_0_0
INFO: [VRFC 10-2263] Analyzing Verilog file "C:/Users/Paula/Downloads/FIFO_XADC/P1_fifo_xadc.ip_user_files/bd/design_1/ip/design_1_fifo_generator_0_0/sim/design_1_fifo_generator_0_0.v" into library xil_defaultlib
INFO: [VRFC 10-311] analyzing module design_1_fifo_generator_0_0
INFO: [VRFC 10-2263] Analyzing Verilog file "C:/Users/Paula/Downloads/FIFO_XADC/P1_fifo_xadc.sim/sim_1/behav/xsim/glbl.v" into library xil_defaultlib
INFO: [VRFC 10-311] analyzing module glbl
"xvhdl --relax -prj prueba_xadc_tb_vhdl.prj"
INFO: [VRFC 10-163] Analyzing VHDL file "C:/Users/Paula/Downloads/FIFO_XADC/P1_fifo_xadc.ip_user_files/bd/design_1/ip/design_1_xadc_wiz_0_0/design_1_xadc_wiz_0_0.vhd" into library xil_defaultlib
INFO: [VRFC 10-307] analyzing entity design_1_xadc_wiz_0_0
INFO: [VRFC 10-163] Analyzing VHDL file "C:/Users/Paula/Downloads/FIFO_XADC/P1_fifo_xadc.ip_user_files/bd/design_1/sim/design_1.vhd" into library xil_defaultlib
INFO: [VRFC 10-307] analyzing entity design_1
INFO: [VRFC 10-163] Analyzing VHDL file "C:/Users/Paula/Downloads/FIFO_XADC/P1_fifo_xadc.srcs/sim_1/imports/Documents/prueba_xadc_tb.vhd" into library xil_defaultlib
INFO: [VRFC 10-307] analyzing entity prueba_xadc_tb
INFO: [USF-XSim-69] 'compile' step finished in '2' seconds
INFO: [USF-XSim-3] XSim::Elaborate design
INFO: [USF-XSim-61] Executing 'ELABORATE' step in 'C:/Users/Paula/Downloads/FIFO_XADC/P1_fifo_xadc.sim/sim_1/behav/xsim'
Vivado Simulator 2017.4
Copyright 1986-1999, 2001-2016 Xilinx, Inc. All Rights Reserved.
Running: D:/Xilinx/Vivado/2017.4/bin/unwrapped/win64.o/xelab.exe -wto e06165ee33124632814c5567ac626386 --debug typical --relax --mt 2 -L xil_defaultlib -L xlslice_v1_0_1 -L fifo_generator_v13_2_1 -L unisims_ver -L unimacro_ver -L secureip -L xpm --snapshot prueba_xadc_tb_behav xil_defaultlib.prueba_xadc_tb xil_defaultlib.glbl -log elaborate.log 
Using 2 slave threads.
Starting static elaboration
Completed static elaboration
Starting simulation data flow analysis
Completed simulation data flow analysis
Time Resolution for simulation is 1ps
Compiling package std.standard
Compiling package std.textio
Compiling package ieee.std_logic_1164
Compiling package ieee.std_logic_arith
Compiling package ieee.std_logic_unsigned
Compiling package ieee.std_logic_textio
Compiling package ieee.numeric_std
Compiling package unisim.vcomponents
Compiling package ieee.std_logic_signed
Compiling package ieee.vital_timing
Compiling package ieee.vital_primitives
Compiling package unisim.vpkg
Compiling package vl.vl_types
Compiling module xil_defaultlib.glbl
Compiling module fifo_generator_v13_2_1.fifo_generator_v13_2_1_sync_stag...
Compiling module fifo_generator_v13_2_1.fifo_generator_v13_2_1_bhv_ver_a...
Compiling module fifo_generator_v13_2_1.fifo_generator_v13_2_1_CONV_VER(...
Compiling module fifo_generator_v13_2_1.fifo_generator_vlog_beh(C_DATA_C...
Compiling module fifo_generator_v13_2_1.fifo_generator_v13_2_1(C_EN_SAFE...
Compiling module xil_defaultlib.design_1_fifo_generator_0_0
Compiling architecture xadc_v of entity unisim.XADC [\XADC(init_40="0000000000000011"...]
Compiling architecture xilinx of entity xil_defaultlib.design_1_xadc_wiz_0_0 [design_1_xadc_wiz_0_0_default]
Compiling module xlslice_v1_0_1.xlslice_v1_0_1_xlslice(DIN_WIDTH...
Compiling module xil_defaultlib.design_1_xlslice_0_0
Compiling architecture structure of entity xil_defaultlib.design_1 [design_1_default]
Compiling architecture behavioral of entity xil_defaultlib.prueba_xadc_tb
Built simulation snapshot prueba_xadc_tb_behav

****** Webtalk v2017.4 (64-bit)
  **** SW Build 2086221 on Fri Dec 15 20:55:39 MST 2017
  **** IP Build 2085800 on Fri Dec 15 22:25:07 MST 2017
    ** Copyright 1986-2017 Xilinx, Inc. All Rights Reserved.

source C:/Users/Paula/Downloads/FIFO_XADC/P1_fifo_xadc.sim/sim_1/behav/xsim/xsim.dir/prueba_xadc_tb_behav/webtalk/xsim_webtalk.tcl -notrace
INFO: [Common 17-206] Exiting Webtalk at Fri Nov 17 13:46:22 2023...
run_program: Time (s): cpu = 00:00:00 ; elapsed = 00:00:06 . Memory (MB): peak = 831.871 ; gain = 0.000
INFO: [USF-XSim-69] 'elaborate' step finished in '7' seconds
INFO: [USF-XSim-4] XSim::Simulate design
INFO: [USF-XSim-61] Executing 'SIMULATE' step in 'C:/Users/Paula/Downloads/FIFO_XADC/P1_fifo_xadc.sim/sim_1/behav/xsim'
INFO: [USF-XSim-98] *** Running xsim
   with args "prueba_xadc_tb_behav -key {Behavioral:sim_1:Functional:prueba_xadc_tb} -tclbatch {prueba_xadc_tb.tcl} -view {C:/Users/Paula/Downloads/FIFO_XADC/P1_fifo_xadc.srcs/sim_1/imports/xadc_2017v4/prueba_xadc_tb_behav.wcfg} -log {simulate.log}"
INFO: [USF-XSim-8] Loading simulator feature
Vivado Simulator 2017.4
Time resolution is 1 ps
open_wave_config C:/Users/Paula/Downloads/FIFO_XADC/P1_fifo_xadc.srcs/sim_1/imports/xadc_2017v4/prueba_xadc_tb_behav.wcfg
source prueba_xadc_tb.tcl
# set curr_wave [current_wave_config]
# if { [string length $curr_wave] == 0 } {
#   if { [llength [get_objects]] > 0} {
#     add_wave /
#     set_property needs_save false [current_wave_config]
#   } else {
#      send_msg_id Add_Wave-1 WARNING "No top level signals found. Simulator will start without a wave window. If you want to open a wave window go to 'File->New Waveform Configuration' or type 'create_wave_config' in the TCL console."
#   }
# }
# run 1000ns
WARNING: Behavioral models for independent clock FIFO configurations do not model synchronization delays. The behavioral models are functionally correct, and will represent the behavior of the configured FIFO. See the FIFO Generator User Guide for more information.
INFO: [USF-XSim-96] XSim completed. Design snapshot 'prueba_xadc_tb_behav' loaded.
INFO: [USF-XSim-97] XSim simulation ran for 1000ns
launch_simulation: Time (s): cpu = 00:00:04 ; elapsed = 00:00:12 . Memory (MB): peak = 835.031 ; gain = 3.160
run 1000 ns
run 1000 ns
run all
Failure: Fin simulacion
Time: 202270855 ps  Iteration: 1  Process: /prueba_xadc_tb/stimulus  File: C:/Users/Paula/Downloads/FIFO_XADC/P1_fifo_xadc.srcs/sim_1/imports/Documents/prueba_xadc_tb.vhd
$finish called at time : 202270855 ps : File "C:/Users/Paula/Downloads/FIFO_XADC/P1_fifo_xadc.srcs/sim_1/imports/Documents/prueba_xadc_tb.vhd" Line 216
run 1000 ns
run all
***** XADC Simulation Analog Data File Format ******
NAME: design.txt or user file name passed with generic sim_monitor_file
FORMAT: First line is header line. Valid column name are: TIME TEMP VCCINT VCCAUX VCCBRAM VCCPINT VCCPAUX VCCDDRO VP VN VAUXP[0] VAUXN[0] ....
TIME must be in first column.
Time value need to be integer in ns scale
Analog  value need to be real and contain a decimal  point '.', zero should be 0.0, 3 should be 3.0
Each line including header line can not have extra space after the last character/digit.
Each data line must have same number of columns as the header line.
Comment line start with -- or //
Example:
TIME TEMP VCCINT  VP VN VAUXP[0] VAUXN[0]
000  125.6  1.0  0.7  0.4  0.3  0.6
200  25.6   0.8  0.5  0.3  0.8  0.2
Failure:  Analog Data File Error : The time value should be integer in ns scale and the last time value needs bigger than simulation time.
Time: 492308 ns  Iteration: 0  Process: /prueba_xadc_tb/uut/xadc_wiz_0/U0/READFILE_P  File: D:\Xilinx\Vivado\2017.4\data/vhdl/src/unisims/primitive/XADC.vhd
$finish called at time : 492308 ns
save_wave_config {C:/Users/Paula/Downloads/FIFO_XADC/P1_fifo_xadc.srcs/sim_1/imports/xadc_2017v4/prueba_xadc_tb_behav.wcfg}
close_sim
INFO: [Simtcl 6-16] Simulation closed
exit
INFO: [Common 17-206] Exiting Vivado at Fri Nov 17 13:47:34 2023...
